{"numFailedTestSuites":1,"numFailedTests":0,"numPassedTestSuites":0,"numPassedTests":0,"numPendingTestSuites":0,"numPendingTests":0,"numRuntimeErrorTestSuites":1,"numTodoTests":0,"numTotalTestSuites":1,"numTotalTests":0,"openHandles":[],"snapshot":{"added":0,"didUpdate":false,"failure":false,"filesAdded":0,"filesRemoved":0,"filesRemovedList":[],"filesUnmatched":0,"filesUpdated":0,"matched":0,"total":0,"unchecked":0,"uncheckedKeysByFile":[],"unmatched":0,"updated":0},"startTime":1748842561051,"success":false,"testResults":[{"assertionResults":[],"coverage":{},"endTime":1748842648534,"message":"  \u001b[1m● \u001b[22mTest suite failed to run\n\n    \u001b[96msrc/routes/authRoutes.ts\u001b[0m:\u001b[93m2\u001b[0m:\u001b[93m10\u001b[0m - \u001b[91merror\u001b[0m\u001b[90m TS2305: \u001b[0mModule '\"express-validator\"' has no exported member 'body'.\n\n    \u001b[7m2\u001b[0m import { body } from 'express-validator';\n    \u001b[7m \u001b[0m \u001b[91m         ~~~~\u001b[0m\n    \u001b[96msrc/routes/authRoutes.ts\u001b[0m:\u001b[93m2\u001b[0m:\u001b[93m22\u001b[0m - \u001b[91merror\u001b[0m\u001b[90m TS2497: \u001b[0mThis module can only be referenced with ECMAScript imports/exports by turning on the 'esModuleInterop' flag and referencing its default export.\n\n    \u001b[7m2\u001b[0m import { body } from 'express-validator';\n    \u001b[7m \u001b[0m \u001b[91m                     ~~~~~~~~~~~~~~~~~~~\u001b[0m\n","name":"C:\\GIT\\Biasbuster\\Biasbuster\\__tests__\\api.test.js","startTime":1748842648534,"status":"failed","summary":""}],"wasInterrupted":false,"coverageMap":{"C:\\GIT\\Biasbuster\\Biasbuster\\src\\config\\database.ts":{"path":"C:\\GIT\\Biasbuster\\Biasbuster\\src\\config\\database.ts","statementMap":{"0":{"start":{"line":1,"column":0},"end":{"line":1,"column":32}},"1":{"start":{"line":4,"column":16},"end":{"line":10,"column":2}},"2":{"start":{"line":13,"column":25},"end":{"line":40,"column":1}},"3":{"start":{"line":14,"column":2},"end":{"line":39,"column":3}},"4":{"start":{"line":15,"column":24},"end":{"line":15,"column":89}},"5":{"start":{"line":17,"column":4},"end":{"line":17,"column":49}},"6":{"start":{"line":19,"column":4},"end":{"line":19,"column":50}},"7":{"start":{"line":22,"column":4},"end":{"line":24,"column":7}},"8":{"start":{"line":23,"column":6},"end":{"line":23,"column":54}},"9":{"start":{"line":26,"column":4},"end":{"line":28,"column":7}},"10":{"start":{"line":27,"column":6},"end":{"line":27,"column":71}},"11":{"start":{"line":30,"column":4},"end":{"line":34,"column":7}},"12":{"start":{"line":31,"column":6},"end":{"line":31,"column":40}},"13":{"start":{"line":32,"column":6},"end":{"line":32,"column":70}},"14":{"start":{"line":33,"column":6},"end":{"line":33,"column":22}},"15":{"start":{"line":37,"column":4},"end":{"line":37,"column":58}},"16":{"start":{"line":38,"column":4},"end":{"line":38,"column":20}},"17":{"start":{"line":13,"column":13},"end":{"line":13,"column":25}}},"fnMap":{"0":{"name":"(anonymous_1)","decl":{"start":{"line":13,"column":25},"end":{"line":13,"column":30}},"loc":{"start":{"line":13,"column":51},"end":{"line":40,"column":1}}},"1":{"name":"(anonymous_2)","decl":{"start":{"line":22,"column":36},"end":{"line":22,"column":39}},"loc":{"start":{"line":22,"column":42},"end":{"line":24,"column":5}}},"2":{"name":"(anonymous_3)","decl":{"start":{"line":26,"column":43},"end":{"line":26,"column":46}},"loc":{"start":{"line":26,"column":48},"end":{"line":28,"column":5}}},"3":{"name":"(anonymous_4)","decl":{"start":{"line":30,"column":25},"end":{"line":30,"column":30}},"loc":{"start":{"line":30,"column":36},"end":{"line":34,"column":5}}}},"branchMap":{"0":{"loc":{"start":{"line":15,"column":24},"end":{"line":15,"column":89}},"type":"binary-expr","locations":[{"start":{"line":15,"column":24},"end":{"line":15,"column":47}},{"start":{"line":15,"column":51},"end":{"line":15,"column":89}}]}},"s":{"0":0,"1":0,"2":0,"3":0,"4":0,"5":0,"6":0,"7":0,"8":0,"9":0,"10":0,"11":0,"12":0,"13":0,"14":0,"15":0,"16":0,"17":0},"f":{"0":0,"1":0,"2":0,"3":0},"b":{"0":[0,0]}},"C:\\GIT\\Biasbuster\\Biasbuster\\src\\index.ts":{"path":"C:\\GIT\\Biasbuster\\Biasbuster\\src\\index.ts","statementMap":{"0":{"start":{"line":1,"column":0},"end":{"line":1,"column":30}},"1":{"start":{"line":2,"column":0},"end":{"line":2,"column":28}},"2":{"start":{"line":3,"column":0},"end":{"line":3,"column":24}},"3":{"start":{"line":4,"column":0},"end":{"line":4,"column":24}},"4":{"start":{"line":6,"column":0},"end":{"line":6,"column":16}},"5":{"start":{"line":8,"column":12},"end":{"line":8,"column":21}},"6":{"start":{"line":60,"column":9},"end":{"line":60,"column":12}},"7":{"start":{"line":11,"column":0},"end":{"line":11,"column":16}},"8":{"start":{"line":12,"column":0},"end":{"line":12,"column":24}},"9":{"start":{"line":13,"column":0},"end":{"line":13,"column":65}},"10":{"start":{"line":16,"column":0},"end":{"line":16,"column":45}},"11":{"start":{"line":17,"column":0},"end":{"line":17,"column":53}},"12":{"start":{"line":18,"column":0},"end":{"line":18,"column":61}},"13":{"start":{"line":19,"column":0},"end":{"line":19,"column":53}},"14":{"start":{"line":20,"column":0},"end":{"line":20,"column":40}},"15":{"start":{"line":23,"column":0},"end":{"line":23,"column":33}},"16":{"start":{"line":24,"column":0},"end":{"line":24,"column":41}},"17":{"start":{"line":25,"column":0},"end":{"line":25,"column":49}},"18":{"start":{"line":26,"column":0},"end":{"line":26,"column":41}},"19":{"start":{"line":27,"column":0},"end":{"line":27,"column":31}},"20":{"start":{"line":30,"column":0},"end":{"line":34,"column":3}},"21":{"start":{"line":31,"column":4},"end":{"line":31,"column":55}},"22":{"start":{"line":33,"column":4},"end":{"line":33,"column":11}},"23":{"start":{"line":37,"column":0},"end":{"line":39,"column":3}},"24":{"start":{"line":38,"column":4},"end":{"line":38,"column":68}},"25":{"start":{"line":42,"column":0},"end":{"line":44,"column":3}},"26":{"start":{"line":43,"column":4},"end":{"line":43,"column":69}},"27":{"start":{"line":47,"column":0},"end":{"line":58,"column":3}},"28":{"start":{"line":48,"column":4},"end":{"line":48,"column":62}},"29":{"start":{"line":49,"column":4},"end":{"line":57,"column":5}},"30":{"start":{"line":50,"column":25},"end":{"line":50,"column":49}},"31":{"start":{"line":51,"column":8},"end":{"line":51,"column":42}},"32":{"start":{"line":52,"column":8},"end":{"line":52,"column":49}},"33":{"start":{"line":53,"column":8},"end":{"line":53,"column":24}},"34":{"start":{"line":55,"column":8},"end":{"line":55,"column":66}},"35":{"start":{"line":56,"column":8},"end":{"line":56,"column":24}}},"fnMap":{"0":{"name":"(anonymous_10)","decl":{"start":{"line":30,"column":8},"end":{"line":30,"column":9}},"loc":{"start":{"line":30,"column":28},"end":{"line":34,"column":1}}},"1":{"name":"(anonymous_11)","decl":{"start":{"line":37,"column":19},"end":{"line":37,"column":20}},"loc":{"start":{"line":37,"column":33},"end":{"line":39,"column":1}}},"2":{"name":"(anonymous_12)","decl":{"start":{"line":42,"column":13},"end":{"line":42,"column":14}},"loc":{"start":{"line":42,"column":27},"end":{"line":44,"column":1}}},"3":{"name":"(anonymous_13)","decl":{"start":{"line":47,"column":22},"end":{"line":47,"column":27}},"loc":{"start":{"line":47,"column":33},"end":{"line":58,"column":1}}},"4":{"name":"(anonymous_14)","decl":{"start":{"line":50,"column":25},"end":{"line":50,"column":38}},"loc":{"start":{"line":50,"column":25},"end":{"line":50,"column":49}}}},"branchMap":{},"s":{"0":0,"1":0,"2":0,"3":0,"4":0,"5":0,"6":0,"7":0,"8":0,"9":0,"10":0,"11":0,"12":0,"13":0,"14":0,"15":0,"16":0,"17":0,"18":0,"19":0,"20":0,"21":0,"22":0,"23":0,"24":0,"25":0,"26":0,"27":0,"28":0,"29":0,"30":0,"31":0,"32":0,"33":0,"34":0,"35":0},"f":{"0":0,"1":0,"2":0,"3":0,"4":0},"b":{}},"C:\\GIT\\Biasbuster\\Biasbuster\\src\\controllers\\perspectivesController.ts":{"path":"C:\\GIT\\Biasbuster\\Biasbuster\\src\\controllers\\perspectivesController.ts","statementMap":{"0":{"start":{"line":2,"column":0},"end":{"line":2,"column":71}},"1":{"start":{"line":6,"column":42},"end":{"line":27,"column":1}},"2":{"start":{"line":7,"column":4},"end":{"line":26,"column":5}},"3":{"start":{"line":9,"column":32},"end":{"line":9,"column":40}},"4":{"start":{"line":12,"column":33},"end":{"line":12,"column":95}},"5":{"start":{"line":14,"column":8},"end":{"line":17,"column":11}},"6":{"start":{"line":20,"column":8},"end":{"line":20,"column":76}},"7":{"start":{"line":21,"column":8},"end":{"line":25,"column":11}},"8":{"start":{"line":6,"column":13},"end":{"line":6,"column":42}},"9":{"start":{"line":31,"column":38},"end":{"line":52,"column":1}},"10":{"start":{"line":32,"column":4},"end":{"line":51,"column":5}},"11":{"start":{"line":34,"column":26},"end":{"line":34,"column":36}},"12":{"start":{"line":37,"column":34},"end":{"line":37,"column":98}},"13":{"start":{"line":40,"column":8},"end":{"line":42,"column":11}},"14":{"start":{"line":45,"column":8},"end":{"line":45,"column":71}},"15":{"start":{"line":46,"column":8},"end":{"line":50,"column":11}},"16":{"start":{"line":31,"column":13},"end":{"line":31,"column":38}}},"fnMap":{"0":{"name":"(anonymous_9)","decl":{"start":{"line":6,"column":42},"end":{"line":6,"column":47}},"loc":{"start":{"line":6,"column":95},"end":{"line":27,"column":1}}},"1":{"name":"(anonymous_10)","decl":{"start":{"line":31,"column":38},"end":{"line":31,"column":43}},"loc":{"start":{"line":31,"column":91},"end":{"line":52,"column":1}}}},"branchMap":{"0":{"loc":{"start":{"line":12,"column":81},"end":{"line":12,"column":94}},"type":"binary-expr","locations":[{"start":{"line":12,"column":81},"end":{"line":12,"column":85}},{"start":{"line":12,"column":89},"end":{"line":12,"column":94}}]}},"s":{"0":0,"1":0,"2":0,"3":0,"4":0,"5":0,"6":0,"7":0,"8":0,"9":0,"10":0,"11":0,"12":0,"13":0,"14":0,"15":0,"16":0},"f":{"0":0,"1":0},"b":{"0":[0,0]}},"C:\\GIT\\Biasbuster\\Biasbuster\\src\\mcp\\mcpServer.ts":{"path":"C:\\GIT\\Biasbuster\\Biasbuster\\src\\mcp\\mcpServer.ts","statementMap":{"0":{"start":{"line":89,"column":0},"end":{"line":89,"column":16}},"1":{"start":{"line":102,"column":0},"end":{"line":102,"column":16}},"2":{"start":{"line":1,"column":0},"end":{"line":1,"column":53}},"3":{"start":{"line":2,"column":0},"end":{"line":2,"column":38}},"4":{"start":{"line":5,"column":15},"end":{"line":5,"column":31}},"5":{"start":{"line":15,"column":0},"end":{"line":17,"column":3}},"6":{"start":{"line":16,"column":4},"end":{"line":16,"column":54}},"7":{"start":{"line":20,"column":0},"end":{"line":49,"column":3}},"8":{"start":{"line":21,"column":4},"end":{"line":48,"column":5}},"9":{"start":{"line":22,"column":34},"end":{"line":22,"column":42}},"10":{"start":{"line":24,"column":8},"end":{"line":27,"column":9}},"11":{"start":{"line":25,"column":12},"end":{"line":25,"column":77}},"12":{"start":{"line":26,"column":12},"end":{"line":26,"column":19}},"13":{"start":{"line":29,"column":43},"end":{"line":29,"column":75}},"14":{"start":{"line":32,"column":25},"end":{"line":39,"column":10}},"15":{"start":{"line":41,"column":8},"end":{"line":41,"column":27}},"16":{"start":{"line":43,"column":8},"end":{"line":43,"column":52}},"17":{"start":{"line":44,"column":8},"end":{"line":47,"column":11}},"18":{"start":{"line":52,"column":0},"end":{"line":73,"column":3}},"19":{"start":{"line":53,"column":4},"end":{"line":72,"column":5}},"20":{"start":{"line":54,"column":26},"end":{"line":54,"column":34}},"21":{"start":{"line":56,"column":8},"end":{"line":59,"column":9}},"22":{"start":{"line":57,"column":12},"end":{"line":57,"column":90}},"23":{"start":{"line":58,"column":12},"end":{"line":58,"column":19}},"24":{"start":{"line":61,"column":24},"end":{"line":62,"column":null}},"25":{"start":{"line":62,"column":30},"end":{"line":62,"column":47}},"26":{"start":{"line":65,"column":8},"end":{"line":65,"column":30}},"27":{"start":{"line":67,"column":8},"end":{"line":67,"column":58}},"28":{"start":{"line":68,"column":8},"end":{"line":71,"column":11}},"29":{"start":{"line":76,"column":0},"end":{"line":83,"column":3}},"30":{"start":{"line":77,"column":37},"end":{"line":77,"column":45}},"31":{"start":{"line":80,"column":4},"end":{"line":80,"column":73}},"32":{"start":{"line":82,"column":4},"end":{"line":82,"column":47}},"33":{"start":{"line":90,"column":16},"end":{"line":90,"column":25}},"34":{"start":{"line":91,"column":4},"end":{"line":91,"column":28}},"35":{"start":{"line":92,"column":4},"end":{"line":92,"column":25}},"36":{"start":{"line":94,"column":4},"end":{"line":96,"column":7}},"37":{"start":{"line":95,"column":8},"end":{"line":95,"column":63}},"38":{"start":{"line":103,"column":4},"end":{"line":103,"column":47}},"39":{"start":{"line":106,"column":4},"end":{"line":124,"column":7}},"40":{"start":{"line":107,"column":8},"end":{"line":123,"column":9}},"41":{"start":{"line":108,"column":26},"end":{"line":108,"column":53}},"42":{"start":{"line":109,"column":12},"end":{"line":117,"column":13}},"43":{"start":{"line":110,"column":31},"end":{"line":110,"column":75}},"44":{"start":{"line":111,"column":16},"end":{"line":111,"column":87}},"45":{"start":{"line":113,"column":16},"end":{"line":116,"column":27}},"46":{"start":{"line":119,"column":12},"end":{"line":122,"column":23}},"47":{"start":{"line":127,"column":0},"end":{"line":127,"column":22}}},"fnMap":{"0":{"name":"(anonymous_1)","decl":{"start":{"line":15,"column":22},"end":{"line":15,"column":23}},"loc":{"start":{"line":15,"column":55},"end":{"line":17,"column":1}}},"1":{"name":"(anonymous_2)","decl":{"start":{"line":20,"column":24},"end":{"line":20,"column":29}},"loc":{"start":{"line":20,"column":65},"end":{"line":49,"column":1}}},"2":{"name":"(anonymous_3)","decl":{"start":{"line":52,"column":30},"end":{"line":52,"column":35}},"loc":{"start":{"line":52,"column":68},"end":{"line":73,"column":1}}},"3":{"name":"(anonymous_4)","decl":{"start":{"line":62,"column":22},"end":{"line":62,"column":26}},"loc":{"start":{"line":62,"column":30},"end":{"line":62,"column":47}}},"4":{"name":"(anonymous_5)","decl":{"start":{"line":76,"column":25},"end":{"line":76,"column":26}},"loc":{"start":{"line":76,"column":57},"end":{"line":83,"column":1}}},"5":{"name":"startMcpHttpServer","decl":{"start":{"line":89,"column":16},"end":{"line":89,"column":34}},"loc":{"start":{"line":89,"column":47},"end":{"line":97,"column":1}}},"6":{"name":"(anonymous_7)","decl":{"start":{"line":94,"column":21},"end":{"line":94,"column":24}},"loc":{"start":{"line":94,"column":26},"end":{"line":96,"column":5}}},"7":{"name":"startMcpStdioTransport","decl":{"start":{"line":102,"column":16},"end":{"line":102,"column":38}},"loc":{"start":{"line":102,"column":38},"end":{"line":125,"column":1}}},"8":{"name":"(anonymous_9)","decl":{"start":{"line":106,"column":29},"end":{"line":106,"column":34}},"loc":{"start":{"line":106,"column":44},"end":{"line":124,"column":5}}}},"branchMap":{"0":{"loc":{"start":{"line":24,"column":8},"end":{"line":27,"column":9}},"type":"if","locations":[{"start":{"line":24,"column":8},"end":{"line":27,"column":9}}]},"1":{"loc":{"start":{"line":46,"column":21},"end":{"line":46,"column":79}},"type":"cond-expr","locations":[{"start":{"line":46,"column":62},"end":{"line":46,"column":67}},{"start":{"line":46,"column":70},"end":{"line":46,"column":79}}]},"2":{"loc":{"start":{"line":56,"column":8},"end":{"line":59,"column":9}},"type":"if","locations":[{"start":{"line":56,"column":8},"end":{"line":59,"column":9}}]},"3":{"loc":{"start":{"line":70,"column":21},"end":{"line":70,"column":79}},"type":"cond-expr","locations":[{"start":{"line":70,"column":62},"end":{"line":70,"column":67}},{"start":{"line":70,"column":70},"end":{"line":70,"column":79}}]},"4":{"loc":{"start":{"line":109,"column":12},"end":{"line":117,"column":13}},"type":"if","locations":[{"start":{"line":109,"column":12},"end":{"line":117,"column":13}},{"start":{"line":112,"column":19},"end":{"line":117,"column":13}}]},"5":{"loc":{"start":{"line":109,"column":16},"end":{"line":109,"column":54}},"type":"binary-expr","locations":[{"start":{"line":109,"column":16},"end":{"line":109,"column":40}},{"start":{"line":109,"column":44},"end":{"line":109,"column":54}}]}},"s":{"0":0,"1":0,"2":0,"3":0,"4":0,"5":0,"6":0,"7":0,"8":0,"9":0,"10":0,"11":0,"12":0,"13":0,"14":0,"15":0,"16":0,"17":0,"18":0,"19":0,"20":0,"21":0,"22":0,"23":0,"24":0,"25":0,"26":0,"27":0,"28":0,"29":0,"30":0,"31":0,"32":0,"33":0,"34":0,"35":0,"36":0,"37":0,"38":0,"39":0,"40":0,"41":0,"42":0,"43":0,"44":0,"45":0,"46":0,"47":0},"f":{"0":0,"1":0,"2":0,"3":0,"4":0,"5":0,"6":0,"7":0,"8":0},"b":{"0":[0],"1":[0,0],"2":[0],"3":[0,0],"4":[0,0],"5":[0,0]}},"C:\\GIT\\Biasbuster\\Biasbuster\\src\\mcp\\tools.ts":{"path":"C:\\GIT\\Biasbuster\\Biasbuster\\src\\mcp\\tools.ts","statementMap":{"0":{"start":{"line":64,"column":0},"end":{"line":64,"column":7}},"1":{"start":{"line":126,"column":0},"end":{"line":126,"column":7}},"2":{"start":{"line":4,"column":19},"end":{"line":13,"column":2}},"3":{"start":{"line":45,"column":22},"end":{"line":45,"column":45}},"4":{"start":{"line":46,"column":23},"end":{"line":46,"column":42}},"5":{"start":{"line":48,"column":4},"end":{"line":58,"column":5}},"6":{"start":{"line":49,"column":25},"end":{"line":49,"column":80}},"7":{"start":{"line":50,"column":8},"end":{"line":57,"column":10}},"8":{"start":{"line":60,"column":4},"end":{"line":60,"column":16}},"9":{"start":{"line":66,"column":22},"end":{"line":66,"column":60}},"10":{"start":{"line":69,"column":42},"end":{"line":69,"column":44}},"11":{"start":{"line":71,"column":4},"end":{"line":76,"column":5}},"12":{"start":{"line":72,"column":21},"end":{"line":72,"column":65}},"13":{"start":{"line":73,"column":8},"end":{"line":75,"column":9}},"14":{"start":{"line":74,"column":12},"end":{"line":74,"column":37}},"15":{"start":{"line":79,"column":28},"end":{"line":79,"column":76}},"16":{"start":{"line":79,"column":63},"end":{"line":79,"column":73}},"17":{"start":{"line":80,"column":31},"end":{"line":82,"column":21}},"18":{"start":{"line":81,"column":21},"end":{"line":81,"column":64}},"19":{"start":{"line":85,"column":28},"end":{"line":87,"column":11}},"20":{"start":{"line":86,"column":46},"end":{"line":86,"column":75}},"21":{"start":{"line":89,"column":4},"end":{"line":96,"column":6}},"22":{"start":{"line":102,"column":4},"end":{"line":102,"column":30}},"23":{"start":{"line":107,"column":4},"end":{"line":109,"column":5}},"24":{"start":{"line":108,"column":8},"end":{"line":108,"column":59}},"25":{"start":{"line":111,"column":22},"end":{"line":111,"column":66}},"26":{"start":{"line":111,"column":53},"end":{"line":111,"column":63}},"27":{"start":{"line":112,"column":4},"end":{"line":113,"column":64}},"28":{"start":{"line":119,"column":4},"end":{"line":123,"column":6}},"29":{"start":{"line":132,"column":4},"end":{"line":132,"column":38}}},"fnMap":{"0":{"name":"detectSentenceBias","decl":{"start":{"line":42,"column":9},"end":{"line":42,"column":27}},"loc":{"start":{"line":42,"column":72},"end":{"line":61,"column":1}}},"1":{"name":"analyzeBias","decl":{"start":{"line":64,"column":22},"end":{"line":64,"column":33}},"loc":{"start":{"line":64,"column":73},"end":{"line":97,"column":1}}},"2":{"name":"(anonymous_2)","decl":{"start":{"line":79,"column":58},"end":{"line":79,"column":59}},"loc":{"start":{"line":79,"column":63},"end":{"line":79,"column":73}}},"3":{"name":"(anonymous_3)","decl":{"start":{"line":81,"column":13},"end":{"line":81,"column":17}},"loc":{"start":{"line":81,"column":21},"end":{"line":81,"column":64}}},"4":{"name":"(anonymous_4)","decl":{"start":{"line":86,"column":31},"end":{"line":86,"column":32}},"loc":{"start":{"line":86,"column":46},"end":{"line":86,"column":75}}},"5":{"name":"detectMainTopic","decl":{"start":{"line":100,"column":9},"end":{"line":100,"column":24}},"loc":{"start":{"line":100,"column":38},"end":{"line":103,"column":1}}},"6":{"name":"generateBiasSummary","decl":{"start":{"line":106,"column":9},"end":{"line":106,"column":28}},"loc":{"start":{"line":106,"column":79},"end":{"line":114,"column":1}}},"7":{"name":"(anonymous_7)","decl":{"start":{"line":111,"column":48},"end":{"line":111,"column":49}},"loc":{"start":{"line":111,"column":53},"end":{"line":111,"column":63}}},"8":{"name":"generateTrustedSources","decl":{"start":{"line":117,"column":9},"end":{"line":117,"column":31}},"loc":{"start":{"line":117,"column":52},"end":{"line":124,"column":1}}},"9":{"name":"analyzeBiasWithFeedback","decl":{"start":{"line":126,"column":22},"end":{"line":126,"column":45}},"loc":{"start":{"line":129,"column":27},"end":{"line":133,"column":1}}}},"branchMap":{"0":{"loc":{"start":{"line":48,"column":4},"end":{"line":58,"column":5}},"type":"if","locations":[{"start":{"line":48,"column":4},"end":{"line":58,"column":5}}]},"1":{"loc":{"start":{"line":66,"column":22},"end":{"line":66,"column":60}},"type":"binary-expr","locations":[{"start":{"line":66,"column":22},"end":{"line":66,"column":50}},{"start":{"line":66,"column":54},"end":{"line":66,"column":60}}]},"2":{"loc":{"start":{"line":73,"column":8},"end":{"line":75,"column":9}},"type":"if","locations":[{"start":{"line":73,"column":8},"end":{"line":75,"column":9}}]},"3":{"loc":{"start":{"line":85,"column":28},"end":{"line":87,"column":11}},"type":"cond-expr","locations":[{"start":{"line":86,"column":10},"end":{"line":86,"column":102}},{"start":{"line":87,"column":10},"end":{"line":87,"column":11}}]},"4":{"loc":{"start":{"line":91,"column":22},"end":{"line":91,"column":61}},"type":"cond-expr","locations":[{"start":{"line":91,"column":49},"end":{"line":91,"column":54}},{"start":{"line":91,"column":57},"end":{"line":91,"column":61}}]},"5":{"loc":{"start":{"line":107,"column":4},"end":{"line":109,"column":5}},"type":"if","locations":[{"start":{"line":107,"column":4},"end":{"line":109,"column":5}}]}},"s":{"0":0,"1":0,"2":0,"3":0,"4":0,"5":0,"6":0,"7":0,"8":0,"9":0,"10":0,"11":0,"12":0,"13":0,"14":0,"15":0,"16":0,"17":0,"18":0,"19":0,"20":0,"21":0,"22":0,"23":0,"24":0,"25":0,"26":0,"27":0,"28":0,"29":0},"f":{"0":0,"1":0,"2":0,"3":0,"4":0,"5":0,"6":0,"7":0,"8":0,"9":0},"b":{"0":[0],"1":[0,0],"2":[0],"3":[0,0],"4":[0,0],"5":[0]}},"C:\\GIT\\Biasbuster\\Biasbuster\\src\\middlewares\\authMiddleware.ts":{"path":"C:\\GIT\\Biasbuster\\Biasbuster\\src\\middlewares\\authMiddleware.ts","statementMap":{"0":{"start":{"line":2,"column":0},"end":{"line":2,"column":31}},"1":{"start":{"line":4,"column":0},"end":{"line":4,"column":34}},"2":{"start":{"line":6,"column":19},"end":{"line":6,"column":62}},"3":{"start":{"line":16,"column":23},"end":{"line":46,"column":1}},"4":{"start":{"line":17,"column":4},"end":{"line":45,"column":5}},"5":{"start":{"line":19,"column":27},"end":{"line":19,"column":52}},"6":{"start":{"line":20,"column":8},"end":{"line":23,"column":9}},"7":{"start":{"line":21,"column":12},"end":{"line":21,"column":74}},"8":{"start":{"line":22,"column":12},"end":{"line":22,"column":19}},"9":{"start":{"line":25,"column":22},"end":{"line":25,"column":46}},"10":{"start":{"line":28,"column":24},"end":{"line":28,"column":67}},"11":{"start":{"line":31,"column":21},"end":{"line":31,"column":72}},"12":{"start":{"line":32,"column":8},"end":{"line":35,"column":9}},"13":{"start":{"line":33,"column":12},"end":{"line":33,"column":80}},"14":{"start":{"line":34,"column":12},"end":{"line":34,"column":19}},"15":{"start":{"line":38,"column":8},"end":{"line":41,"column":10}},"16":{"start":{"line":42,"column":8},"end":{"line":42,"column":15}},"17":{"start":{"line":44,"column":8},"end":{"line":44,"column":75}},"18":{"start":{"line":16,"column":13},"end":{"line":16,"column":23}},"19":{"start":{"line":48,"column":28},"end":{"line":58,"column":1}},"20":{"start":{"line":49,"column":4},"end":{"line":57,"column":5}},"21":{"start":{"line":50,"column":8},"end":{"line":53,"column":9}},"22":{"start":{"line":51,"column":12},"end":{"line":51,"column":87}},"23":{"start":{"line":52,"column":12},"end":{"line":52,"column":19}},"24":{"start":{"line":54,"column":8},"end":{"line":54,"column":15}},"25":{"start":{"line":56,"column":8},"end":{"line":56,"column":65}},"26":{"start":{"line":48,"column":13},"end":{"line":48,"column":28}},"27":{"start":{"line":60,"column":30},"end":{"line":70,"column":1}},"28":{"start":{"line":61,"column":4},"end":{"line":69,"column":5}},"29":{"start":{"line":62,"column":8},"end":{"line":65,"column":9}},"30":{"start":{"line":63,"column":12},"end":{"line":63,"column":89}},"31":{"start":{"line":64,"column":12},"end":{"line":64,"column":19}},"32":{"start":{"line":66,"column":8},"end":{"line":66,"column":15}},"33":{"start":{"line":68,"column":8},"end":{"line":68,"column":65}},"34":{"start":{"line":60,"column":13},"end":{"line":60,"column":30}}},"fnMap":{"0":{"name":"(anonymous_1)","decl":{"start":{"line":16,"column":23},"end":{"line":16,"column":28}},"loc":{"start":{"line":16,"column":101},"end":{"line":46,"column":1}}},"1":{"name":"(anonymous_2)","decl":{"start":{"line":48,"column":28},"end":{"line":48,"column":33}},"loc":{"start":{"line":48,"column":106},"end":{"line":58,"column":1}}},"2":{"name":"(anonymous_3)","decl":{"start":{"line":60,"column":30},"end":{"line":60,"column":35}},"loc":{"start":{"line":60,"column":108},"end":{"line":70,"column":1}}}},"branchMap":{"0":{"loc":{"start":{"line":6,"column":19},"end":{"line":6,"column":62}},"type":"binary-expr","locations":[{"start":{"line":6,"column":19},"end":{"line":6,"column":41}},{"start":{"line":6,"column":45},"end":{"line":6,"column":62}}]},"1":{"loc":{"start":{"line":20,"column":8},"end":{"line":23,"column":9}},"type":"if","locations":[{"start":{"line":20,"column":8},"end":{"line":23,"column":9}}]},"2":{"loc":{"start":{"line":20,"column":13},"end":{"line":20,"column":46}},"type":"cond-expr","locations":[{"start":{"line":20,"column":23},"end":{"line":20,"column":25}},{"start":{"line":20,"column":13},"end":{"line":20,"column":46}}]},"3":{"loc":{"start":{"line":20,"column":13},"end":{"line":20,"column":25}},"type":"binary-expr","locations":[{"start":{"line":20,"column":13},"end":{"line":20,"column":25}},{"start":{"line":20,"column":13},"end":{"line":20,"column":25}}]},"4":{"loc":{"start":{"line":32,"column":8},"end":{"line":35,"column":9}},"type":"if","locations":[{"start":{"line":32,"column":8},"end":{"line":35,"column":9}}]},"5":{"loc":{"start":{"line":50,"column":8},"end":{"line":53,"column":9}},"type":"if","locations":[{"start":{"line":50,"column":8},"end":{"line":53,"column":9}}]},"6":{"loc":{"start":{"line":50,"column":13},"end":{"line":50,"column":30}},"type":"cond-expr","locations":[{"start":{"line":50,"column":21},"end":{"line":50,"column":23}},{"start":{"line":50,"column":21},"end":{"line":50,"column":30}}]},"7":{"loc":{"start":{"line":50,"column":13},"end":{"line":50,"column":23}},"type":"binary-expr","locations":[{"start":{"line":50,"column":13},"end":{"line":50,"column":23}},{"start":{"line":50,"column":21},"end":{"line":50,"column":23}}]},"8":{"loc":{"start":{"line":62,"column":8},"end":{"line":65,"column":9}},"type":"if","locations":[{"start":{"line":62,"column":8},"end":{"line":65,"column":9}}]},"9":{"loc":{"start":{"line":62,"column":12},"end":{"line":62,"column":56}},"type":"binary-expr","locations":[{"start":{"line":62,"column":12},"end":{"line":62,"column":36}},{"start":{"line":62,"column":36},"end":{"line":62,"column":56}}]},"10":{"loc":{"start":{"line":62,"column":13},"end":{"line":62,"column":32}},"type":"cond-expr","locations":[{"start":{"line":62,"column":21},"end":{"line":62,"column":23}},{"start":{"line":62,"column":21},"end":{"line":62,"column":32}}]},"11":{"loc":{"start":{"line":62,"column":13},"end":{"line":62,"column":23}},"type":"binary-expr","locations":[{"start":{"line":62,"column":13},"end":{"line":62,"column":23}},{"start":{"line":62,"column":21},"end":{"line":62,"column":23}}]},"12":{"loc":{"start":{"line":62,"column":37},"end":{"line":62,"column":54}},"type":"cond-expr","locations":[{"start":{"line":62,"column":45},"end":{"line":62,"column":47}},{"start":{"line":62,"column":45},"end":{"line":62,"column":54}}]},"13":{"loc":{"start":{"line":62,"column":37},"end":{"line":62,"column":47}},"type":"binary-expr","locations":[{"start":{"line":62,"column":37},"end":{"line":62,"column":47}},{"start":{"line":62,"column":45},"end":{"line":62,"column":47}}]}},"s":{"0":0,"1":0,"2":0,"3":0,"4":0,"5":0,"6":0,"7":0,"8":0,"9":0,"10":0,"11":0,"12":0,"13":0,"14":0,"15":0,"16":0,"17":0,"18":0,"19":0,"20":0,"21":0,"22":0,"23":0,"24":0,"25":0,"26":0,"27":0,"28":0,"29":0,"30":0,"31":0,"32":0,"33":0,"34":0},"f":{"0":0,"1":0,"2":0},"b":{"0":[0,0],"1":[0],"2":[0,0],"3":[0,0],"4":[0],"5":[0],"6":[0,0],"7":[0,0],"8":[0],"9":[0,0],"10":[0,0],"11":[0,0],"12":[0,0],"13":[0,0]}},"C:\\GIT\\Biasbuster\\Biasbuster\\src\\models\\Analysis.ts":{"path":"C:\\GIT\\Biasbuster\\Biasbuster\\src\\models\\Analysis.ts","statementMap":{"0":{"start":{"line":1,"column":0},"end":{"line":1,"column":48}},"1":{"start":{"line":26,"column":23},"end":{"line":63,"column":2}},"2":{"start":{"line":66,"column":0},"end":{"line":69,"column":2}},"3":{"start":{"line":67,"column":4},"end":{"line":67,"column":42}},"4":{"start":{"line":68,"column":4},"end":{"line":68,"column":22}},"5":{"start":{"line":71,"column":17},"end":{"line":71,"column":77}},"6":{"start":{"line":72,"column":0},"end":{"line":72,"column":24}}},"fnMap":{"0":{"name":"(anonymous_0)","decl":{"start":{"line":66,"column":41},"end":{"line":66,"column":46}},"loc":{"start":{"line":66,"column":83},"end":{"line":69,"column":1}}}},"branchMap":{},"s":{"0":0,"1":0,"2":0,"3":0,"4":0,"5":0,"6":0},"f":{"0":0},"b":{}},"C:\\GIT\\Biasbuster\\Biasbuster\\src\\models\\User.ts":{"path":"C:\\GIT\\Biasbuster\\Biasbuster\\src\\models\\User.ts","statementMap":{"0":{"start":{"line":1,"column":0},"end":{"line":1,"column":58}},"1":{"start":{"line":2,"column":0},"end":{"line":2,"column":30}},"2":{"start":{"line":24,"column":19},"end":{"line":50,"column":2}},"3":{"start":{"line":53,"column":0},"end":{"line":63,"column":3}},"4":{"start":{"line":54,"column":4},"end":{"line":54,"column":52}},"5":{"start":{"line":54,"column":38},"end":{"line":54,"column":52}},"6":{"start":{"line":56,"column":4},"end":{"line":62,"column":5}},"7":{"start":{"line":57,"column":21},"end":{"line":57,"column":45}},"8":{"start":{"line":58,"column":8},"end":{"line":58,"column":63}},"9":{"start":{"line":59,"column":8},"end":{"line":59,"column":15}},"10":{"start":{"line":61,"column":8},"end":{"line":61,"column":29}},"11":{"start":{"line":66,"column":0},"end":{"line":72,"column":2}},"12":{"start":{"line":67,"column":4},"end":{"line":71,"column":5}},"13":{"start":{"line":68,"column":8},"end":{"line":68,"column":70}},"14":{"start":{"line":70,"column":8},"end":{"line":70,"column":20}},"15":{"start":{"line":74,"column":13},"end":{"line":74,"column":57}},"16":{"start":{"line":75,"column":0},"end":{"line":75,"column":20}}},"fnMap":{"0":{"name":"(anonymous_1)","decl":{"start":{"line":53,"column":23},"end":{"line":53,"column":28}},"loc":{"start":{"line":53,"column":63},"end":{"line":63,"column":1}}},"1":{"name":"(anonymous_2)","decl":{"start":{"line":66,"column":37},"end":{"line":66,"column":42}},"loc":{"start":{"line":66,"column":98},"end":{"line":72,"column":1}}}},"branchMap":{"0":{"loc":{"start":{"line":54,"column":4},"end":{"line":54,"column":52}},"type":"if","locations":[{"start":{"line":54,"column":4},"end":{"line":54,"column":52}}]}},"s":{"0":0,"1":0,"2":0,"3":0,"4":0,"5":0,"6":0,"7":0,"8":0,"9":0,"10":0,"11":0,"12":0,"13":0,"14":0,"15":0,"16":0},"f":{"0":0,"1":0},"b":{"0":[0]}},"C:\\GIT\\Biasbuster\\Biasbuster\\src\\mcp\\index.ts":{"path":"C:\\GIT\\Biasbuster\\Biasbuster\\src\\mcp\\index.ts","statementMap":{"0":{"start":{"line":10,"column":0},"end":{"line":10,"column":16}},"1":{"start":{"line":1,"column":0},"end":{"line":1,"column":28}},"2":{"start":{"line":2,"column":0},"end":{"line":2,"column":73}},"3":{"start":{"line":5,"column":0},"end":{"line":5,"column":16}},"4":{"start":{"line":12,"column":24},"end":{"line":12,"column":42}},"5":{"start":{"line":13,"column":15},"end":{"line":13,"column":59}},"6":{"start":{"line":15,"column":2},"end":{"line":15,"column":83}},"7":{"start":{"line":18,"column":2},"end":{"line":32,"column":3}},"8":{"start":{"line":20,"column":6},"end":{"line":20,"column":31}},"9":{"start":{"line":21,"column":6},"end":{"line":21,"column":12}},"10":{"start":{"line":23,"column":6},"end":{"line":23,"column":31}},"11":{"start":{"line":24,"column":6},"end":{"line":24,"column":12}},"12":{"start":{"line":26,"column":6},"end":{"line":26,"column":31}},"13":{"start":{"line":27,"column":6},"end":{"line":27,"column":31}},"14":{"start":{"line":28,"column":6},"end":{"line":28,"column":12}},"15":{"start":{"line":30,"column":6},"end":{"line":30,"column":90}},"16":{"start":{"line":31,"column":6},"end":{"line":31,"column":31}},"17":{"start":{"line":40,"column":15},"end":{"line":40,"column":36}},"18":{"start":{"line":41,"column":2},"end":{"line":41,"column":47}},"19":{"start":{"line":41,"column":32},"end":{"line":41,"column":47}},"20":{"start":{"line":42,"column":2},"end":{"line":42,"column":45}},"21":{"start":{"line":42,"column":31},"end":{"line":42,"column":45}},"22":{"start":{"line":43,"column":2},"end":{"line":43,"column":45}},"23":{"start":{"line":43,"column":31},"end":{"line":43,"column":45}},"24":{"start":{"line":46,"column":23},"end":{"line":46,"column":63}},"25":{"start":{"line":47,"column":2},"end":{"line":47,"column":47}},"26":{"start":{"line":47,"column":32},"end":{"line":47,"column":47}},"27":{"start":{"line":48,"column":2},"end":{"line":48,"column":45}},"28":{"start":{"line":48,"column":31},"end":{"line":48,"column":45}},"29":{"start":{"line":49,"column":2},"end":{"line":49,"column":45}},"30":{"start":{"line":49,"column":31},"end":{"line":49,"column":45}},"31":{"start":{"line":52,"column":2},"end":{"line":52,"column":16}},"32":{"start":{"line":56,"column":0},"end":{"line":58,"column":1}},"33":{"start":{"line":57,"column":2},"end":{"line":57,"column":24}}},"fnMap":{"0":{"name":"initializeMcpServer","decl":{"start":{"line":10,"column":16},"end":{"line":10,"column":35}},"loc":{"start":{"line":10,"column":35},"end":{"line":33,"column":1}}},"1":{"name":"getTransportMode","decl":{"start":{"line":38,"column":9},"end":{"line":38,"column":25}},"loc":{"start":{"line":38,"column":25},"end":{"line":53,"column":1}}}},"branchMap":{"0":{"loc":{"start":{"line":13,"column":24},"end":{"line":13,"column":54}},"type":"binary-expr","locations":[{"start":{"line":13,"column":24},"end":{"line":13,"column":44}},{"start":{"line":13,"column":48},"end":{"line":13,"column":54}}]},"1":{"loc":{"start":{"line":18,"column":2},"end":{"line":32,"column":3}},"type":"switch","locations":[{"start":{"line":19,"column":4},"end":{"line":21,"column":12}},{"start":{"line":22,"column":4},"end":{"line":24,"column":12}},{"start":{"line":25,"column":4},"end":{"line":28,"column":12}},{"start":{"line":29,"column":4},"end":{"line":31,"column":31}}]},"2":{"loc":{"start":{"line":41,"column":2},"end":{"line":41,"column":47}},"type":"if","locations":[{"start":{"line":41,"column":2},"end":{"line":41,"column":47}}]},"3":{"loc":{"start":{"line":42,"column":2},"end":{"line":42,"column":45}},"type":"if","locations":[{"start":{"line":42,"column":2},"end":{"line":42,"column":45}}]},"4":{"loc":{"start":{"line":43,"column":2},"end":{"line":43,"column":45}},"type":"if","locations":[{"start":{"line":43,"column":2},"end":{"line":43,"column":45}}]},"5":{"loc":{"start":{"line":46,"column":23},"end":{"line":46,"column":63}},"type":"cond-expr","locations":[{"start":{"line":46,"column":48},"end":{"line":46,"column":50}},{"start":{"line":46,"column":48},"end":{"line":46,"column":63}}]},"6":{"loc":{"start":{"line":46,"column":23},"end":{"line":46,"column":50}},"type":"binary-expr","locations":[{"start":{"line":46,"column":23},"end":{"line":46,"column":50}},{"start":{"line":46,"column":48},"end":{"line":46,"column":50}}]},"7":{"loc":{"start":{"line":47,"column":2},"end":{"line":47,"column":47}},"type":"if","locations":[{"start":{"line":47,"column":2},"end":{"line":47,"column":47}}]},"8":{"loc":{"start":{"line":48,"column":2},"end":{"line":48,"column":45}},"type":"if","locations":[{"start":{"line":48,"column":2},"end":{"line":48,"column":45}}]},"9":{"loc":{"start":{"line":49,"column":2},"end":{"line":49,"column":45}},"type":"if","locations":[{"start":{"line":49,"column":2},"end":{"line":49,"column":45}}]},"10":{"loc":{"start":{"line":56,"column":0},"end":{"line":58,"column":1}},"type":"if","locations":[{"start":{"line":56,"column":0},"end":{"line":58,"column":1}}]}},"s":{"0":0,"1":0,"2":0,"3":0,"4":0,"5":0,"6":0,"7":0,"8":0,"9":0,"10":0,"11":0,"12":0,"13":0,"14":0,"15":0,"16":0,"17":0,"18":0,"19":0,"20":0,"21":0,"22":0,"23":0,"24":0,"25":0,"26":0,"27":0,"28":0,"29":0,"30":0,"31":0,"32":0,"33":0},"f":{"0":0,"1":0},"b":{"0":[0,0],"1":[0,0,0,0],"2":[0],"3":[0],"4":[0],"5":[0,0],"6":[0,0],"7":[0],"8":[0],"9":[0],"10":[0]}},"C:\\GIT\\Biasbuster\\Biasbuster\\src\\services\\perspectivesService.ts":{"path":"C:\\GIT\\Biasbuster\\Biasbuster\\src\\services\\perspectivesService.ts","statementMap":{"0":{"start":{"line":10,"column":37},"end":{"line":51,"column":1}},"1":{"start":{"line":11,"column":4},"end":{"line":11,"column":84}},"2":{"start":{"line":14,"column":4},"end":{"line":14,"column":60}},"3":{"start":{"line":14,"column":33},"end":{"line":14,"column":58}},"4":{"start":{"line":17,"column":47},"end":{"line":46,"column":6}},"5":{"start":{"line":49,"column":24},"end":{"line":49,"column":57}},"6":{"start":{"line":50,"column":4},"end":{"line":50,"column":78}},"7":{"start":{"line":50,"column":35},"end":{"line":50,"column":54}},"8":{"start":{"line":10,"column":13},"end":{"line":10,"column":37}}},"fnMap":{"0":{"name":"(anonymous_0)","decl":{"start":{"line":10,"column":37},"end":{"line":10,"column":42}},"loc":{"start":{"line":10,"column":96},"end":{"line":51,"column":1}}},"1":{"name":"(anonymous_1)","decl":{"start":{"line":14,"column":22},"end":{"line":14,"column":29}},"loc":{"start":{"line":14,"column":33},"end":{"line":14,"column":58}}},"2":{"name":"(anonymous_2)","decl":{"start":{"line":50,"column":29},"end":{"line":50,"column":32}},"loc":{"start":{"line":50,"column":35},"end":{"line":50,"column":54}}}},"branchMap":{},"s":{"0":0,"1":0,"2":0,"3":0,"4":0,"5":0,"6":0,"7":0,"8":0},"f":{"0":0,"1":0,"2":0},"b":{}},"C:\\GIT\\Biasbuster\\Biasbuster\\src\\tools\\analyzeBias.ts":{"path":"C:\\GIT\\Biasbuster\\Biasbuster\\src\\tools\\analyzeBias.ts","statementMap":{"0":{"start":{"line":3,"column":0},"end":{"line":3,"column":7}},"1":{"start":{"line":5,"column":4},"end":{"line":24,"column":6}}},"fnMap":{"0":{"name":"analyzeBias","decl":{"start":{"line":3,"column":22},"end":{"line":3,"column":33}},"loc":{"start":{"line":3,"column":74},"end":{"line":25,"column":1}}}},"branchMap":{},"s":{"0":0,"1":0},"f":{"0":0},"b":{}},"C:\\GIT\\Biasbuster\\Biasbuster\\src\\services\\biasAnalysisService.ts":{"path":"C:\\GIT\\Biasbuster\\Biasbuster\\src\\services\\biasAnalysisService.ts","statementMap":{"0":{"start":{"line":5,"column":0},"end":{"line":5,"column":33}},"1":{"start":{"line":8,"column":0},"end":{"line":8,"column":16}},"2":{"start":{"line":44,"column":10},"end":{"line":49,"column":17}},"3":{"start":{"line":55,"column":4},"end":{"line":55,"column":65}},"4":{"start":{"line":56,"column":4},"end":{"line":56,"column":41}},"5":{"start":{"line":64,"column":4},"end":{"line":70,"column":6}},"6":{"start":{"line":72,"column":4},"end":{"line":78,"column":6}},"7":{"start":{"line":81,"column":4},"end":{"line":87,"column":6}},"8":{"start":{"line":89,"column":4},"end":{"line":95,"column":6}},"9":{"start":{"line":98,"column":4},"end":{"line":104,"column":6}},"10":{"start":{"line":107,"column":4},"end":{"line":113,"column":6}},"11":{"start":{"line":116,"column":4},"end":{"line":122,"column":6}},"12":{"start":{"line":140,"column":4},"end":{"line":145,"column":7}},"13":{"start":{"line":154,"column":4},"end":{"line":154,"column":46}},"14":{"start":{"line":167,"column":4},"end":{"line":167,"column":35}},"15":{"start":{"line":174,"column":4},"end":{"line":174,"column":36}},"16":{"start":{"line":175,"column":4},"end":{"line":175,"column":41}},"17":{"start":{"line":183,"column":4},"end":{"line":183,"column":16}},"18":{"start":{"line":192,"column":4},"end":{"line":253,"column":5}},"19":{"start":{"line":194,"column":24},"end":{"line":194,"column":77}},"20":{"start":{"line":194,"column":57},"end":{"line":194,"column":76}},"21":{"start":{"line":203,"column":11},"end":{"line":203,"column":13}},"22":{"start":{"line":206,"column":52},"end":{"line":206,"column":54}},"23":{"start":{"line":209,"column":6},"end":{"line":230,"column":9}},"24":{"start":{"line":211,"column":33},"end":{"line":211,"column":54}},"25":{"start":{"line":214,"column":8},"end":{"line":229,"column":11}},"26":{"start":{"line":215,"column":10},"end":{"line":228,"column":11}},"27":{"start":{"line":217,"column":12},"end":{"line":217,"column":89}},"28":{"start":{"line":220,"column":12},"end":{"line":227,"column":15}},"29":{"start":{"line":233,"column":24},"end":{"line":233,"column":51}},"30":{"start":{"line":236,"column":29},"end":{"line":236,"column":92}},"31":{"start":{"line":239,"column":26},"end":{"line":239,"column":80}},"32":{"start":{"line":241,"column":6},"end":{"line":249,"column":8}},"33":{"start":{"line":251,"column":6},"end":{"line":251,"column":54}},"34":{"start":{"line":252,"column":6},"end":{"line":252,"column":48}},"35":{"start":{"line":263,"column":52},"end":{"line":274,"column":6}},"36":{"start":{"line":277,"column":48},"end":{"line":277,"column":50}},"37":{"start":{"line":278,"column":22},"end":{"line":278,"column":40}},"38":{"start":{"line":280,"column":4},"end":{"line":286,"column":7}},"39":{"start":{"line":281,"column":6},"end":{"line":285,"column":12}},"40":{"start":{"line":282,"column":22},"end":{"line":282,"column":58}},"41":{"start":{"line":283,"column":24},"end":{"line":283,"column":46}},"42":{"start":{"line":284,"column":8},"end":{"line":284,"column":54}},"43":{"start":{"line":289,"column":23},"end":{"line":289,"column":24}},"44":{"start":{"line":290,"column":20},"end":{"line":290,"column":29}},"45":{"start":{"line":292,"column":4},"end":{"line":297,"column":7}},"46":{"start":{"line":293,"column":6},"end":{"line":296,"column":7}},"47":{"start":{"line":294,"column":8},"end":{"line":294,"column":29}},"48":{"start":{"line":295,"column":8},"end":{"line":295,"column":26}},"49":{"start":{"line":299,"column":4},"end":{"line":299,"column":21}},"50":{"start":{"line":308,"column":48},"end":{"line":314,"column":6}},"51":{"start":{"line":316,"column":4},"end":{"line":316,"column":88}},"52":{"start":{"line":329,"column":4},"end":{"line":331,"column":5}},"53":{"start":{"line":330,"column":6},"end":{"line":330,"column":69}},"54":{"start":{"line":334,"column":28},"end":{"line":337,"column":29}},"55":{"start":{"line":335,"column":22},"end":{"line":335,"column":33}},"56":{"start":{"line":337,"column":20},"end":{"line":337,"column":28}},"57":{"start":{"line":340,"column":30},"end":{"line":342,"column":12}},"58":{"start":{"line":341,"column":6},"end":{"line":341,"column":38}},"59":{"start":{"line":344,"column":24},"end":{"line":344,"column":33}},"60":{"start":{"line":345,"column":4},"end":{"line":351,"column":5}},"61":{"start":{"line":346,"column":6},"end":{"line":346,"column":36}},"62":{"start":{"line":347,"column":11},"end":{"line":351,"column":5}},"63":{"start":{"line":348,"column":6},"end":{"line":348,"column":33}},"64":{"start":{"line":349,"column":11},"end":{"line":351,"column":5}},"65":{"start":{"line":350,"column":6},"end":{"line":350,"column":29}},"66":{"start":{"line":354,"column":18},"end":{"line":354,"column":86}},"67":{"start":{"line":356,"column":4},"end":{"line":362,"column":5}},"68":{"start":{"line":357,"column":6},"end":{"line":357,"column":68}},"69":{"start":{"line":358,"column":11},"end":{"line":362,"column":5}},"70":{"start":{"line":359,"column":6},"end":{"line":359,"column":42}},"71":{"start":{"line":361,"column":6},"end":{"line":361,"column":39}},"72":{"start":{"line":364,"column":4},"end":{"line":364,"column":100}},"73":{"start":{"line":366,"column":4},"end":{"line":368,"column":5}},"74":{"start":{"line":367,"column":6},"end":{"line":367,"column":127}},"75":{"start":{"line":370,"column":4},"end":{"line":370,"column":19}},"76":{"start":{"line":386,"column":23},"end":{"line":386,"column":49}},"77":{"start":{"line":387,"column":19},"end":{"line":387,"column":70}},"78":{"start":{"line":387,"column":46},"end":{"line":387,"column":69}},"79":{"start":{"line":390,"column":21},"end":{"line":390,"column":51}},"80":{"start":{"line":391,"column":22},"end":{"line":391,"column":66}},"81":{"start":{"line":394,"column":29},"end":{"line":402,"column":8}},"82":{"start":{"line":395,"column":22},"end":{"line":395,"column":65}},"83":{"start":{"line":398,"column":23},"end":{"line":400,"column":29}},"84":{"start":{"line":401,"column":8},"end":{"line":401,"column":22}},"85":{"start":{"line":404,"column":4},"end":{"line":414,"column":6}},"86":{"start":{"line":426,"column":26},"end":{"line":429,"column":6}},"87":{"start":{"line":431,"column":26},"end":{"line":434,"column":6}},"88":{"start":{"line":437,"column":18},"end":{"line":437,"column":35}},"89":{"start":{"line":438,"column":24},"end":{"line":438,"column":62}},"90":{"start":{"line":439,"column":21},"end":{"line":439,"column":23}},"91":{"start":{"line":441,"column":4},"end":{"line":443,"column":5}},"92":{"start":{"line":441,"column":17},"end":{"line":441,"column":18}},"93":{"start":{"line":442,"column":6},"end":{"line":442,"column":63}},"94":{"start":{"line":446,"column":4},"end":{"line":467,"column":7}},"95":{"start":{"line":447,"column":27},"end":{"line":447,"column":48}},"96":{"start":{"line":449,"column":26},"end":{"line":449,"column":27}},"97":{"start":{"line":450,"column":26},"end":{"line":450,"column":27}},"98":{"start":{"line":452,"column":6},"end":{"line":456,"column":9}},"99":{"start":{"line":453,"column":22},"end":{"line":453,"column":55}},"100":{"start":{"line":454,"column":24},"end":{"line":454,"column":49}},"101":{"start":{"line":455,"column":8},"end":{"line":455,"column":53}},"102":{"start":{"line":455,"column":21},"end":{"line":455,"column":53}},"103":{"start":{"line":458,"column":6},"end":{"line":462,"column":9}},"104":{"start":{"line":459,"column":22},"end":{"line":459,"column":55}},"105":{"start":{"line":460,"column":24},"end":{"line":460,"column":49}},"106":{"start":{"line":461,"column":8},"end":{"line":461,"column":53}},"107":{"start":{"line":461,"column":21},"end":{"line":461,"column":53}},"108":{"start":{"line":465,"column":6},"end":{"line":465,"column":63}},"109":{"start":{"line":465,"column":54},"end":{"line":465,"column":63}},"110":{"start":{"line":466,"column":6},"end":{"line":466,"column":79}},"111":{"start":{"line":43,"column":0},"end":{"line":43,"column":13}},"112":{"start":{"line":472,"column":0},"end":{"line":472,"column":41}}},"fnMap":{"0":{"name":"(anonymous_9)","decl":{"start":{"line":54,"column":2},"end":{"line":54,"column":null}},"loc":{"start":{"line":54,"column":2},"end":{"line":57,"column":3}}},"1":{"name":"(anonymous_10)","decl":{"start":{"line":62,"column":10},"end":{"line":62,"column":39}},"loc":{"start":{"line":62,"column":39},"end":{"line":123,"column":3}}},"2":{"name":"(anonymous_11)","decl":{"start":{"line":133,"column":9},"end":{"line":133,"column":23}},"loc":{"start":{"line":138,"column":23},"end":{"line":146,"column":3}}},"3":{"name":"(anonymous_12)","decl":{"start":{"line":153,"column":9},"end":{"line":153,"column":26}},"loc":{"start":{"line":153,"column":37},"end":{"line":155,"column":3}}},"4":{"name":"(anonymous_13)","decl":{"start":{"line":161,"column":9},"end":{"line":161,"column":26}},"loc":{"start":{"line":161,"column":26},"end":{"line":168,"column":3}}},"5":{"name":"(anonymous_14)","decl":{"start":{"line":173,"column":9},"end":{"line":173,"column":31}},"loc":{"start":{"line":173,"column":31},"end":{"line":176,"column":3}}},"6":{"name":"(anonymous_15)","decl":{"start":{"line":182,"column":9},"end":{"line":182,"column":14}},"loc":{"start":{"line":182,"column":26},"end":{"line":184,"column":3}}},"7":{"name":"(anonymous_16)","decl":{"start":{"line":191,"column":9},"end":{"line":191,"column":14}},"loc":{"start":{"line":191,"column":39},"end":{"line":254,"column":3}}},"8":{"name":"(anonymous_17)","decl":{"start":{"line":194,"column":52},"end":{"line":194,"column":53}},"loc":{"start":{"line":194,"column":57},"end":{"line":194,"column":76}}},"9":{"name":"(anonymous_18)","decl":{"start":{"line":209,"column":24},"end":{"line":209,"column":25}},"loc":{"start":{"line":209,"column":45},"end":{"line":230,"column":7}}},"10":{"name":"(anonymous_19)","decl":{"start":{"line":214,"column":40},"end":{"line":214,"column":41}},"loc":{"start":{"line":214,"column":57},"end":{"line":229,"column":9}}},"11":{"name":"(anonymous_20)","decl":{"start":{"line":261,"column":10},"end":{"line":261,"column":26}},"loc":{"start":{"line":261,"column":39},"end":{"line":300,"column":3}}},"12":{"name":"(anonymous_21)","decl":{"start":{"line":280,"column":42},"end":{"line":280,"column":43}},"loc":{"start":{"line":280,"column":64},"end":{"line":286,"column":5}}},"13":{"name":"(anonymous_22)","decl":{"start":{"line":281,"column":43},"end":{"line":281,"column":44}},"loc":{"start":{"line":281,"column":62},"end":{"line":285,"column":7}}},"14":{"name":"(anonymous_23)","decl":{"start":{"line":292,"column":40},"end":{"line":292,"column":41}},"loc":{"start":{"line":292,"column":59},"end":{"line":297,"column":5}}},"15":{"name":"(anonymous_24)","decl":{"start":{"line":307,"column":10},"end":{"line":307,"column":28}},"loc":{"start":{"line":307,"column":45},"end":{"line":317,"column":3}}},"16":{"name":"(anonymous_25)","decl":{"start":{"line":325,"column":10},"end":{"line":325,"column":29}},"loc":{"start":{"line":327,"column":41},"end":{"line":371,"column":3}}},"17":{"name":"(anonymous_26)","decl":{"start":{"line":335,"column":12},"end":{"line":335,"column":13}},"loc":{"start":{"line":335,"column":22},"end":{"line":335,"column":33}}},"18":{"name":"(anonymous_27)","decl":{"start":{"line":337,"column":11},"end":{"line":337,"column":16}},"loc":{"start":{"line":337,"column":20},"end":{"line":337,"column":28}}},"19":{"name":"(anonymous_28)","decl":{"start":{"line":340,"column":51},"end":{"line":340,"column":59}},"loc":{"start":{"line":341,"column":6},"end":{"line":341,"column":38}}},"20":{"name":"(anonymous_29)","decl":{"start":{"line":380,"column":10},"end":{"line":380,"column":32}},"loc":{"start":{"line":383,"column":16},"end":{"line":415,"column":3}}},"21":{"name":"(anonymous_30)","decl":{"start":{"line":387,"column":34},"end":{"line":387,"column":42}},"loc":{"start":{"line":387,"column":46},"end":{"line":387,"column":69}}},"22":{"name":"(anonymous_31)","decl":{"start":{"line":395,"column":12},"end":{"line":395,"column":13}},"loc":{"start":{"line":395,"column":22},"end":{"line":395,"column":65}}},"23":{"name":"(anonymous_32)","decl":{"start":{"line":397,"column":11},"end":{"line":397,"column":19}},"loc":{"start":{"line":397,"column":22},"end":{"line":402,"column":7}}},"24":{"name":"(anonymous_33)","decl":{"start":{"line":423,"column":10},"end":{"line":423,"column":40}},"loc":{"start":{"line":423,"column":75},"end":{"line":468,"column":3}}},"25":{"name":"(anonymous_34)","decl":{"start":{"line":446,"column":24},"end":{"line":446,"column":31}},"loc":{"start":{"line":446,"column":34},"end":{"line":467,"column":5}}},"26":{"name":"(anonymous_35)","decl":{"start":{"line":452,"column":28},"end":{"line":452,"column":32}},"loc":{"start":{"line":452,"column":35},"end":{"line":456,"column":7}}},"27":{"name":"(anonymous_36)","decl":{"start":{"line":458,"column":28},"end":{"line":458,"column":32}},"loc":{"start":{"line":458,"column":35},"end":{"line":462,"column":7}}}},"branchMap":{"0":{"loc":{"start":{"line":215,"column":10},"end":{"line":228,"column":11}},"type":"if","locations":[{"start":{"line":215,"column":10},"end":{"line":228,"column":11}}]},"1":{"loc":{"start":{"line":217,"column":47},"end":{"line":217,"column":83}},"type":"binary-expr","locations":[{"start":{"line":217,"column":47},"end":{"line":217,"column":78}},{"start":{"line":217,"column":82},"end":{"line":217,"column":83}}]},"2":{"loc":{"start":{"line":243,"column":22},"end":{"line":243,"column":61}},"type":"cond-expr","locations":[{"start":{"line":243,"column":49},"end":{"line":243,"column":54}},{"start":{"line":243,"column":57},"end":{"line":243,"column":61}}]},"3":{"loc":{"start":{"line":284,"column":24},"end":{"line":284,"column":52}},"type":"cond-expr","locations":[{"start":{"line":284,"column":34},"end":{"line":284,"column":48}},{"start":{"line":284,"column":51},"end":{"line":284,"column":52}}]},"4":{"loc":{"start":{"line":293,"column":6},"end":{"line":296,"column":7}},"type":"if","locations":[{"start":{"line":293,"column":6},"end":{"line":296,"column":7}}]},"5":{"loc":{"start":{"line":316,"column":11},"end":{"line":316,"column":87}},"type":"binary-expr","locations":[{"start":{"line":316,"column":11},"end":{"line":316,"column":32}},{"start":{"line":316,"column":36},"end":{"line":316,"column":87}}]},"6":{"loc":{"start":{"line":329,"column":4},"end":{"line":331,"column":5}},"type":"if","locations":[{"start":{"line":329,"column":4},"end":{"line":331,"column":5}}]},"7":{"loc":{"start":{"line":345,"column":4},"end":{"line":351,"column":5}},"type":"if","locations":[{"start":{"line":345,"column":4},"end":{"line":351,"column":5}},{"start":{"line":347,"column":11},"end":{"line":351,"column":5}}]},"8":{"loc":{"start":{"line":345,"column":8},"end":{"line":345,"column":58}},"type":"binary-expr","locations":[{"start":{"line":345,"column":8},"end":{"line":345,"column":33}},{"start":{"line":345,"column":37},"end":{"line":345,"column":58}}]},"9":{"loc":{"start":{"line":347,"column":11},"end":{"line":351,"column":5}},"type":"if","locations":[{"start":{"line":347,"column":11},"end":{"line":351,"column":5}},{"start":{"line":349,"column":11},"end":{"line":351,"column":5}}]},"10":{"loc":{"start":{"line":349,"column":11},"end":{"line":351,"column":5}},"type":"if","locations":[{"start":{"line":349,"column":11},"end":{"line":351,"column":5}}]},"11":{"loc":{"start":{"line":356,"column":4},"end":{"line":362,"column":5}},"type":"if","locations":[{"start":{"line":356,"column":4},"end":{"line":362,"column":5}},{"start":{"line":358,"column":11},"end":{"line":362,"column":5}}]},"12":{"loc":{"start":{"line":358,"column":11},"end":{"line":362,"column":5}},"type":"if","locations":[{"start":{"line":358,"column":11},"end":{"line":362,"column":5}},{"start":{"line":360,"column":11},"end":{"line":362,"column":5}}]},"13":{"loc":{"start":{"line":366,"column":4},"end":{"line":368,"column":5}},"type":"if","locations":[{"start":{"line":366,"column":4},"end":{"line":368,"column":5}}]},"14":{"loc":{"start":{"line":398,"column":23},"end":{"line":400,"column":29}},"type":"cond-expr","locations":[{"start":{"line":399,"column":12},"end":{"line":399,"column":54}},{"start":{"line":400,"column":12},"end":{"line":400,"column":29}}]},"15":{"loc":{"start":{"line":455,"column":8},"end":{"line":455,"column":53}},"type":"if","locations":[{"start":{"line":455,"column":8},"end":{"line":455,"column":53}}]},"16":{"loc":{"start":{"line":461,"column":8},"end":{"line":461,"column":53}},"type":"if","locations":[{"start":{"line":461,"column":8},"end":{"line":461,"column":53}}]},"17":{"loc":{"start":{"line":465,"column":6},"end":{"line":465,"column":63}},"type":"if","locations":[{"start":{"line":465,"column":6},"end":{"line":465,"column":63}}]},"18":{"loc":{"start":{"line":465,"column":10},"end":{"line":465,"column":52}},"type":"binary-expr","locations":[{"start":{"line":465,"column":10},"end":{"line":465,"column":29}},{"start":{"line":465,"column":33},"end":{"line":465,"column":52}}]}},"s":{"0":0,"1":0,"2":0,"3":0,"4":0,"5":0,"6":0,"7":0,"8":0,"9":0,"10":0,"11":0,"12":0,"13":0,"14":0,"15":0,"16":0,"17":0,"18":0,"19":0,"20":0,"21":0,"22":0,"23":0,"24":0,"25":0,"26":0,"27":0,"28":0,"29":0,"30":0,"31":0,"32":0,"33":0,"34":0,"35":0,"36":0,"37":0,"38":0,"39":0,"40":0,"41":0,"42":0,"43":0,"44":0,"45":0,"46":0,"47":0,"48":0,"49":0,"50":0,"51":0,"52":0,"53":0,"54":0,"55":0,"56":0,"57":0,"58":0,"59":0,"60":0,"61":0,"62":0,"63":0,"64":0,"65":0,"66":0,"67":0,"68":0,"69":0,"70":0,"71":0,"72":0,"73":0,"74":0,"75":0,"76":0,"77":0,"78":0,"79":0,"80":0,"81":0,"82":0,"83":0,"84":0,"85":0,"86":0,"87":0,"88":0,"89":0,"90":0,"91":0,"92":0,"93":0,"94":0,"95":0,"96":0,"97":0,"98":0,"99":0,"100":0,"101":0,"102":0,"103":0,"104":0,"105":0,"106":0,"107":0,"108":0,"109":0,"110":0,"111":0,"112":0},"f":{"0":0,"1":0,"2":0,"3":0,"4":0,"5":0,"6":0,"7":0,"8":0,"9":0,"10":0,"11":0,"12":0,"13":0,"14":0,"15":0,"16":0,"17":0,"18":0,"19":0,"20":0,"21":0,"22":0,"23":0,"24":0,"25":0,"26":0,"27":0},"b":{"0":[0],"1":[0,0],"2":[0,0],"3":[0,0],"4":[0],"5":[0,0],"6":[0],"7":[0,0],"8":[0,0],"9":[0,0],"10":[0],"11":[0,0],"12":[0,0],"13":[0],"14":[0,0],"15":[0],"16":[0],"17":[0],"18":[0,0]}},"C:\\GIT\\Biasbuster\\Biasbuster\\src\\services\\aiService.ts":{"path":"C:\\GIT\\Biasbuster\\Biasbuster\\src\\services\\aiService.ts","statementMap":{"0":{"start":{"line":92,"column":0},"end":{"line":92,"column":7}},"1":{"start":{"line":1,"column":0},"end":{"line":1,"column":26}},"2":{"start":{"line":2,"column":0},"end":{"line":2,"column":28}},"3":{"start":{"line":5,"column":0},"end":{"line":5,"column":16}},"4":{"start":{"line":47,"column":35},"end":{"line":84,"column":2}},"5":{"start":{"line":103,"column":24},"end":{"line":103,"column":63}},"6":{"start":{"line":104,"column":2},"end":{"line":104,"column":86}},"7":{"start":{"line":106,"column":2},"end":{"line":117,"column":3}},"8":{"start":{"line":108,"column":6},"end":{"line":108,"column":62}},"9":{"start":{"line":110,"column":6},"end":{"line":110,"column":67}},"10":{"start":{"line":112,"column":6},"end":{"line":112,"column":62}},"11":{"start":{"line":114,"column":6},"end":{"line":114,"column":49}},"12":{"start":{"line":116,"column":6},"end":{"line":116,"column":47}},"13":{"start":{"line":134,"column":2},"end":{"line":137,"column":3}},"14":{"start":{"line":135,"column":22},"end":{"line":135,"column":76}},"15":{"start":{"line":135,"column":42},"end":{"line":135,"column":75}},"16":{"start":{"line":136,"column":4},"end":{"line":136,"column":36}},"17":{"start":{"line":136,"column":19},"end":{"line":136,"column":36}},"18":{"start":{"line":140,"column":2},"end":{"line":150,"column":3}},"19":{"start":{"line":141,"column":4},"end":{"line":149,"column":6}},"20":{"start":{"line":153,"column":21},"end":{"line":153,"column":47}},"21":{"start":{"line":154,"column":23},"end":{"line":154,"column":51}},"22":{"start":{"line":155,"column":26},"end":{"line":155,"column":57}},"23":{"start":{"line":156,"column":23},"end":{"line":156,"column":51}},"24":{"start":{"line":159,"column":26},"end":{"line":176,"column":4}},"25":{"start":{"line":160,"column":4},"end":{"line":160,"column":63}},"26":{"start":{"line":160,"column":50},"end":{"line":160,"column":63}},"27":{"start":{"line":161,"column":4},"end":{"line":161,"column":67}},"28":{"start":{"line":161,"column":54},"end":{"line":161,"column":67}},"29":{"start":{"line":162,"column":4},"end":{"line":162,"column":73}},"30":{"start":{"line":162,"column":60},"end":{"line":162,"column":73}},"31":{"start":{"line":163,"column":4},"end":{"line":163,"column":67}},"32":{"start":{"line":163,"column":54},"end":{"line":163,"column":67}},"33":{"start":{"line":167,"column":28},"end":{"line":167,"column":48}},"34":{"start":{"line":168,"column":4},"end":{"line":168,"column":66}},"35":{"start":{"line":168,"column":53},"end":{"line":168,"column":66}},"36":{"start":{"line":171,"column":4},"end":{"line":172,"column":68}},"37":{"start":{"line":172,"column":55},"end":{"line":172,"column":68}},"38":{"start":{"line":173,"column":4},"end":{"line":173,"column":103}},"39":{"start":{"line":173,"column":90},"end":{"line":173,"column":103}},"40":{"start":{"line":175,"column":4},"end":{"line":175,"column":16}},"41":{"start":{"line":179,"column":2},"end":{"line":190,"column":3}},"42":{"start":{"line":180,"column":4},"end":{"line":180,"column":94}},"43":{"start":{"line":181,"column":4},"end":{"line":189,"column":6}},"44":{"start":{"line":198,"column":2},"end":{"line":204,"column":3}},"45":{"start":{"line":200,"column":4},"end":{"line":200,"column":70}},"46":{"start":{"line":200,"column":35},"end":{"line":200,"column":68}},"47":{"start":{"line":203,"column":4},"end":{"line":203,"column":68}},"48":{"start":{"line":203,"column":35},"end":{"line":203,"column":66}},"49":{"start":{"line":206,"column":2},"end":{"line":206,"column":28}},"50":{"start":{"line":220,"column":23},"end":{"line":220,"column":29}},"51":{"start":{"line":223,"column":2},"end":{"line":237,"column":3}},"52":{"start":{"line":224,"column":34},"end":{"line":234,"column":8}},"53":{"start":{"line":236,"column":4},"end":{"line":236,"column":118}},"54":{"start":{"line":240,"column":2},"end":{"line":258,"column":3}},"55":{"start":{"line":241,"column":36},"end":{"line":255,"column":8}},"56":{"start":{"line":257,"column":4},"end":{"line":257,"column":120}},"57":{"start":{"line":261,"column":2},"end":{"line":268,"column":3}},"58":{"start":{"line":262,"column":33},"end":{"line":265,"column":2}},"59":{"start":{"line":267,"column":4},"end":{"line":267,"column":117}},"60":{"start":{"line":270,"column":2},"end":{"line":270,"column":24}},"61":{"start":{"line":286,"column":17},"end":{"line":286,"column":41}},"62":{"start":{"line":288,"column":2},"end":{"line":290,"column":3}},"63":{"start":{"line":289,"column":4},"end":{"line":289,"column":65}},"64":{"start":{"line":292,"column":2},"end":{"line":349,"column":3}},"65":{"start":{"line":293,"column":4},"end":{"line":293,"column":59}},"66":{"start":{"line":296,"column":27},"end":{"line":296,"column":57}},"67":{"start":{"line":299,"column":18},"end":{"line":299,"column":68}},"68":{"start":{"line":300,"column":26},"end":{"line":300,"column":41}},"69":{"start":{"line":301,"column":24},"end":{"line":301,"column":63}},"70":{"start":{"line":303,"column":24},"end":{"line":320,"column":6}},"71":{"start":{"line":322,"column":21},"end":{"line":330,"column":null}},"72":{"start":{"line":334,"column":28},"end":{"line":334,"column":68}},"73":{"start":{"line":337,"column":4},"end":{"line":344,"column":5}},"74":{"start":{"line":338,"column":29},"end":{"line":338,"column":56}},"75":{"start":{"line":339,"column":6},"end":{"line":339,"column":59}},"76":{"start":{"line":340,"column":6},"end":{"line":340,"column":55}},"77":{"start":{"line":342,"column":6},"end":{"line":342,"column":55}},"78":{"start":{"line":343,"column":6},"end":{"line":343,"column":61}},"79":{"start":{"line":347,"column":4},"end":{"line":347,"column":83}},"80":{"start":{"line":348,"column":4},"end":{"line":348,"column":61}},"81":{"start":{"line":365,"column":17},"end":{"line":365,"column":46}},"82":{"start":{"line":367,"column":2},"end":{"line":369,"column":3}},"83":{"start":{"line":368,"column":4},"end":{"line":368,"column":70}},"84":{"start":{"line":371,"column":2},"end":{"line":425,"column":3}},"85":{"start":{"line":372,"column":4},"end":{"line":372,"column":71}},"86":{"start":{"line":375,"column":27},"end":{"line":375,"column":57}},"87":{"start":{"line":378,"column":18},"end":{"line":378,"column":68}},"88":{"start":{"line":379,"column":26},"end":{"line":379,"column":41}},"89":{"start":{"line":380,"column":24},"end":{"line":380,"column":63}},"90":{"start":{"line":382,"column":28},"end":{"line":382,"column":85}},"91":{"start":{"line":384,"column":24},"end":{"line":396,"column":6}},"92":{"start":{"line":398,"column":21},"end":{"line":407,"column":null}},"93":{"start":{"line":411,"column":28},"end":{"line":411,"column":57}},"94":{"start":{"line":413,"column":4},"end":{"line":420,"column":5}},"95":{"start":{"line":414,"column":29},"end":{"line":414,"column":56}},"96":{"start":{"line":415,"column":6},"end":{"line":415,"column":68}},"97":{"start":{"line":416,"column":6},"end":{"line":416,"column":55}},"98":{"start":{"line":418,"column":6},"end":{"line":418,"column":60}},"99":{"start":{"line":419,"column":6},"end":{"line":419,"column":68}},"100":{"start":{"line":423,"column":4},"end":{"line":423,"column":92}},"101":{"start":{"line":424,"column":4},"end":{"line":424,"column":70}},"102":{"start":{"line":441,"column":17},"end":{"line":441,"column":43}},"103":{"start":{"line":443,"column":2},"end":{"line":445,"column":3}},"104":{"start":{"line":444,"column":4},"end":{"line":444,"column":67}},"105":{"start":{"line":447,"column":2},"end":{"line":501,"column":3}},"106":{"start":{"line":448,"column":4},"end":{"line":448,"column":58}},"107":{"start":{"line":451,"column":27},"end":{"line":451,"column":57}},"108":{"start":{"line":454,"column":18},"end":{"line":454,"column":68}},"109":{"start":{"line":455,"column":26},"end":{"line":455,"column":41}},"110":{"start":{"line":456,"column":24},"end":{"line":456,"column":63}},"111":{"start":{"line":458,"column":24},"end":{"line":473,"column":6}},"112":{"start":{"line":475,"column":21},"end":{"line":483,"column":null}},"113":{"start":{"line":487,"column":28},"end":{"line":487,"column":68}},"114":{"start":{"line":489,"column":4},"end":{"line":496,"column":5}},"115":{"start":{"line":490,"column":29},"end":{"line":490,"column":56}},"116":{"start":{"line":491,"column":6},"end":{"line":491,"column":58}},"117":{"start":{"line":492,"column":6},"end":{"line":492,"column":55}},"118":{"start":{"line":494,"column":6},"end":{"line":494,"column":57}},"119":{"start":{"line":495,"column":6},"end":{"line":495,"column":65}},"120":{"start":{"line":499,"column":4},"end":{"line":499,"column":82}},"121":{"start":{"line":500,"column":4},"end":{"line":500,"column":60}},"122":{"start":{"line":515,"column":2},"end":{"line":515,"column":63}},"123":{"start":{"line":529,"column":2},"end":{"line":529,"column":51}},"124":{"start":{"line":532,"column":21},"end":{"line":533,"column":66}},"125":{"start":{"line":532,"column":55},"end":{"line":532,"column":71}},"126":{"start":{"line":536,"column":28},"end":{"line":536,"column":30}},"127":{"start":{"line":537,"column":16},"end":{"line":537,"column":34}},"128":{"start":{"line":538,"column":23},"end":{"line":538,"column":28}},"129":{"start":{"line":540,"column":2},"end":{"line":559,"column":3}},"130":{"start":{"line":541,"column":4},"end":{"line":544,"column":5}},"131":{"start":{"line":542,"column":6},"end":{"line":542,"column":28}},"132":{"start":{"line":543,"column":6},"end":{"line":543,"column":15}},"133":{"start":{"line":546,"column":4},"end":{"line":558,"column":5}},"134":{"start":{"line":548,"column":6},"end":{"line":557,"column":7}},"135":{"start":{"line":549,"column":8},"end":{"line":556,"column":11}},"136":{"start":{"line":562,"column":2},"end":{"line":571,"column":3}},"137":{"start":{"line":563,"column":4},"end":{"line":570,"column":7}},"138":{"start":{"line":575,"column":2},"end":{"line":581,"column":3}},"139":{"start":{"line":576,"column":4},"end":{"line":580,"column":6}},"140":{"start":{"line":584,"column":2},"end":{"line":597,"column":3}},"141":{"start":{"line":585,"column":4},"end":{"line":596,"column":6}},"142":{"start":{"line":600,"column":2},"end":{"line":613,"column":4}},"143":{"start":{"line":621,"column":48},"end":{"line":628,"column":4}},"144":{"start":{"line":631,"column":2},"end":{"line":638,"column":3}},"145":{"start":{"line":632,"column":4},"end":{"line":637,"column":6}},"146":{"start":{"line":640,"column":2},"end":{"line":648,"column":3}},"147":{"start":{"line":641,"column":4},"end":{"line":647,"column":6}},"148":{"start":{"line":650,"column":2},"end":{"line":652,"column":3}},"149":{"start":{"line":651,"column":4},"end":{"line":651,"column":67}},"150":{"start":{"line":654,"column":2},"end":{"line":654,"column":27}}},"fnMap":{"0":{"name":"callAI","decl":{"start":{"line":92,"column":22},"end":{"line":92,"column":28}},"loc":{"start":{"line":100,"column":8},"end":{"line":118,"column":1}}},"1":{"name":"selectBestModel","decl":{"start":{"line":123,"column":9},"end":{"line":123,"column":24}},"loc":{"start":{"line":131,"column":8},"end":{"line":207,"column":1}}},"2":{"name":"(anonymous_3)","decl":{"start":{"line":135,"column":37},"end":{"line":135,"column":38}},"loc":{"start":{"line":135,"column":42},"end":{"line":135,"column":75}}},"3":{"name":"(anonymous_4)","decl":{"start":{"line":159,"column":43},"end":{"line":159,"column":48}},"loc":{"start":{"line":159,"column":51},"end":{"line":176,"column":3}}},"4":{"name":"(anonymous_5)","decl":{"start":{"line":200,"column":25},"end":{"line":200,"column":26}},"loc":{"start":{"line":200,"column":35},"end":{"line":200,"column":68}}},"5":{"name":"(anonymous_6)","decl":{"start":{"line":203,"column":25},"end":{"line":203,"column":26}},"loc":{"start":{"line":203,"column":35},"end":{"line":203,"column":66}}},"6":{"name":"enhancePrompt","decl":{"start":{"line":212,"column":9},"end":{"line":212,"column":22}},"loc":{"start":{"line":218,"column":8},"end":{"line":271,"column":1}}},"7":{"name":"callGroqAI","decl":{"start":{"line":276,"column":15},"end":{"line":276,"column":25}},"loc":{"start":{"line":284,"column":8},"end":{"line":350,"column":1}}},"8":{"name":"callAnthropicAI","decl":{"start":{"line":355,"column":15},"end":{"line":355,"column":30}},"loc":{"start":{"line":363,"column":8},"end":{"line":426,"column":1}}},"9":{"name":"callOpenAI","decl":{"start":{"line":431,"column":15},"end":{"line":431,"column":25}},"loc":{"start":{"line":439,"column":8},"end":{"line":502,"column":1}}},"10":{"name":"callGoogleAI","decl":{"start":{"line":507,"column":15},"end":{"line":507,"column":27}},"loc":{"start":{"line":513,"column":8},"end":{"line":516,"column":1}}},"11":{"name":"callMockAI","decl":{"start":{"line":521,"column":15},"end":{"line":521,"column":25}},"loc":{"start":{"line":527,"column":8},"end":{"line":614,"column":1}}},"12":{"name":"(anonymous_13)","decl":{"start":{"line":532,"column":47},"end":{"line":532,"column":51}},"loc":{"start":{"line":532,"column":55},"end":{"line":532,"column":71}}},"13":{"name":"validateAndFormatResponse","decl":{"start":{"line":619,"column":9},"end":{"line":619,"column":34}},"loc":{"start":{"line":619,"column":48},"end":{"line":655,"column":1}}}},"branchMap":{"0":{"loc":{"start":{"line":94,"column":2},"end":{"line":100,"column":8}},"type":"default-arg","locations":[{"start":{"line":100,"column":6},"end":{"line":100,"column":8}}]},"1":{"loc":{"start":{"line":106,"column":2},"end":{"line":117,"column":3}},"type":"switch","locations":[{"start":{"line":107,"column":4},"end":{"line":108,"column":62}},{"start":{"line":109,"column":4},"end":{"line":110,"column":67}},{"start":{"line":111,"column":4},"end":{"line":112,"column":62}},{"start":{"line":113,"column":4},"end":{"line":114,"column":49}},{"start":{"line":115,"column":4},"end":{"line":116,"column":47}}]},"2":{"loc":{"start":{"line":125,"column":2},"end":{"line":131,"column":8}},"type":"default-arg","locations":[{"start":{"line":131,"column":6},"end":{"line":131,"column":8}}]},"3":{"loc":{"start":{"line":134,"column":2},"end":{"line":137,"column":3}},"type":"if","locations":[{"start":{"line":134,"column":2},"end":{"line":137,"column":3}}]},"4":{"loc":{"start":{"line":136,"column":4},"end":{"line":136,"column":36}},"type":"if","locations":[{"start":{"line":136,"column":4},"end":{"line":136,"column":36}}]},"5":{"loc":{"start":{"line":140,"column":2},"end":{"line":150,"column":3}},"type":"if","locations":[{"start":{"line":140,"column":2},"end":{"line":150,"column":3}}]},"6":{"loc":{"start":{"line":160,"column":4},"end":{"line":160,"column":63}},"type":"if","locations":[{"start":{"line":160,"column":4},"end":{"line":160,"column":63}}]},"7":{"loc":{"start":{"line":160,"column":8},"end":{"line":160,"column":48}},"type":"binary-expr","locations":[{"start":{"line":160,"column":8},"end":{"line":160,"column":33}},{"start":{"line":160,"column":37},"end":{"line":160,"column":48}}]},"8":{"loc":{"start":{"line":161,"column":4},"end":{"line":161,"column":67}},"type":"if","locations":[{"start":{"line":161,"column":4},"end":{"line":161,"column":67}}]},"9":{"loc":{"start":{"line":161,"column":8},"end":{"line":161,"column":52}},"type":"binary-expr","locations":[{"start":{"line":161,"column":8},"end":{"line":161,"column":35}},{"start":{"line":161,"column":39},"end":{"line":161,"column":52}}]},"10":{"loc":{"start":{"line":162,"column":4},"end":{"line":162,"column":73}},"type":"if","locations":[{"start":{"line":162,"column":4},"end":{"line":162,"column":73}}]},"11":{"loc":{"start":{"line":162,"column":8},"end":{"line":162,"column":58}},"type":"binary-expr","locations":[{"start":{"line":162,"column":8},"end":{"line":162,"column":38}},{"start":{"line":162,"column":42},"end":{"line":162,"column":58}}]},"12":{"loc":{"start":{"line":163,"column":4},"end":{"line":163,"column":67}},"type":"if","locations":[{"start":{"line":163,"column":4},"end":{"line":163,"column":67}}]},"13":{"loc":{"start":{"line":163,"column":8},"end":{"line":163,"column":52}},"type":"binary-expr","locations":[{"start":{"line":163,"column":8},"end":{"line":163,"column":35}},{"start":{"line":163,"column":39},"end":{"line":163,"column":52}}]},"14":{"loc":{"start":{"line":168,"column":4},"end":{"line":168,"column":66}},"type":"if","locations":[{"start":{"line":168,"column":4},"end":{"line":168,"column":66}}]},"15":{"loc":{"start":{"line":171,"column":4},"end":{"line":172,"column":68}},"type":"if","locations":[{"start":{"line":171,"column":4},"end":{"line":172,"column":68}}]},"16":{"loc":{"start":{"line":171,"column":8},"end":{"line":172,"column":53}},"type":"binary-expr","locations":[{"start":{"line":171,"column":8},"end":{"line":171,"column":24}},{"start":{"line":171,"column":28},"end":{"line":171,"column":53}},{"start":{"line":172,"column":8},"end":{"line":172,"column":53}}]},"17":{"loc":{"start":{"line":173,"column":4},"end":{"line":173,"column":103}},"type":"if","locations":[{"start":{"line":173,"column":4},"end":{"line":173,"column":103}}]},"18":{"loc":{"start":{"line":173,"column":8},"end":{"line":173,"column":88}},"type":"binary-expr","locations":[{"start":{"line":173,"column":8},"end":{"line":173,"column":34}},{"start":{"line":173,"column":38},"end":{"line":173,"column":88}}]},"19":{"loc":{"start":{"line":179,"column":2},"end":{"line":190,"column":3}},"type":"if","locations":[{"start":{"line":179,"column":2},"end":{"line":190,"column":3}}]},"20":{"loc":{"start":{"line":198,"column":2},"end":{"line":204,"column":3}},"type":"if","locations":[{"start":{"line":198,"column":2},"end":{"line":204,"column":3}},{"start":{"line":201,"column":9},"end":{"line":204,"column":3}}]},"21":{"loc":{"start":{"line":214,"column":2},"end":{"line":218,"column":8}},"type":"default-arg","locations":[{"start":{"line":218,"column":6},"end":{"line":218,"column":8}}]},"22":{"loc":{"start":{"line":223,"column":2},"end":{"line":237,"column":3}},"type":"if","locations":[{"start":{"line":223,"column":2},"end":{"line":237,"column":3}}]},"23":{"loc":{"start":{"line":240,"column":2},"end":{"line":258,"column":3}},"type":"if","locations":[{"start":{"line":240,"column":2},"end":{"line":258,"column":3}}]},"24":{"loc":{"start":{"line":261,"column":2},"end":{"line":268,"column":3}},"type":"if","locations":[{"start":{"line":261,"column":2},"end":{"line":268,"column":3}}]},"25":{"loc":{"start":{"line":261,"column":6},"end":{"line":261,"column":51}},"type":"binary-expr","locations":[{"start":{"line":261,"column":6},"end":{"line":261,"column":22}},{"start":{"line":261,"column":26},"end":{"line":261,"column":51}}]},"26":{"loc":{"start":{"line":279,"column":2},"end":{"line":284,"column":8}},"type":"default-arg","locations":[{"start":{"line":284,"column":6},"end":{"line":284,"column":8}}]},"27":{"loc":{"start":{"line":288,"column":2},"end":{"line":290,"column":3}},"type":"if","locations":[{"start":{"line":288,"column":2},"end":{"line":290,"column":3}}]},"28":{"loc":{"start":{"line":301,"column":24},"end":{"line":301,"column":63}},"type":"cond-expr","locations":[{"start":{"line":301,"column":43},"end":{"line":301,"column":58}},{"start":{"line":301,"column":61},"end":{"line":301,"column":63}}]},"29":{"loc":{"start":{"line":316,"column":18},"end":{"line":316,"column":43}},"type":"binary-expr","locations":[{"start":{"line":316,"column":18},"end":{"line":316,"column":35}},{"start":{"line":316,"column":39},"end":{"line":316,"column":43}}]},"30":{"loc":{"start":{"line":347,"column":44},"end":{"line":347,"column":81}},"type":"binary-expr","locations":[{"start":{"line":347,"column":44},"end":{"line":347,"column":64}},{"start":{"line":347,"column":68},"end":{"line":347,"column":81}}]},"31":{"loc":{"start":{"line":347,"column":44},"end":{"line":347,"column":64}},"type":"cond-expr","locations":[{"start":{"line":347,"column":58},"end":{"line":347,"column":60}},{"start":{"line":347,"column":58},"end":{"line":347,"column":64}}]},"32":{"loc":{"start":{"line":347,"column":44},"end":{"line":347,"column":60}},"type":"binary-expr","locations":[{"start":{"line":347,"column":44},"end":{"line":347,"column":60}},{"start":{"line":347,"column":58},"end":{"line":347,"column":60}}]},"33":{"loc":{"start":{"line":358,"column":2},"end":{"line":363,"column":8}},"type":"default-arg","locations":[{"start":{"line":363,"column":6},"end":{"line":363,"column":8}}]},"34":{"loc":{"start":{"line":367,"column":2},"end":{"line":369,"column":3}},"type":"if","locations":[{"start":{"line":367,"column":2},"end":{"line":369,"column":3}}]},"35":{"loc":{"start":{"line":380,"column":24},"end":{"line":380,"column":63}},"type":"cond-expr","locations":[{"start":{"line":380,"column":43},"end":{"line":380,"column":58}},{"start":{"line":380,"column":61},"end":{"line":380,"column":63}}]},"36":{"loc":{"start":{"line":393,"column":18},"end":{"line":393,"column":43}},"type":"binary-expr","locations":[{"start":{"line":393,"column":18},"end":{"line":393,"column":35}},{"start":{"line":393,"column":39},"end":{"line":393,"column":43}}]},"37":{"loc":{"start":{"line":423,"column":53},"end":{"line":423,"column":90}},"type":"binary-expr","locations":[{"start":{"line":423,"column":53},"end":{"line":423,"column":73}},{"start":{"line":423,"column":77},"end":{"line":423,"column":90}}]},"38":{"loc":{"start":{"line":423,"column":53},"end":{"line":423,"column":73}},"type":"cond-expr","locations":[{"start":{"line":423,"column":67},"end":{"line":423,"column":69}},{"start":{"line":423,"column":67},"end":{"line":423,"column":73}}]},"39":{"loc":{"start":{"line":423,"column":53},"end":{"line":423,"column":69}},"type":"binary-expr","locations":[{"start":{"line":423,"column":53},"end":{"line":423,"column":69}},{"start":{"line":423,"column":67},"end":{"line":423,"column":69}}]},"40":{"loc":{"start":{"line":434,"column":2},"end":{"line":439,"column":8}},"type":"default-arg","locations":[{"start":{"line":439,"column":6},"end":{"line":439,"column":8}}]},"41":{"loc":{"start":{"line":443,"column":2},"end":{"line":445,"column":3}},"type":"if","locations":[{"start":{"line":443,"column":2},"end":{"line":445,"column":3}}]},"42":{"loc":{"start":{"line":456,"column":24},"end":{"line":456,"column":63}},"type":"cond-expr","locations":[{"start":{"line":456,"column":43},"end":{"line":456,"column":58}},{"start":{"line":456,"column":61},"end":{"line":456,"column":63}}]},"43":{"loc":{"start":{"line":471,"column":18},"end":{"line":471,"column":43}},"type":"binary-expr","locations":[{"start":{"line":471,"column":18},"end":{"line":471,"column":35}},{"start":{"line":471,"column":39},"end":{"line":471,"column":43}}]},"44":{"loc":{"start":{"line":499,"column":43},"end":{"line":499,"column":80}},"type":"binary-expr","locations":[{"start":{"line":499,"column":43},"end":{"line":499,"column":63}},{"start":{"line":499,"column":67},"end":{"line":499,"column":80}}]},"45":{"loc":{"start":{"line":499,"column":43},"end":{"line":499,"column":63}},"type":"cond-expr","locations":[{"start":{"line":499,"column":57},"end":{"line":499,"column":59}},{"start":{"line":499,"column":57},"end":{"line":499,"column":63}}]},"46":{"loc":{"start":{"line":499,"column":43},"end":{"line":499,"column":59}},"type":"binary-expr","locations":[{"start":{"line":499,"column":43},"end":{"line":499,"column":59}},{"start":{"line":499,"column":57},"end":{"line":499,"column":59}}]},"47":{"loc":{"start":{"line":509,"column":2},"end":{"line":513,"column":8}},"type":"default-arg","locations":[{"start":{"line":513,"column":6},"end":{"line":513,"column":8}}]},"48":{"loc":{"start":{"line":523,"column":2},"end":{"line":527,"column":8}},"type":"default-arg","locations":[{"start":{"line":527,"column":6},"end":{"line":527,"column":8}}]},"49":{"loc":{"start":{"line":532,"column":21},"end":{"line":533,"column":66}},"type":"binary-expr","locations":[{"start":{"line":532,"column":21},"end":{"line":532,"column":75}},{"start":{"line":533,"column":20},"end":{"line":533,"column":66}}]},"50":{"loc":{"start":{"line":541,"column":4},"end":{"line":544,"column":5}},"type":"if","locations":[{"start":{"line":541,"column":4},"end":{"line":544,"column":5}}]},"51":{"loc":{"start":{"line":546,"column":4},"end":{"line":558,"column":5}},"type":"if","locations":[{"start":{"line":546,"column":4},"end":{"line":558,"column":5}}]},"52":{"loc":{"start":{"line":546,"column":8},"end":{"line":546,"column":42}},"type":"binary-expr","locations":[{"start":{"line":546,"column":8},"end":{"line":546,"column":22}},{"start":{"line":546,"column":26},"end":{"line":546,"column":42}}]},"53":{"loc":{"start":{"line":548,"column":6},"end":{"line":557,"column":7}},"type":"if","locations":[{"start":{"line":548,"column":6},"end":{"line":557,"column":7}}]},"54":{"loc":{"start":{"line":562,"column":2},"end":{"line":571,"column":3}},"type":"if","locations":[{"start":{"line":562,"column":2},"end":{"line":571,"column":3}}]},"55":{"loc":{"start":{"line":575,"column":2},"end":{"line":581,"column":3}},"type":"if","locations":[{"start":{"line":575,"column":2},"end":{"line":581,"column":3}}]},"56":{"loc":{"start":{"line":584,"column":2},"end":{"line":597,"column":3}},"type":"if","locations":[{"start":{"line":584,"column":2},"end":{"line":597,"column":3}}]},"57":{"loc":{"start":{"line":602,"column":18},"end":{"line":602,"column":61}},"type":"cond-expr","locations":[{"start":{"line":602,"column":49},"end":{"line":602,"column":54}},{"start":{"line":602,"column":57},"end":{"line":602,"column":61}}]},"58":{"loc":{"start":{"line":612,"column":22},"end":{"line":612,"column":46}},"type":"binary-expr","locations":[{"start":{"line":612,"column":22},"end":{"line":612,"column":38}},{"start":{"line":612,"column":42},"end":{"line":612,"column":46}}]},"59":{"loc":{"start":{"line":622,"column":15},"end":{"line":622,"column":52}},"type":"binary-expr","locations":[{"start":{"line":622,"column":15},"end":{"line":622,"column":33}},{"start":{"line":622,"column":37},"end":{"line":622,"column":52}}]},"60":{"loc":{"start":{"line":623,"column":18},"end":{"line":623,"column":64}},"type":"cond-expr","locations":[{"start":{"line":623,"column":52},"end":{"line":623,"column":57}},{"start":{"line":623,"column":60},"end":{"line":623,"column":64}}]},"61":{"loc":{"start":{"line":624,"column":19},"end":{"line":624,"column":86}},"type":"cond-expr","locations":[{"start":{"line":624,"column":59},"end":{"line":624,"column":81}},{"start":{"line":624,"column":84},"end":{"line":624,"column":86}}]},"62":{"loc":{"start":{"line":625,"column":17},"end":{"line":625,"column":63}},"type":"binary-expr","locations":[{"start":{"line":625,"column":17},"end":{"line":625,"column":37}},{"start":{"line":625,"column":41},"end":{"line":625,"column":63}}]},"63":{"loc":{"start":{"line":626,"column":20},"end":{"line":626,"column":89}},"type":"cond-expr","locations":[{"start":{"line":626,"column":61},"end":{"line":626,"column":84}},{"start":{"line":626,"column":87},"end":{"line":626,"column":89}}]},"64":{"loc":{"start":{"line":627,"column":24},"end":{"line":627,"column":89}},"type":"binary-expr","locations":[{"start":{"line":627,"column":24},"end":{"line":627,"column":51}},{"start":{"line":627,"column":55},"end":{"line":627,"column":89}}]},"65":{"loc":{"start":{"line":631,"column":2},"end":{"line":638,"column":3}},"type":"if","locations":[{"start":{"line":631,"column":2},"end":{"line":638,"column":3}}]},"66":{"loc":{"start":{"line":633,"column":15},"end":{"line":633,"column":62}},"type":"binary-expr","locations":[{"start":{"line":633,"column":15},"end":{"line":633,"column":49}},{"start":{"line":633,"column":53},"end":{"line":633,"column":62}}]},"67":{"loc":{"start":{"line":634,"column":13},"end":{"line":634,"column":62}},"type":"binary-expr","locations":[{"start":{"line":634,"column":13},"end":{"line":634,"column":57}},{"start":{"line":634,"column":61},"end":{"line":634,"column":62}}]},"68":{"loc":{"start":{"line":635,"column":21},"end":{"line":636,"column":53}},"type":"cond-expr","locations":[{"start":{"line":636,"column":8},"end":{"line":636,"column":48}},{"start":{"line":636,"column":51},"end":{"line":636,"column":53}}]},"69":{"loc":{"start":{"line":640,"column":2},"end":{"line":648,"column":3}},"type":"if","locations":[{"start":{"line":640,"column":2},"end":{"line":648,"column":3}}]},"70":{"loc":{"start":{"line":642,"column":13},"end":{"line":642,"column":61}},"type":"binary-expr","locations":[{"start":{"line":642,"column":13},"end":{"line":642,"column":55}},{"start":{"line":642,"column":59},"end":{"line":642,"column":61}}]},"71":{"loc":{"start":{"line":643,"column":15},"end":{"line":644,"column":47}},"type":"cond-expr","locations":[{"start":{"line":644,"column":8},"end":{"line":644,"column":42}},{"start":{"line":644,"column":45},"end":{"line":644,"column":47}}]},"72":{"loc":{"start":{"line":645,"column":23},"end":{"line":646,"column":55}},"type":"cond-expr","locations":[{"start":{"line":646,"column":8},"end":{"line":646,"column":50}},{"start":{"line":646,"column":53},"end":{"line":646,"column":55}}]},"73":{"loc":{"start":{"line":650,"column":2},"end":{"line":652,"column":3}},"type":"if","locations":[{"start":{"line":650,"column":2},"end":{"line":652,"column":3}}]}},"s":{"0":0,"1":0,"2":0,"3":0,"4":0,"5":0,"6":0,"7":0,"8":0,"9":0,"10":0,"11":0,"12":0,"13":0,"14":0,"15":0,"16":0,"17":0,"18":0,"19":0,"20":0,"21":0,"22":0,"23":0,"24":0,"25":0,"26":0,"27":0,"28":0,"29":0,"30":0,"31":0,"32":0,"33":0,"34":0,"35":0,"36":0,"37":0,"38":0,"39":0,"40":0,"41":0,"42":0,"43":0,"44":0,"45":0,"46":0,"47":0,"48":0,"49":0,"50":0,"51":0,"52":0,"53":0,"54":0,"55":0,"56":0,"57":0,"58":0,"59":0,"60":0,"61":0,"62":0,"63":0,"64":0,"65":0,"66":0,"67":0,"68":0,"69":0,"70":0,"71":0,"72":0,"73":0,"74":0,"75":0,"76":0,"77":0,"78":0,"79":0,"80":0,"81":0,"82":0,"83":0,"84":0,"85":0,"86":0,"87":0,"88":0,"89":0,"90":0,"91":0,"92":0,"93":0,"94":0,"95":0,"96":0,"97":0,"98":0,"99":0,"100":0,"101":0,"102":0,"103":0,"104":0,"105":0,"106":0,"107":0,"108":0,"109":0,"110":0,"111":0,"112":0,"113":0,"114":0,"115":0,"116":0,"117":0,"118":0,"119":0,"120":0,"121":0,"122":0,"123":0,"124":0,"125":0,"126":0,"127":0,"128":0,"129":0,"130":0,"131":0,"132":0,"133":0,"134":0,"135":0,"136":0,"137":0,"138":0,"139":0,"140":0,"141":0,"142":0,"143":0,"144":0,"145":0,"146":0,"147":0,"148":0,"149":0,"150":0},"f":{"0":0,"1":0,"2":0,"3":0,"4":0,"5":0,"6":0,"7":0,"8":0,"9":0,"10":0,"11":0,"12":0,"13":0},"b":{"0":[0],"1":[0,0,0,0,0],"2":[0],"3":[0],"4":[0],"5":[0],"6":[0],"7":[0,0],"8":[0],"9":[0,0],"10":[0],"11":[0,0],"12":[0],"13":[0,0],"14":[0],"15":[0],"16":[0,0,0],"17":[0],"18":[0,0],"19":[0],"20":[0,0],"21":[0],"22":[0],"23":[0],"24":[0],"25":[0,0],"26":[0],"27":[0],"28":[0,0],"29":[0,0],"30":[0,0],"31":[0,0],"32":[0,0],"33":[0],"34":[0],"35":[0,0],"36":[0,0],"37":[0,0],"38":[0,0],"39":[0,0],"40":[0],"41":[0],"42":[0,0],"43":[0,0],"44":[0,0],"45":[0,0],"46":[0,0],"47":[0],"48":[0],"49":[0,0],"50":[0],"51":[0],"52":[0,0],"53":[0],"54":[0],"55":[0],"56":[0],"57":[0,0],"58":[0,0],"59":[0,0],"60":[0,0],"61":[0,0],"62":[0,0],"63":[0,0],"64":[0,0],"65":[0],"66":[0,0],"67":[0,0],"68":[0,0],"69":[0],"70":[0,0],"71":[0,0],"72":[0,0],"73":[0]}}}}
