{"/home/amar/Developer/Biasbuster/src/App.tsx": {"path":"/home/amar/Developer/Biasbuster/src/App.tsx","statementMap":{"0":{"start":{"line":2,"column":0},"end":{"line":2,"column":64}},"1":{"start":{"line":3,"column":0},"end":{"line":3,"column":42}},"2":{"start":{"line":4,"column":0},"end":{"line":4,"column":42}},"3":{"start":{"line":5,"column":0},"end":{"line":5,"column":54}},"4":{"start":{"line":6,"column":0},"end":{"line":6,"column":50}},"5":{"start":{"line":7,"column":0},"end":{"line":7,"column":48}},"6":{"start":{"line":8,"column":0},"end":{"line":8,"column":40}},"7":{"start":{"line":9,"column":0},"end":{"line":9,"column":54}},"8":{"start":{"line":10,"column":0},"end":{"line":10,"column":40}},"9":{"start":{"line":11,"column":0},"end":{"line":11,"column":78}},"10":{"start":{"line":12,"column":0},"end":{"line":12,"column":62}},"11":{"start":{"line":13,"column":0},"end":{"line":13,"column":78}},"12":{"start":{"line":14,"column":0},"end":{"line":14,"column":48}},"13":{"start":{"line":15,"column":0},"end":{"line":15,"column":48}},"14":{"start":{"line":16,"column":0},"end":{"line":16,"column":70}},"15":{"start":{"line":17,"column":0},"end":{"line":17,"column":56}},"16":{"start":{"line":18,"column":0},"end":{"line":18,"column":54}},"17":{"start":{"line":19,"column":0},"end":{"line":19,"column":38}},"18":{"start":{"line":20,"column":0},"end":{"line":20,"column":56}},"19":{"start":{"line":22,"column":0},"end":{"line":22,"column":54}},"20":{"start":{"line":23,"column":0},"end":{"line":23,"column":54}},"21":{"start":{"line":24,"column":0},"end":{"line":24,"column":38}},"22":{"start":{"line":25,"column":0},"end":{"line":25,"column":47}},"23":{"start":{"line":26,"column":0},"end":{"line":26,"column":66}},"24":{"start":{"line":32,"column":38},"end":{"line":32,"column":53}},"25":{"start":{"line":33,"column":40},"end":{"line":33,"column":72}},"26":{"start":{"line":34,"column":38},"end":{"line":34,"column":53}},"27":{"start":{"line":35,"column":34},"end":{"line":35,"column":58}},"28":{"start":{"line":36,"column":42},"end":{"line":36,"column":57}},"29":{"start":{"line":37,"column":32},"end":{"line":37,"column":59}},"30":{"start":{"line":38,"column":42},"end":{"line":38,"column":73}},"31":{"start":{"line":40,"column":42},"end":{"line":40,"column":95}},"32":{"start":{"line":41,"column":46},"end":{"line":41,"column":78}},"33":{"start":{"line":42,"column":56},"end":{"line":42,"column":90}},"34":{"start":{"line":43,"column":56},"end":{"line":43,"column":71}},"35":{"start":{"line":45,"column":2},"end":{"line":69,"column":9}},"36":{"start":{"line":46,"column":24},"end":{"line":46,"column":81}},"37":{"start":{"line":47,"column":4},"end":{"line":47,"column":31}},"38":{"start":{"line":49,"column":19},"end":{"line":49,"column":38}},"39":{"start":{"line":50,"column":4},"end":{"line":55,"column":5}},"40":{"start":{"line":51,"column":8},"end":{"line":54,"column":16}},"41":{"start":{"line":57,"column":4},"end":{"line":66,"column":5}},"42":{"start":{"line":58,"column":28},"end":{"line":58,"column":70}},"43":{"start":{"line":59,"column":6},"end":{"line":59,"column":63}},"44":{"start":{"line":59,"column":25},"end":{"line":59,"column":63}},"45":{"start":{"line":60,"column":33},"end":{"line":60,"column":81}},"46":{"start":{"line":61,"column":6},"end":{"line":61,"column":78}},"47":{"start":{"line":61,"column":30},"end":{"line":61,"column":78}},"48":{"start":{"line":62,"column":27},"end":{"line":62,"column":77}},"49":{"start":{"line":63,"column":6},"end":{"line":63,"column":77}},"50":{"start":{"line":63,"column":24},"end":{"line":63,"column":77}},"51":{"start":{"line":65,"column":6},"end":{"line":65,"column":63}},"52":{"start":{"line":68,"column":4},"end":{"line":68,"column":68}},"53":{"start":{"line":71,"column":2},"end":{"line":77,"column":16}},"54":{"start":{"line":72,"column":4},"end":{"line":76,"column":5}},"55":{"start":{"line":73,"column":8},"end":{"line":73,"column":76}},"56":{"start":{"line":75,"column":8},"end":{"line":75,"column":71}},"57":{"start":{"line":79,"column":2},"end":{"line":85,"column":21}},"58":{"start":{"line":80,"column":4},"end":{"line":84,"column":5}},"59":{"start":{"line":81,"column":8},"end":{"line":81,"column":87}},"60":{"start":{"line":83,"column":8},"end":{"line":83,"column":77}},"61":{"start":{"line":87,"column":2},"end":{"line":93,"column":23}},"62":{"start":{"line":88,"column":4},"end":{"line":92,"column":5}},"63":{"start":{"line":89,"column":8},"end":{"line":89,"column":103}},"64":{"start":{"line":91,"column":8},"end":{"line":91,"column":79}},"65":{"start":{"line":95,"column":31},"end":{"line":123,"column":45}},"66":{"start":{"line":96,"column":22},"end":{"line":96,"column":45}},"67":{"start":{"line":97,"column":18},"end":{"line":97,"column":23}},"68":{"start":{"line":99,"column":19},"end":{"line":104,"column":5}},"69":{"start":{"line":100,"column":8},"end":{"line":103,"column":9}},"70":{"start":{"line":101,"column":12},"end":{"line":101,"column":30}},"71":{"start":{"line":102,"column":12},"end":{"line":102,"column":27}},"72":{"start":{"line":107,"column":4},"end":{"line":107,"column":54}},"73":{"start":{"line":107,"column":29},"end":{"line":107,"column":54}},"74":{"start":{"line":108,"column":4},"end":{"line":108,"column":49}},"75":{"start":{"line":108,"column":29},"end":{"line":108,"column":49}},"76":{"start":{"line":109,"column":4},"end":{"line":109,"column":51}},"77":{"start":{"line":109,"column":30},"end":{"line":109,"column":51}},"78":{"start":{"line":112,"column":26},"end":{"line":112,"column":105}},"79":{"start":{"line":112,"column":56},"end":{"line":112,"column":101}},"80":{"start":{"line":113,"column":4},"end":{"line":113,"column":49}},"81":{"start":{"line":113,"column":28},"end":{"line":113,"column":49}},"82":{"start":{"line":114,"column":4},"end":{"line":114,"column":51}},"83":{"start":{"line":114,"column":29},"end":{"line":114,"column":51}},"84":{"start":{"line":117,"column":4},"end":{"line":117,"column":56}},"85":{"start":{"line":117,"column":35},"end":{"line":117,"column":56}},"86":{"start":{"line":118,"column":4},"end":{"line":118,"column":60}},"87":{"start":{"line":118,"column":38},"end":{"line":118,"column":60}},"88":{"start":{"line":120,"column":4},"end":{"line":122,"column":5}},"89":{"start":{"line":121,"column":8},"end":{"line":121,"column":37}},"90":{"start":{"line":125,"column":2},"end":{"line":127,"column":29}},"91":{"start":{"line":126,"column":4},"end":{"line":126,"column":27}},"92":{"start":{"line":129,"column":2},"end":{"line":135,"column":43}},"93":{"start":{"line":130,"column":19},"end":{"line":130,"column":43}},"94":{"start":{"line":131,"column":4},"end":{"line":131,"column":87}},"95":{"start":{"line":131,"column":20},"end":{"line":131,"column":49}},"96":{"start":{"line":131,"column":55},"end":{"line":131,"column":87}},"97":{"start":{"line":132,"column":4},"end":{"line":132,"column":76}},"98":{"start":{"line":133,"column":4},"end":{"line":133,"column":50}},"99":{"start":{"line":134,"column":4},"end":{"line":134,"column":107}},"100":{"start":{"line":134,"column":22},"end":{"line":134,"column":60}},"101":{"start":{"line":134,"column":66},"end":{"line":134,"column":107}},"102":{"start":{"line":137,"column":25},"end":{"line":137,"column":59}},"103":{"start":{"line":137,"column":31},"end":{"line":137,"column":59}},"104":{"start":{"line":137,"column":53},"end":{"line":137,"column":58}},"105":{"start":{"line":138,"column":20},"end":{"line":138,"column":63}},"106":{"start":{"line":138,"column":42},"end":{"line":138,"column":63}},"107":{"start":{"line":139,"column":21},"end":{"line":139,"column":47}},"108":{"start":{"line":139,"column":27},"end":{"line":139,"column":47}},"109":{"start":{"line":140,"column":19},"end":{"line":140,"column":44}},"110":{"start":{"line":140,"column":25},"end":{"line":140,"column":44}},"111":{"start":{"line":141,"column":20},"end":{"line":141,"column":46}},"112":{"start":{"line":141,"column":26},"end":{"line":141,"column":46}},"113":{"start":{"line":142,"column":19},"end":{"line":142,"column":60}},"114":{"start":{"line":142,"column":39},"end":{"line":142,"column":60}},"115":{"start":{"line":143,"column":20},"end":{"line":143,"column":47}},"116":{"start":{"line":143,"column":26},"end":{"line":143,"column":47}},"117":{"start":{"line":145,"column":26},"end":{"line":152,"column":3}},"118":{"start":{"line":146,"column":6},"end":{"line":151,"column":7}},"119":{"start":{"line":147,"column":26},"end":{"line":147,"column":96}},"120":{"start":{"line":148,"column":24},"end":{"line":148,"column":88}},"121":{"start":{"line":149,"column":32},"end":{"line":149,"column":111}},"122":{"start":{"line":150,"column":19},"end":{"line":150,"column":55}},"123":{"start":{"line":154,"column":25},"end":{"line":166,"column":3}},"124":{"start":{"line":155,"column":20},"end":{"line":155,"column":30}},"125":{"start":{"line":156,"column":35},"end":{"line":163,"column":8}},"126":{"start":{"line":164,"column":6},"end":{"line":164,"column":58}},"127":{"start":{"line":164,"column":25},"end":{"line":164,"column":56}},"128":{"start":{"line":165,"column":6},"end":{"line":165,"column":19}},"129":{"start":{"line":168,"column":39},"end":{"line":176,"column":3}},"130":{"start":{"line":169,"column":6},"end":{"line":175,"column":10}},"131":{"start":{"line":169,"column":25},"end":{"line":175,"column":8}},"132":{"start":{"line":170,"column":10},"end":{"line":173,"column":11}},"133":{"start":{"line":171,"column":38},"end":{"line":171,"column":57}},"134":{"start":{"line":172,"column":14},"end":{"line":172,"column":89}},"135":{"start":{"line":174,"column":10},"end":{"line":174,"column":22}},"136":{"start":{"line":178,"column":29},"end":{"line":183,"column":3}},"137":{"start":{"line":179,"column":4},"end":{"line":182,"column":8}},"138":{"start":{"line":179,"column":29},"end":{"line":182,"column":6}},"139":{"start":{"line":185,"column":32},"end":{"line":188,"column":3}},"140":{"start":{"line":186,"column":4},"end":{"line":186,"column":33}},"141":{"start":{"line":187,"column":4},"end":{"line":187,"column":33}},"142":{"start":{"line":190,"column":35},"end":{"line":193,"column":3}},"143":{"start":{"line":191,"column":4},"end":{"line":191,"column":34}},"144":{"start":{"line":192,"column":4},"end":{"line":192,"column":33}},"145":{"start":{"line":195,"column":23},"end":{"line":195,"column":40}},"146":{"start":{"line":197,"column":2},"end":{"line":274,"column":4}},"147":{"start":{"line":277,"column":0},"end":{"line":277,"column":19}}},"fnMap":{"0":{"name":"App","decl":{"start":{"line":31,"column":9},"end":{"line":31,"column":12}},"loc":{"start":{"line":31,"column":12},"end":{"line":275,"column":1}}},"1":{"name":"(anonymous_1)","decl":{"start":{"line":45,"column":12},"end":{"line":45,"column":15}},"loc":{"start":{"line":45,"column":17},"end":{"line":69,"column":3}}},"2":{"name":"(anonymous_2)","decl":{"start":{"line":71,"column":12},"end":{"line":71,"column":15}},"loc":{"start":{"line":71,"column":17},"end":{"line":77,"column":3}}},"3":{"name":"(anonymous_3)","decl":{"start":{"line":79,"column":12},"end":{"line":79,"column":15}},"loc":{"start":{"line":79,"column":17},"end":{"line":85,"column":3}}},"4":{"name":"(anonymous_4)","decl":{"start":{"line":87,"column":12},"end":{"line":87,"column":15}},"loc":{"start":{"line":87,"column":17},"end":{"line":93,"column":3}}},"5":{"name":"(anonymous_5)","decl":{"start":{"line":95,"column":43},"end":{"line":95,"column":46}},"loc":{"start":{"line":95,"column":48},"end":{"line":123,"column":3}}},"6":{"name":"(anonymous_6)","decl":{"start":{"line":99,"column":19},"end":{"line":99,"column":20}},"loc":{"start":{"line":99,"column":34},"end":{"line":104,"column":5}}},"7":{"name":"(anonymous_7)","decl":{"start":{"line":112,"column":41},"end":{"line":112,"column":42}},"loc":{"start":{"line":112,"column":56},"end":{"line":112,"column":101}}},"8":{"name":"(anonymous_8)","decl":{"start":{"line":125,"column":12},"end":{"line":125,"column":15}},"loc":{"start":{"line":125,"column":17},"end":{"line":127,"column":3}}},"9":{"name":"(anonymous_9)","decl":{"start":{"line":129,"column":12},"end":{"line":129,"column":15}},"loc":{"start":{"line":129,"column":17},"end":{"line":135,"column":3}}},"10":{"name":"(anonymous_10)","decl":{"start":{"line":137,"column":25},"end":{"line":137,"column":28}},"loc":{"start":{"line":137,"column":31},"end":{"line":137,"column":59}}},"11":{"name":"(anonymous_11)","decl":{"start":{"line":137,"column":45},"end":{"line":137,"column":49}},"loc":{"start":{"line":137,"column":53},"end":{"line":137,"column":58}}},"12":{"name":"(anonymous_12)","decl":{"start":{"line":138,"column":20},"end":{"line":138,"column":21}},"loc":{"start":{"line":138,"column":42},"end":{"line":138,"column":63}}},"13":{"name":"(anonymous_13)","decl":{"start":{"line":139,"column":21},"end":{"line":139,"column":24}},"loc":{"start":{"line":139,"column":27},"end":{"line":139,"column":47}}},"14":{"name":"(anonymous_14)","decl":{"start":{"line":140,"column":19},"end":{"line":140,"column":22}},"loc":{"start":{"line":140,"column":25},"end":{"line":140,"column":44}}},"15":{"name":"(anonymous_15)","decl":{"start":{"line":141,"column":20},"end":{"line":141,"column":23}},"loc":{"start":{"line":141,"column":26},"end":{"line":141,"column":46}}},"16":{"name":"(anonymous_16)","decl":{"start":{"line":142,"column":19},"end":{"line":142,"column":20}},"loc":{"start":{"line":142,"column":39},"end":{"line":142,"column":60}}},"17":{"name":"(anonymous_17)","decl":{"start":{"line":143,"column":20},"end":{"line":143,"column":23}},"loc":{"start":{"line":143,"column":26},"end":{"line":143,"column":47}}},"18":{"name":"(anonymous_18)","decl":{"start":{"line":145,"column":26},"end":{"line":145,"column":29}},"loc":{"start":{"line":145,"column":31},"end":{"line":152,"column":3}}},"19":{"name":"(anonymous_19)","decl":{"start":{"line":154,"column":25},"end":{"line":154,"column":26}},"loc":{"start":{"line":154,"column":121},"end":{"line":166,"column":3}}},"20":{"name":"(anonymous_20)","decl":{"start":{"line":164,"column":17},"end":{"line":164,"column":21}},"loc":{"start":{"line":164,"column":25},"end":{"line":164,"column":56}}},"21":{"name":"(anonymous_21)","decl":{"start":{"line":168,"column":39},"end":{"line":168,"column":40}},"loc":{"start":{"line":168,"column":103},"end":{"line":176,"column":3}}},"22":{"name":"(anonymous_22)","decl":{"start":{"line":169,"column":17},"end":{"line":169,"column":21}},"loc":{"start":{"line":169,"column":25},"end":{"line":175,"column":8}}},"23":{"name":"(anonymous_23)","decl":{"start":{"line":169,"column":34},"end":{"line":169,"column":38}},"loc":{"start":{"line":169,"column":41},"end":{"line":175,"column":7}}},"24":{"name":"(anonymous_24)","decl":{"start":{"line":178,"column":29},"end":{"line":178,"column":30}},"loc":{"start":{"line":178,"column":47},"end":{"line":183,"column":3}}},"25":{"name":"(anonymous_25)","decl":{"start":{"line":179,"column":20},"end":{"line":179,"column":24}},"loc":{"start":{"line":179,"column":29},"end":{"line":182,"column":6}}},"26":{"name":"(anonymous_26)","decl":{"start":{"line":185,"column":32},"end":{"line":185,"column":33}},"loc":{"start":{"line":185,"column":54},"end":{"line":188,"column":3}}},"27":{"name":"(anonymous_27)","decl":{"start":{"line":190,"column":35},"end":{"line":190,"column":38}},"loc":{"start":{"line":190,"column":40},"end":{"line":193,"column":3}}}},"branchMap":{"0":{"loc":{"start":{"line":50,"column":4},"end":{"line":55,"column":5}},"type":"if","locations":[{"start":{"line":50,"column":4},"end":{"line":55,"column":5}}]},"1":{"loc":{"start":{"line":59,"column":6},"end":{"line":59,"column":63}},"type":"if","locations":[{"start":{"line":59,"column":6},"end":{"line":59,"column":63}}]},"2":{"loc":{"start":{"line":61,"column":6},"end":{"line":61,"column":78}},"type":"if","locations":[{"start":{"line":61,"column":6},"end":{"line":61,"column":78}}]},"3":{"loc":{"start":{"line":63,"column":6},"end":{"line":63,"column":77}},"type":"if","locations":[{"start":{"line":63,"column":6},"end":{"line":63,"column":77}}]},"4":{"loc":{"start":{"line":100,"column":8},"end":{"line":103,"column":9}},"type":"if","locations":[{"start":{"line":100,"column":8},"end":{"line":103,"column":9}}]},"5":{"loc":{"start":{"line":107,"column":4},"end":{"line":107,"column":54}},"type":"if","locations":[{"start":{"line":107,"column":4},"end":{"line":107,"column":54}}]},"6":{"loc":{"start":{"line":108,"column":4},"end":{"line":108,"column":49}},"type":"if","locations":[{"start":{"line":108,"column":4},"end":{"line":108,"column":49}}]},"7":{"loc":{"start":{"line":109,"column":4},"end":{"line":109,"column":51}},"type":"if","locations":[{"start":{"line":109,"column":4},"end":{"line":109,"column":51}}]},"8":{"loc":{"start":{"line":112,"column":74},"end":{"line":112,"column":93}},"type":"binary-expr","locations":[{"start":{"line":112,"column":74},"end":{"line":112,"column":87}},{"start":{"line":112,"column":91},"end":{"line":112,"column":93}}]},"9":{"loc":{"start":{"line":113,"column":4},"end":{"line":113,"column":49}},"type":"if","locations":[{"start":{"line":113,"column":4},"end":{"line":113,"column":49}}]},"10":{"loc":{"start":{"line":114,"column":4},"end":{"line":114,"column":51}},"type":"if","locations":[{"start":{"line":114,"column":4},"end":{"line":114,"column":51}}]},"11":{"loc":{"start":{"line":117,"column":4},"end":{"line":117,"column":56}},"type":"if","locations":[{"start":{"line":117,"column":4},"end":{"line":117,"column":56}}]},"12":{"loc":{"start":{"line":118,"column":4},"end":{"line":118,"column":60}},"type":"if","locations":[{"start":{"line":118,"column":4},"end":{"line":118,"column":60}}]},"13":{"loc":{"start":{"line":120,"column":4},"end":{"line":122,"column":5}},"type":"if","locations":[{"start":{"line":120,"column":4},"end":{"line":122,"column":5}}]},"14":{"loc":{"start":{"line":131,"column":4},"end":{"line":131,"column":87}},"type":"if","locations":[{"start":{"line":131,"column":4},"end":{"line":131,"column":87}},{"start":{"line":131,"column":55},"end":{"line":131,"column":87}}]},"15":{"loc":{"start":{"line":134,"column":4},"end":{"line":134,"column":107}},"type":"if","locations":[{"start":{"line":134,"column":4},"end":{"line":134,"column":107}},{"start":{"line":134,"column":66},"end":{"line":134,"column":107}}]},"16":{"loc":{"start":{"line":146,"column":6},"end":{"line":151,"column":7}},"type":"switch","locations":[{"start":{"line":147,"column":10},"end":{"line":147,"column":96}},{"start":{"line":148,"column":10},"end":{"line":148,"column":88}},{"start":{"line":149,"column":10},"end":{"line":149,"column":111}},{"start":{"line":150,"column":10},"end":{"line":150,"column":55}}]},"17":{"loc":{"start":{"line":170,"column":10},"end":{"line":173,"column":11}},"type":"if","locations":[{"start":{"line":170,"column":10},"end":{"line":173,"column":11}}]},"18":{"loc":{"start":{"line":171,"column":38},"end":{"line":171,"column":57}},"type":"binary-expr","locations":[{"start":{"line":171,"column":38},"end":{"line":171,"column":51}},{"start":{"line":171,"column":55},"end":{"line":171,"column":57}}]}},"s":{"0":0,"1":0,"2":0,"3":0,"4":0,"5":0,"6":0,"7":0,"8":0,"9":0,"10":0,"11":0,"12":0,"13":0,"14":0,"15":0,"16":0,"17":0,"18":0,"19":0,"20":0,"21":0,"22":0,"23":0,"24":0,"25":0,"26":0,"27":0,"28":0,"29":0,"30":0,"31":0,"32":0,"33":0,"34":0,"35":0,"36":0,"37":0,"38":0,"39":0,"40":0,"41":0,"42":0,"43":0,"44":0,"45":0,"46":0,"47":0,"48":0,"49":0,"50":0,"51":0,"52":0,"53":0,"54":0,"55":0,"56":0,"57":0,"58":0,"59":0,"60":0,"61":0,"62":0,"63":0,"64":0,"65":0,"66":0,"67":0,"68":0,"69":0,"70":0,"71":0,"72":0,"73":0,"74":0,"75":0,"76":0,"77":0,"78":0,"79":0,"80":0,"81":0,"82":0,"83":0,"84":0,"85":0,"86":0,"87":0,"88":0,"89":0,"90":0,"91":0,"92":0,"93":0,"94":0,"95":0,"96":0,"97":0,"98":0,"99":0,"100":0,"101":0,"102":0,"103":0,"104":0,"105":0,"106":0,"107":0,"108":0,"109":0,"110":0,"111":0,"112":0,"113":0,"114":0,"115":0,"116":0,"117":0,"118":0,"119":0,"120":0,"121":0,"122":0,"123":0,"124":0,"125":0,"126":0,"127":0,"128":0,"129":0,"130":0,"131":0,"132":0,"133":0,"134":0,"135":0,"136":0,"137":0,"138":0,"139":0,"140":0,"141":0,"142":0,"143":0,"144":0,"145":0,"146":0,"147":0},"f":{"0":0,"1":0,"2":0,"3":0,"4":0,"5":0,"6":0,"7":0,"8":0,"9":0,"10":0,"11":0,"12":0,"13":0,"14":0,"15":0,"16":0,"17":0,"18":0,"19":0,"20":0,"21":0,"22":0,"23":0,"24":0,"25":0,"26":0,"27":0},"b":{"0":[0],"1":[0],"2":[0],"3":[0],"4":[0],"5":[0],"6":[0],"7":[0],"8":[0,0],"9":[0],"10":[0],"11":[0],"12":[0],"13":[0],"14":[0,0],"15":[0,0],"16":[0,0,0,0],"17":[0],"18":[0,0]}}
,"/home/amar/Developer/Biasbuster/src/components/AnalysisPanel.tsx": {"path":"/home/amar/Developer/Biasbuster/src/components/AnalysisPanel.tsx","statementMap":{"0":{"start":{"line":2,"column":0},"end":{"line":2,"column":40}},"1":{"start":{"line":4,"column":0},"end":{"line":4,"column":59}},"2":{"start":{"line":5,"column":0},"end":{"line":5,"column":48}},"3":{"start":{"line":6,"column":0},"end":{"line":6,"column":46}},"4":{"start":{"line":7,"column":0},"end":{"line":7,"column":38}},"5":{"start":{"line":29,"column":23},"end":{"line":53,"column":1}},"6":{"start":{"line":30,"column":35},"end":{"line":30,"column":37}},"7":{"start":{"line":31,"column":18},"end":{"line":31,"column":19}},"8":{"start":{"line":33,"column":24},"end":{"line":33,"column":116}},"9":{"start":{"line":33,"column":60},"end":{"line":33,"column":115}},"10":{"start":{"line":35,"column":25},"end":{"line":35,"column":135}},"11":{"start":{"line":35,"column":59},"end":{"line":35,"column":134}},"12":{"start":{"line":37,"column":2},"end":{"line":46,"column":5}},"13":{"start":{"line":38,"column":18},"end":{"line":38,"column":71}},"14":{"start":{"line":39,"column":4},"end":{"line":39,"column":29}},"15":{"start":{"line":39,"column":22},"end":{"line":39,"column":29}},"16":{"start":{"line":41,"column":4},"end":{"line":43,"column":5}},"17":{"start":{"line":42,"column":6},"end":{"line":42,"column":84}},"18":{"start":{"line":44,"column":4},"end":{"line":44,"column":70}},"19":{"start":{"line":45,"column":4},"end":{"line":45,"column":52}},"20":{"start":{"line":48,"column":2},"end":{"line":50,"column":3}},"21":{"start":{"line":49,"column":4},"end":{"line":49,"column":75}},"22":{"start":{"line":52,"column":2},"end":{"line":52,"column":15}},"23":{"start":{"line":56,"column":52},"end":{"line":198,"column":1}},"24":{"start":{"line":68,"column":64},"end":{"line":68,"column":98}},"25":{"start":{"line":69,"column":46},"end":{"line":69,"column":80}},"26":{"start":{"line":71,"column":26},"end":{"line":71,"column":88}},"27":{"start":{"line":72,"column":29},"end":{"line":72,"column":97}},"28":{"start":{"line":74,"column":24},"end":{"line":74,"column":68}},"29":{"start":{"line":76,"column":24},"end":{"line":76,"column":57}},"30":{"start":{"line":77,"column":29},"end":{"line":77,"column":109}},"31":{"start":{"line":77,"column":84},"end":{"line":77,"column":103}},"32":{"start":{"line":79,"column":23},"end":{"line":126,"column":3}},"33":{"start":{"line":80,"column":24},"end":{"line":80,"column":54}},"34":{"start":{"line":81,"column":4},"end":{"line":81,"column":54}},"35":{"start":{"line":82,"column":4},"end":{"line":82,"column":71}},"36":{"start":{"line":84,"column":4},"end":{"line":84,"column":47}},"37":{"start":{"line":85,"column":4},"end":{"line":85,"column":43}},"38":{"start":{"line":87,"column":4},"end":{"line":87,"column":50}},"39":{"start":{"line":88,"column":4},"end":{"line":88,"column":75}},"40":{"start":{"line":89,"column":23},"end":{"line":93,"column":36}},"41":{"start":{"line":90,"column":21},"end":{"line":90,"column":56}},"42":{"start":{"line":91,"column":8},"end":{"line":91,"column":41}},"43":{"start":{"line":92,"column":8},"end":{"line":92,"column":19}},"44":{"start":{"line":95,"column":4},"end":{"line":97,"column":7}},"45":{"start":{"line":96,"column":8},"end":{"line":96,"column":49}},"46":{"start":{"line":98,"column":4},"end":{"line":98,"column":26}},"47":{"start":{"line":100,"column":4},"end":{"line":100,"column":51}},"48":{"start":{"line":101,"column":4},"end":{"line":106,"column":7}},"49":{"start":{"line":102,"column":8},"end":{"line":102,"column":93}},"50":{"start":{"line":103,"column":8},"end":{"line":103,"column":74}},"51":{"start":{"line":104,"column":8},"end":{"line":104,"column":69}},"52":{"start":{"line":105,"column":8},"end":{"line":105,"column":69}},"53":{"start":{"line":108,"column":23},"end":{"line":108,"column":54}},"54":{"start":{"line":108,"column":43},"end":{"line":108,"column":53}},"55":{"start":{"line":109,"column":4},"end":{"line":115,"column":5}},"56":{"start":{"line":110,"column":8},"end":{"line":110,"column":53}},"57":{"start":{"line":111,"column":8},"end":{"line":114,"column":11}},"58":{"start":{"line":112,"column":12},"end":{"line":112,"column":77}},"59":{"start":{"line":113,"column":12},"end":{"line":113,"column":54}},"60":{"start":{"line":117,"column":17},"end":{"line":117,"column":80}},"61":{"start":{"line":118,"column":16},"end":{"line":118,"column":41}},"62":{"start":{"line":119,"column":17},"end":{"line":119,"column":44}},"63":{"start":{"line":120,"column":4},"end":{"line":120,"column":20}},"64":{"start":{"line":121,"column":4},"end":{"line":121,"column":88}},"65":{"start":{"line":122,"column":4},"end":{"line":122,"column":36}},"66":{"start":{"line":123,"column":4},"end":{"line":123,"column":17}},"67":{"start":{"line":124,"column":4},"end":{"line":124,"column":36}},"68":{"start":{"line":125,"column":4},"end":{"line":125,"column":29}},"69":{"start":{"line":128,"column":2},"end":{"line":197,"column":4}},"70":{"start":{"line":155,"column":20},"end":{"line":170,"column":null}},"71":{"start":{"line":158,"column":43},"end":{"line":158,"column":117}},"72":{"start":{"line":159,"column":48},"end":{"line":159,"column":87}},"73":{"start":{"line":160,"column":48},"end":{"line":160,"column":71}},"74":{"start":{"line":200,"column":0},"end":{"line":200,"column":29}}},"fnMap":{"0":{"name":"(anonymous_0)","decl":{"start":{"line":29,"column":23},"end":{"line":29,"column":24}},"loc":{"start":{"line":29,"column":103},"end":{"line":53,"column":1}}},"1":{"name":"(anonymous_1)","decl":{"start":{"line":33,"column":55},"end":{"line":33,"column":56}},"loc":{"start":{"line":33,"column":60},"end":{"line":33,"column":115}}},"2":{"name":"(anonymous_2)","decl":{"start":{"line":35,"column":49},"end":{"line":35,"column":50}},"loc":{"start":{"line":35,"column":59},"end":{"line":35,"column":134}}},"3":{"name":"(anonymous_3)","decl":{"start":{"line":37,"column":25},"end":{"line":37,"column":32}},"loc":{"start":{"line":37,"column":35},"end":{"line":46,"column":3}}},"4":{"name":"(anonymous_4)","decl":{"start":{"line":56,"column":52},"end":{"line":56,"column":53}},"loc":{"start":{"line":67,"column":5},"end":{"line":198,"column":1}}},"5":{"name":"(anonymous_5)","decl":{"start":{"line":77,"column":79},"end":{"line":77,"column":80}},"loc":{"start":{"line":77,"column":84},"end":{"line":77,"column":103}}},"6":{"name":"(anonymous_6)","decl":{"start":{"line":79,"column":23},"end":{"line":79,"column":26}},"loc":{"start":{"line":79,"column":28},"end":{"line":126,"column":3}}},"7":{"name":"(anonymous_7)","decl":{"start":{"line":89,"column":54},"end":{"line":89,"column":55}},"loc":{"start":{"line":89,"column":71},"end":{"line":93,"column":5}}},"8":{"name":"(anonymous_8)","decl":{"start":{"line":95,"column":39},"end":{"line":95,"column":40}},"loc":{"start":{"line":95,"column":57},"end":{"line":97,"column":5}}},"9":{"name":"(anonymous_9)","decl":{"start":{"line":101,"column":36},"end":{"line":101,"column":37}},"loc":{"start":{"line":101,"column":55},"end":{"line":106,"column":5}}},"10":{"name":"(anonymous_10)","decl":{"start":{"line":108,"column":38},"end":{"line":108,"column":39}},"loc":{"start":{"line":108,"column":43},"end":{"line":108,"column":53}}},"11":{"name":"(anonymous_11)","decl":{"start":{"line":111,"column":27},"end":{"line":111,"column":33}},"loc":{"start":{"line":111,"column":36},"end":{"line":114,"column":9}}},"12":{"name":"(anonymous_12)","decl":{"start":{"line":154,"column":35},"end":{"line":154,"column":36}},"loc":{"start":{"line":155,"column":20},"end":{"line":170,"column":null}}},"13":{"name":"(anonymous_13)","decl":{"start":{"line":158,"column":37},"end":{"line":158,"column":40}},"loc":{"start":{"line":158,"column":43},"end":{"line":158,"column":117}}},"14":{"name":"(anonymous_14)","decl":{"start":{"line":159,"column":42},"end":{"line":159,"column":45}},"loc":{"start":{"line":159,"column":48},"end":{"line":159,"column":87}}},"15":{"name":"(anonymous_15)","decl":{"start":{"line":160,"column":42},"end":{"line":160,"column":45}},"loc":{"start":{"line":160,"column":48},"end":{"line":160,"column":71}}}},"branchMap":{"0":{"loc":{"start":{"line":33,"column":60},"end":{"line":33,"column":115}},"type":"binary-expr","locations":[{"start":{"line":33,"column":60},"end":{"line":33,"column":74}},{"start":{"line":33,"column":78},"end":{"line":33,"column":115}}]},"1":{"loc":{"start":{"line":39,"column":4},"end":{"line":39,"column":29}},"type":"if","locations":[{"start":{"line":39,"column":4},"end":{"line":39,"column":29}}]},"2":{"loc":{"start":{"line":41,"column":4},"end":{"line":43,"column":5}},"type":"if","locations":[{"start":{"line":41,"column":4},"end":{"line":43,"column":5}}]},"3":{"loc":{"start":{"line":48,"column":2},"end":{"line":50,"column":3}},"type":"if","locations":[{"start":{"line":48,"column":2},"end":{"line":50,"column":3}}]},"4":{"loc":{"start":{"line":66,"column":4},"end":{"line":66,"column":22}},"type":"default-arg","locations":[{"start":{"line":66,"column":17},"end":{"line":66,"column":22}}]},"5":{"loc":{"start":{"line":71,"column":26},"end":{"line":71,"column":88}},"type":"cond-expr","locations":[{"start":{"line":71,"column":39},"end":{"line":71,"column":62}},{"start":{"line":71,"column":65},"end":{"line":71,"column":88}}]},"6":{"loc":{"start":{"line":72,"column":29},"end":{"line":72,"column":97}},"type":"cond-expr","locations":[{"start":{"line":72,"column":42},"end":{"line":72,"column":68}},{"start":{"line":72,"column":71},"end":{"line":72,"column":97}}]},"7":{"loc":{"start":{"line":76,"column":24},"end":{"line":76,"column":57}},"type":"binary-expr","locations":[{"start":{"line":76,"column":24},"end":{"line":76,"column":39}},{"start":{"line":76,"column":43},"end":{"line":76,"column":57}}]},"8":{"loc":{"start":{"line":77,"column":29},"end":{"line":77,"column":109}},"type":"cond-expr","locations":[{"start":{"line":77,"column":45},"end":{"line":77,"column":104}},{"start":{"line":77,"column":107},"end":{"line":77,"column":109}}]},"9":{"loc":{"start":{"line":90,"column":21},"end":{"line":90,"column":56}},"type":"binary-expr","locations":[{"start":{"line":90,"column":21},"end":{"line":90,"column":37}},{"start":{"line":90,"column":41},"end":{"line":90,"column":56}}]},"10":{"loc":{"start":{"line":91,"column":21},"end":{"line":91,"column":35}},"type":"binary-expr","locations":[{"start":{"line":91,"column":21},"end":{"line":91,"column":30}},{"start":{"line":91,"column":34},"end":{"line":91,"column":35}}]},"11":{"loc":{"start":{"line":102,"column":53},"end":{"line":102,"column":88}},"type":"binary-expr","locations":[{"start":{"line":102,"column":53},"end":{"line":102,"column":69}},{"start":{"line":102,"column":73},"end":{"line":102,"column":88}}]},"12":{"loc":{"start":{"line":109,"column":4},"end":{"line":115,"column":5}},"type":"if","locations":[{"start":{"line":109,"column":4},"end":{"line":115,"column":5}}]},"13":{"loc":{"start":{"line":112,"column":34},"end":{"line":112,"column":72}},"type":"binary-expr","locations":[{"start":{"line":112,"column":34},"end":{"line":112,"column":51}},{"start":{"line":112,"column":55},"end":{"line":112,"column":72}}]},"14":{"loc":{"start":{"line":132,"column":13},"end":{"line":140,"column":null}},"type":"binary-expr","locations":[{"start":{"line":132,"column":13},"end":{"line":132,"column":47}},{"start":{"line":132,"column":51},"end":{"line":132,"column":62}},{"start":{"line":133,"column":16},"end":{"line":138,"column":null}}]},"15":{"loc":{"start":{"line":144,"column":7},"end":{"line":194,"column":null}},"type":"cond-expr","locations":[{"start":{"line":145,"column":8},"end":{"line":147,"column":null}},{"start":{"line":150,"column":8},"end":{"line":193,"column":null}}]},"16":{"loc":{"start":{"line":155,"column":20},"end":{"line":170,"column":null}},"type":"cond-expr","locations":[{"start":{"line":156,"column":24},"end":{"line":157,"column":null}},{"start":{"line":170,"column":24},"end":{"line":170,"column":43}}]},"17":{"loc":{"start":{"line":155,"column":20},"end":{"line":155,"column":47}},"type":"binary-expr","locations":[{"start":{"line":155,"column":20},"end":{"line":155,"column":31}},{"start":{"line":155,"column":35},"end":{"line":155,"column":47}}]},"18":{"loc":{"start":{"line":158,"column":62},"end":{"line":158,"column":116}},"type":"cond-expr","locations":[{"start":{"line":158,"column":97},"end":{"line":158,"column":101}},{"start":{"line":158,"column":104},"end":{"line":158,"column":116}}]},"19":{"loc":{"start":{"line":159,"column":66},"end":{"line":159,"column":86}},"type":"binary-expr","locations":[{"start":{"line":159,"column":66},"end":{"line":159,"column":78}},{"start":{"line":159,"column":82},"end":{"line":159,"column":86}}]},"20":{"loc":{"start":{"line":165,"column":105},"end":{"line":165,"column":230}},"type":"cond-expr","locations":[{"start":{"line":165,"column":140},"end":{"line":165,"column":225}},{"start":{"line":165,"column":228},"end":{"line":165,"column":230}}]},"21":{"loc":{"start":{"line":186,"column":39},"end":{"line":186,"column":107}},"type":"cond-expr","locations":[{"start":{"line":186,"column":67},"end":{"line":186,"column":95}},{"start":{"line":186,"column":98},"end":{"line":186,"column":107}}]}},"s":{"0":0,"1":0,"2":0,"3":0,"4":0,"5":0,"6":0,"7":0,"8":0,"9":0,"10":0,"11":0,"12":0,"13":0,"14":0,"15":0,"16":0,"17":0,"18":0,"19":0,"20":0,"21":0,"22":0,"23":0,"24":0,"25":0,"26":0,"27":0,"28":0,"29":0,"30":0,"31":0,"32":0,"33":0,"34":0,"35":0,"36":0,"37":0,"38":0,"39":0,"40":0,"41":0,"42":0,"43":0,"44":0,"45":0,"46":0,"47":0,"48":0,"49":0,"50":0,"51":0,"52":0,"53":0,"54":0,"55":0,"56":0,"57":0,"58":0,"59":0,"60":0,"61":0,"62":0,"63":0,"64":0,"65":0,"66":0,"67":0,"68":0,"69":0,"70":0,"71":0,"72":0,"73":0,"74":0},"f":{"0":0,"1":0,"2":0,"3":0,"4":0,"5":0,"6":0,"7":0,"8":0,"9":0,"10":0,"11":0,"12":0,"13":0,"14":0,"15":0},"b":{"0":[0,0],"1":[0],"2":[0],"3":[0],"4":[0],"5":[0,0],"6":[0,0],"7":[0,0],"8":[0,0],"9":[0,0],"10":[0,0],"11":[0,0],"12":[0],"13":[0,0],"14":[0,0,0],"15":[0,0],"16":[0,0],"17":[0,0],"18":[0,0],"19":[0,0],"20":[0,0],"21":[0,0]}}
,"/home/amar/Developer/Biasbuster/src/components/Badges.tsx": {"path":"/home/amar/Developer/Biasbuster/src/components/Badges.tsx","statementMap":{"0":{"start":{"line":2,"column":0},"end":{"line":2,"column":26}},"1":{"start":{"line":4,"column":0},"end":{"line":4,"column":52}},"2":{"start":{"line":11,"column":44},"end":{"line":36,"column":1}},"3":{"start":{"line":12,"column":26},"end":{"line":12,"column":36}},"4":{"start":{"line":13,"column":4},"end":{"line":35,"column":6}},"5":{"start":{"line":43,"column":38},"end":{"line":61,"column":1}},"6":{"start":{"line":44,"column":4},"end":{"line":60,"column":6}},"7":{"start":{"line":52,"column":20},"end":{"line":53,"column":null}},"8":{"start":{"line":63,"column":0},"end":{"line":63,"column":22}}},"fnMap":{"0":{"name":"(anonymous_0)","decl":{"start":{"line":11,"column":44},"end":{"line":11,"column":45}},"loc":{"start":{"line":11,"column":70},"end":{"line":36,"column":1}}},"1":{"name":"(anonymous_1)","decl":{"start":{"line":43,"column":38},"end":{"line":43,"column":39}},"loc":{"start":{"line":43,"column":72},"end":{"line":61,"column":1}}},"2":{"name":"(anonymous_2)","decl":{"start":{"line":51,"column":31},"end":{"line":51,"column":36}},"loc":{"start":{"line":52,"column":20},"end":{"line":53,"column":null}}}},"branchMap":{"0":{"loc":{"start":{"line":16,"column":14},"end":{"line":18,"column":null}},"type":"cond-expr","locations":[{"start":{"line":17,"column":18},"end":{"line":17,"column":98}},{"start":{"line":18,"column":18},"end":{"line":18,"column":null}}]},"1":{"loc":{"start":{"line":21,"column":14},"end":{"line":23,"column":94}},"type":"cond-expr","locations":[{"start":{"line":22,"column":16},"end":{"line":22,"column":77}},{"start":{"line":23,"column":16},"end":{"line":23,"column":94}}]},"2":{"loc":{"start":{"line":25,"column":47},"end":{"line":25,"column":137}},"type":"cond-expr","locations":[{"start":{"line":25,"column":60},"end":{"line":25,"column":94}},{"start":{"line":25,"column":97},"end":{"line":25,"column":137}}]}},"s":{"0":0,"1":0,"2":0,"3":0,"4":0,"5":0,"6":0,"7":0,"8":0},"f":{"0":0,"1":0,"2":0},"b":{"0":[0,0],"1":[0,0],"2":[0,0]}}
,"/home/amar/Developer/Biasbuster/src/components/BiasAnalyser.tsx": {"path":"/home/amar/Developer/Biasbuster/src/components/BiasAnalyser.tsx","statementMap":{"0":{"start":{"line":2,"column":0},"end":{"line":2,"column":62}},"1":{"start":{"line":3,"column":0},"end":{"line":3,"column":58}},"2":{"start":{"line":5,"column":0},"end":{"line":5,"column":38}},"3":{"start":{"line":6,"column":0},"end":{"line":6,"column":44}},"4":{"start":{"line":7,"column":0},"end":{"line":7,"column":52}},"5":{"start":{"line":8,"column":0},"end":{"line":8,"column":113}},"6":{"start":{"line":10,"column":32},"end":{"line":10,"column":41}},"7":{"start":{"line":12,"column":21},"end":{"line":12,"column":644}},"8":{"start":{"line":19,"column":50},"end":{"line":231,"column":1}},"9":{"start":{"line":20,"column":36},"end":{"line":20,"column":56}},"10":{"start":{"line":21,"column":46},"end":{"line":21,"column":87}},"11":{"start":{"line":22,"column":48},"end":{"line":22,"column":82}},"12":{"start":{"line":23,"column":32},"end":{"line":23,"column":62}},"13":{"start":{"line":24,"column":44},"end":{"line":24,"column":75}},"14":{"start":{"line":25,"column":60},"end":{"line":25,"column":72}},"15":{"start":{"line":26,"column":28},"end":{"line":26,"column":57}},"16":{"start":{"line":27,"column":46},"end":{"line":27,"column":87}},"17":{"start":{"line":28,"column":46},"end":{"line":28,"column":66}},"18":{"start":{"line":29,"column":34},"end":{"line":29,"column":77}},"19":{"start":{"line":30,"column":50},"end":{"line":30,"column":79}},"20":{"start":{"line":32,"column":24},"end":{"line":40,"column":8}},"21":{"start":{"line":33,"column":19},"end":{"line":33,"column":38}},"22":{"start":{"line":34,"column":4},"end":{"line":38,"column":5}},"23":{"start":{"line":35,"column":6},"end":{"line":35,"column":86}},"24":{"start":{"line":36,"column":6},"end":{"line":36,"column":32}},"25":{"start":{"line":37,"column":6},"end":{"line":37,"column":18}},"26":{"start":{"line":39,"column":4},"end":{"line":39,"column":37}},"27":{"start":{"line":42,"column":24},"end":{"line":51,"column":8}},"28":{"start":{"line":43,"column":4},"end":{"line":43,"column":28}},"29":{"start":{"line":44,"column":4},"end":{"line":44,"column":29}},"30":{"start":{"line":45,"column":4},"end":{"line":45,"column":19}},"31":{"start":{"line":46,"column":4},"end":{"line":46,"column":29}},"32":{"start":{"line":47,"column":4},"end":{"line":47,"column":19}},"33":{"start":{"line":48,"column":4},"end":{"line":48,"column":20}},"34":{"start":{"line":49,"column":4},"end":{"line":49,"column":33}},"35":{"start":{"line":50,"column":4},"end":{"line":50,"column":30}},"36":{"start":{"line":53,"column":26},"end":{"line":80,"column":52}},"37":{"start":{"line":54,"column":4},"end":{"line":54,"column":31}},"38":{"start":{"line":54,"column":24},"end":{"line":54,"column":31}},"39":{"start":{"line":55,"column":4},"end":{"line":59,"column":5}},"40":{"start":{"line":56,"column":6},"end":{"line":56,"column":53}},"41":{"start":{"line":57,"column":6},"end":{"line":57,"column":32}},"42":{"start":{"line":58,"column":6},"end":{"line":58,"column":13}},"43":{"start":{"line":60,"column":4},"end":{"line":60,"column":20}},"44":{"start":{"line":61,"column":4},"end":{"line":61,"column":34}},"45":{"start":{"line":63,"column":4},"end":{"line":79,"column":5}},"46":{"start":{"line":64,"column":52},"end":{"line":67,"column":null}},"47":{"start":{"line":67,"column":19},"end":{"line":67,"column":50}},"48":{"start":{"line":69,"column":6},"end":{"line":69,"column":34}},"49":{"start":{"line":70,"column":6},"end":{"line":70,"column":33}},"50":{"start":{"line":71,"column":6},"end":{"line":71,"column":31}},"51":{"start":{"line":72,"column":6},"end":{"line":75,"column":7}},"52":{"start":{"line":73,"column":22},"end":{"line":73,"column":110}},"53":{"start":{"line":74,"column":8},"end":{"line":74,"column":35}},"54":{"start":{"line":77,"column":6},"end":{"line":77,"column":78}},"55":{"start":{"line":78,"column":6},"end":{"line":78,"column":32}},"56":{"start":{"line":82,"column":24},"end":{"line":84,"column":50}},"57":{"start":{"line":83,"column":4},"end":{"line":83,"column":47}},"58":{"start":{"line":86,"column":24},"end":{"line":89,"column":23}},"59":{"start":{"line":87,"column":6},"end":{"line":87,"column":33}},"60":{"start":{"line":88,"column":6},"end":{"line":88,"column":40}},"61":{"start":{"line":91,"column":22},"end":{"line":95,"column":21}},"62":{"start":{"line":92,"column":4},"end":{"line":92,"column":21}},"63":{"start":{"line":93,"column":4},"end":{"line":93,"column":26}},"64":{"start":{"line":94,"column":4},"end":{"line":94,"column":20}},"65":{"start":{"line":97,"column":27},"end":{"line":114,"column":19}},"66":{"start":{"line":98,"column":4},"end":{"line":98,"column":22}},"67":{"start":{"line":98,"column":15},"end":{"line":98,"column":22}},"68":{"start":{"line":101,"column":4},"end":{"line":101,"column":18}},"69":{"start":{"line":103,"column":19},"end":{"line":103,"column":35}},"70":{"start":{"line":104,"column":4},"end":{"line":107,"column":6}},"71":{"start":{"line":105,"column":21},"end":{"line":105,"column":47}},"72":{"start":{"line":106,"column":8},"end":{"line":106,"column":27}},"73":{"start":{"line":108,"column":4},"end":{"line":112,"column":6}},"74":{"start":{"line":109,"column":8},"end":{"line":109,"column":48}},"75":{"start":{"line":110,"column":8},"end":{"line":110,"column":92}},"76":{"start":{"line":111,"column":8},"end":{"line":111,"column":34}},"77":{"start":{"line":113,"column":4},"end":{"line":113,"column":28}},"78":{"start":{"line":116,"column":25},"end":{"line":127,"column":54}},"79":{"start":{"line":117,"column":4},"end":{"line":117,"column":84}},"80":{"start":{"line":117,"column":25},"end":{"line":117,"column":81}},"81":{"start":{"line":119,"column":4},"end":{"line":121,"column":5}},"82":{"start":{"line":120,"column":6},"end":{"line":120,"column":73}},"83":{"start":{"line":124,"column":4},"end":{"line":124,"column":59}},"84":{"start":{"line":124,"column":33},"end":{"line":124,"column":57}},"85":{"start":{"line":126,"column":4},"end":{"line":126,"column":82}},"86":{"start":{"line":126,"column":25},"end":{"line":126,"column":79}},"87":{"start":{"line":129,"column":32},"end":{"line":132,"column":21}},"88":{"start":{"line":130,"column":4},"end":{"line":130,"column":65}},"89":{"start":{"line":130,"column":25},"end":{"line":130,"column":63}},"90":{"start":{"line":131,"column":4},"end":{"line":131,"column":20}},"91":{"start":{"line":134,"column":20},"end":{"line":134,"column":49}},"92":{"start":{"line":136,"column":2},"end":{"line":230,"column":4}},"93":{"start":{"line":233,"column":0},"end":{"line":233,"column":28}}},"fnMap":{"0":{"name":"(anonymous_0)","decl":{"start":{"line":19,"column":50},"end":{"line":19,"column":51}},"loc":{"start":{"line":19,"column":103},"end":{"line":231,"column":1}}},"1":{"name":"(anonymous_1)","decl":{"start":{"line":32,"column":32},"end":{"line":32,"column":35}},"loc":{"start":{"line":32,"column":37},"end":{"line":40,"column":3}}},"2":{"name":"(anonymous_2)","decl":{"start":{"line":42,"column":36},"end":{"line":42,"column":39}},"loc":{"start":{"line":42,"column":41},"end":{"line":51,"column":3}}},"3":{"name":"(anonymous_3)","decl":{"start":{"line":53,"column":38},"end":{"line":53,"column":43}},"loc":{"start":{"line":53,"column":88},"end":{"line":80,"column":3}}},"4":{"name":"(anonymous_4)","decl":{"start":{"line":67,"column":8},"end":{"line":67,"column":9}},"loc":{"start":{"line":67,"column":19},"end":{"line":67,"column":50}}},"5":{"name":"(anonymous_5)","decl":{"start":{"line":82,"column":36},"end":{"line":82,"column":39}},"loc":{"start":{"line":82,"column":41},"end":{"line":84,"column":3}}},"6":{"name":"(anonymous_6)","decl":{"start":{"line":86,"column":36},"end":{"line":86,"column":39}},"loc":{"start":{"line":86,"column":41},"end":{"line":89,"column":3}}},"7":{"name":"(anonymous_7)","decl":{"start":{"line":91,"column":34},"end":{"line":91,"column":37}},"loc":{"start":{"line":91,"column":39},"end":{"line":95,"column":3}}},"8":{"name":"(anonymous_8)","decl":{"start":{"line":97,"column":39},"end":{"line":97,"column":40}},"loc":{"start":{"line":97,"column":54},"end":{"line":114,"column":3}}},"9":{"name":"(anonymous_9)","decl":{"start":{"line":104,"column":20},"end":{"line":104,"column":21}},"loc":{"start":{"line":104,"column":26},"end":{"line":107,"column":5}}},"10":{"name":"(anonymous_10)","decl":{"start":{"line":108,"column":21},"end":{"line":108,"column":22}},"loc":{"start":{"line":108,"column":27},"end":{"line":112,"column":5}}},"11":{"name":"(anonymous_11)","decl":{"start":{"line":116,"column":37},"end":{"line":116,"column":42}},"loc":{"start":{"line":116,"column":88},"end":{"line":127,"column":3}}},"12":{"name":"(anonymous_12)","decl":{"start":{"line":117,"column":16},"end":{"line":117,"column":20}},"loc":{"start":{"line":117,"column":25},"end":{"line":117,"column":81}}},"13":{"name":"(anonymous_13)","decl":{"start":{"line":124,"column":22},"end":{"line":124,"column":29}},"loc":{"start":{"line":124,"column":33},"end":{"line":124,"column":57}}},"14":{"name":"(anonymous_14)","decl":{"start":{"line":126,"column":16},"end":{"line":126,"column":20}},"loc":{"start":{"line":126,"column":25},"end":{"line":126,"column":79}}},"15":{"name":"(anonymous_15)","decl":{"start":{"line":129,"column":44},"end":{"line":129,"column":45}},"loc":{"start":{"line":129,"column":89},"end":{"line":132,"column":3}}},"16":{"name":"(anonymous_16)","decl":{"start":{"line":130,"column":17},"end":{"line":130,"column":21}},"loc":{"start":{"line":130,"column":25},"end":{"line":130,"column":63}}}},"branchMap":{"0":{"loc":{"start":{"line":34,"column":4},"end":{"line":38,"column":5}},"type":"if","locations":[{"start":{"line":34,"column":4},"end":{"line":38,"column":5}}]},"1":{"loc":{"start":{"line":54,"column":4},"end":{"line":54,"column":31}},"type":"if","locations":[{"start":{"line":54,"column":4},"end":{"line":54,"column":31}}]},"2":{"loc":{"start":{"line":55,"column":4},"end":{"line":59,"column":5}},"type":"if","locations":[{"start":{"line":55,"column":4},"end":{"line":59,"column":5}}]},"3":{"loc":{"start":{"line":72,"column":6},"end":{"line":75,"column":7}},"type":"if","locations":[{"start":{"line":72,"column":6},"end":{"line":75,"column":7}}]},"4":{"loc":{"start":{"line":77,"column":15},"end":{"line":77,"column":76}},"type":"cond-expr","locations":[{"start":{"line":77,"column":36},"end":{"line":77,"column":45}},{"start":{"line":77,"column":48},"end":{"line":77,"column":76}}]},"5":{"loc":{"start":{"line":98,"column":4},"end":{"line":98,"column":22}},"type":"if","locations":[{"start":{"line":98,"column":4},"end":{"line":98,"column":22}}]},"6":{"loc":{"start":{"line":119,"column":4},"end":{"line":121,"column":5}},"type":"if","locations":[{"start":{"line":119,"column":4},"end":{"line":121,"column":5}}]},"7":{"loc":{"start":{"line":193,"column":15},"end":{"line":193,"column":106}},"type":"binary-expr","locations":[{"start":{"line":193,"column":15},"end":{"line":193,"column":44}},{"start":{"line":193,"column":48},"end":{"line":193,"column":106}}]},"8":{"loc":{"start":{"line":195,"column":15},"end":{"line":200,"column":null}},"type":"binary-expr","locations":[{"start":{"line":195,"column":15},"end":{"line":195,"column":40}},{"start":{"line":196,"column":18},"end":{"line":199,"column":null}}]},"9":{"loc":{"start":{"line":203,"column":15},"end":{"line":208,"column":null}},"type":"binary-expr","locations":[{"start":{"line":203,"column":15},"end":{"line":203,"column":39}},{"start":{"line":204,"column":18},"end":{"line":207,"column":null}}]},"10":{"loc":{"start":{"line":207,"column":97},"end":{"line":207,"column":124}},"type":"binary-expr","locations":[{"start":{"line":207,"column":97},"end":{"line":207,"column":106}},{"start":{"line":207,"column":110},"end":{"line":207,"column":124}}]},"11":{"loc":{"start":{"line":211,"column":15},"end":{"line":224,"column":null}},"type":"binary-expr","locations":[{"start":{"line":211,"column":15},"end":{"line":211,"column":39}},{"start":{"line":211,"column":43},"end":{"line":211,"column":57}},{"start":{"line":212,"column":18},"end":{"line":223,"column":null}}]}},"s":{"0":0,"1":0,"2":0,"3":0,"4":0,"5":0,"6":0,"7":0,"8":0,"9":0,"10":0,"11":0,"12":0,"13":0,"14":0,"15":0,"16":0,"17":0,"18":0,"19":0,"20":0,"21":0,"22":0,"23":0,"24":0,"25":0,"26":0,"27":0,"28":0,"29":0,"30":0,"31":0,"32":0,"33":0,"34":0,"35":0,"36":0,"37":0,"38":0,"39":0,"40":0,"41":0,"42":0,"43":0,"44":0,"45":0,"46":0,"47":0,"48":0,"49":0,"50":0,"51":0,"52":0,"53":0,"54":0,"55":0,"56":0,"57":0,"58":0,"59":0,"60":0,"61":0,"62":0,"63":0,"64":0,"65":0,"66":0,"67":0,"68":0,"69":0,"70":0,"71":0,"72":0,"73":0,"74":0,"75":0,"76":0,"77":0,"78":0,"79":0,"80":0,"81":0,"82":0,"83":0,"84":0,"85":0,"86":0,"87":0,"88":0,"89":0,"90":0,"91":0,"92":0,"93":0},"f":{"0":0,"1":0,"2":0,"3":0,"4":0,"5":0,"6":0,"7":0,"8":0,"9":0,"10":0,"11":0,"12":0,"13":0,"14":0,"15":0,"16":0},"b":{"0":[0],"1":[0],"2":[0],"3":[0],"4":[0,0],"5":[0],"6":[0],"7":[0,0],"8":[0,0],"9":[0,0],"10":[0,0],"11":[0,0,0]}}
,"/home/amar/Developer/Biasbuster/src/components/Dashboard.tsx": {"path":"/home/amar/Developer/Biasbuster/src/components/Dashboard.tsx","statementMap":{"0":{"start":{"line":2,"column":0},"end":{"line":2,"column":39}},"1":{"start":{"line":4,"column":0},"end":{"line":4,"column":87}},"2":{"start":{"line":5,"column":0},"end":{"line":5,"column":30}},"3":{"start":{"line":6,"column":0},"end":{"line":6,"column":40}},"4":{"start":{"line":8,"column":85},"end":{"line":17,"column":null}},"5":{"start":{"line":9,"column":4},"end":{"line":16,"column":null}},"6":{"start":{"line":27,"column":44},"end":{"line":179,"column":1}},"7":{"start":{"line":28,"column":100},"end":{"line":61,"column":17}},"8":{"start":{"line":29,"column":30},"end":{"line":29,"column":44}},"9":{"start":{"line":30,"column":8},"end":{"line":32,"column":9}},"10":{"start":{"line":31,"column":12},"end":{"line":31,"column":123}},"11":{"start":{"line":34,"column":30},"end":{"line":34,"column":106}},"12":{"start":{"line":34,"column":60},"end":{"line":34,"column":102}},"13":{"start":{"line":35,"column":32},"end":{"line":35,"column":85}},"14":{"start":{"line":37,"column":28},"end":{"line":37,"column":102}},"15":{"start":{"line":37,"column":52},"end":{"line":37,"column":101}},"16":{"start":{"line":38,"column":35},"end":{"line":38,"column":53}},"17":{"start":{"line":39,"column":24},"end":{"line":39,"column":72}},"18":{"start":{"line":39,"column":51},"end":{"line":39,"column":64}},"19":{"start":{"line":40,"column":37},"end":{"line":40,"column":102}},"20":{"start":{"line":42,"column":26},"end":{"line":48,"column":44}},"21":{"start":{"line":43,"column":29},"end":{"line":43,"column":56}},"22":{"start":{"line":45,"column":29},"end":{"line":45,"column":64}},"23":{"start":{"line":46,"column":16},"end":{"line":46,"column":49}},"24":{"start":{"line":47,"column":16},"end":{"line":47,"column":27}},"25":{"start":{"line":50,"column":38},"end":{"line":52,"column":46}},"26":{"start":{"line":51,"column":37},"end":{"line":51,"column":52}},"27":{"start":{"line":52,"column":28},"end":{"line":52,"column":45}},"28":{"start":{"line":54,"column":8},"end":{"line":60,"column":10}},"29":{"start":{"line":63,"column":33},"end":{"line":96,"column":5}},"30":{"start":{"line":64,"column":28},"end":{"line":64,"column":70}},"31":{"start":{"line":65,"column":8},"end":{"line":65,"column":74}},"32":{"start":{"line":66,"column":8},"end":{"line":66,"column":71}},"33":{"start":{"line":68,"column":8},"end":{"line":68,"column":51}},"34":{"start":{"line":69,"column":8},"end":{"line":69,"column":89}},"35":{"start":{"line":70,"column":8},"end":{"line":70,"column":114}},"36":{"start":{"line":71,"column":8},"end":{"line":71,"column":120}},"37":{"start":{"line":72,"column":8},"end":{"line":76,"column":9}},"38":{"start":{"line":73,"column":12},"end":{"line":73,"column":118}},"39":{"start":{"line":75,"column":12},"end":{"line":75,"column":36}},"40":{"start":{"line":78,"column":8},"end":{"line":78,"column":57}},"41":{"start":{"line":79,"column":8},"end":{"line":85,"column":9}},"42":{"start":{"line":80,"column":12},"end":{"line":82,"column":15}},"43":{"start":{"line":81,"column":16},"end":{"line":81,"column":65}},"44":{"start":{"line":84,"column":12},"end":{"line":84,"column":59}},"45":{"start":{"line":87,"column":21},"end":{"line":87,"column":84}},"46":{"start":{"line":88,"column":20},"end":{"line":88,"column":45}},"47":{"start":{"line":89,"column":21},"end":{"line":89,"column":48}},"48":{"start":{"line":90,"column":8},"end":{"line":90,"column":24}},"49":{"start":{"line":91,"column":8},"end":{"line":91,"column":100}},"50":{"start":{"line":92,"column":8},"end":{"line":92,"column":40}},"51":{"start":{"line":93,"column":8},"end":{"line":93,"column":21}},"52":{"start":{"line":94,"column":8},"end":{"line":94,"column":40}},"53":{"start":{"line":95,"column":8},"end":{"line":95,"column":33}},"54":{"start":{"line":98,"column":21},"end":{"line":98,"column":110}},"55":{"start":{"line":98,"column":94},"end":{"line":98,"column":104}},"56":{"start":{"line":100,"column":4},"end":{"line":178,"column":6}},"57":{"start":{"line":137,"column":32},"end":{"line":137,"column":53}},"58":{"start":{"line":181,"column":0},"end":{"line":181,"column":25}}},"fnMap":{"0":{"name":"(anonymous_0)","decl":{"start":{"line":8,"column":85},"end":{"line":8,"column":86}},"loc":{"start":{"line":9,"column":4},"end":{"line":16,"column":null}}},"1":{"name":"(anonymous_1)","decl":{"start":{"line":27,"column":44},"end":{"line":27,"column":45}},"loc":{"start":{"line":27,"column":106},"end":{"line":179,"column":1}}},"2":{"name":"(anonymous_2)","decl":{"start":{"line":28,"column":108},"end":{"line":28,"column":111}},"loc":{"start":{"line":28,"column":113},"end":{"line":61,"column":5}}},"3":{"name":"(anonymous_3)","decl":{"start":{"line":34,"column":45},"end":{"line":34,"column":46}},"loc":{"start":{"line":34,"column":60},"end":{"line":34,"column":102}}},"4":{"name":"(anonymous_4)","decl":{"start":{"line":37,"column":44},"end":{"line":37,"column":48}},"loc":{"start":{"line":37,"column":52},"end":{"line":37,"column":101}}},"5":{"name":"(anonymous_5)","decl":{"start":{"line":39,"column":43},"end":{"line":39,"column":47}},"loc":{"start":{"line":39,"column":51},"end":{"line":39,"column":64}}},"6":{"name":"(anonymous_6)","decl":{"start":{"line":43,"column":21},"end":{"line":43,"column":25}},"loc":{"start":{"line":43,"column":29},"end":{"line":43,"column":56}}},"7":{"name":"(anonymous_7)","decl":{"start":{"line":44,"column":20},"end":{"line":44,"column":21}},"loc":{"start":{"line":44,"column":37},"end":{"line":48,"column":13}}},"8":{"name":"(anonymous_8)","decl":{"start":{"line":51,"column":17},"end":{"line":51,"column":18}},"loc":{"start":{"line":51,"column":37},"end":{"line":51,"column":52}}},"9":{"name":"(anonymous_9)","decl":{"start":{"line":52,"column":18},"end":{"line":52,"column":19}},"loc":{"start":{"line":52,"column":28},"end":{"line":52,"column":45}}},"10":{"name":"(anonymous_10)","decl":{"start":{"line":63,"column":33},"end":{"line":63,"column":36}},"loc":{"start":{"line":63,"column":38},"end":{"line":96,"column":5}}},"11":{"name":"(anonymous_11)","decl":{"start":{"line":80,"column":38},"end":{"line":80,"column":42}},"loc":{"start":{"line":80,"column":45},"end":{"line":82,"column":13}}},"12":{"name":"(anonymous_12)","decl":{"start":{"line":98,"column":86},"end":{"line":98,"column":90}},"loc":{"start":{"line":98,"column":94},"end":{"line":98,"column":104}}},"13":{"name":"(anonymous_13)","decl":{"start":{"line":136,"column":51},"end":{"line":136,"column":55}},"loc":{"start":{"line":137,"column":32},"end":{"line":137,"column":53}}}},"branchMap":{"0":{"loc":{"start":{"line":30,"column":8},"end":{"line":32,"column":9}},"type":"if","locations":[{"start":{"line":30,"column":8},"end":{"line":32,"column":9}}]},"1":{"loc":{"start":{"line":34,"column":67},"end":{"line":34,"column":101}},"type":"binary-expr","locations":[{"start":{"line":34,"column":67},"end":{"line":34,"column":96}},{"start":{"line":34,"column":100},"end":{"line":34,"column":101}}]},"2":{"loc":{"start":{"line":35,"column":32},"end":{"line":35,"column":85}},"type":"cond-expr","locations":[{"start":{"line":35,"column":52},"end":{"line":35,"column":81}},{"start":{"line":35,"column":84},"end":{"line":35,"column":85}}]},"3":{"loc":{"start":{"line":37,"column":52},"end":{"line":37,"column":101}},"type":"cond-expr","locations":[{"start":{"line":37,"column":68},"end":{"line":37,"column":96}},{"start":{"line":37,"column":99},"end":{"line":37,"column":101}}]},"4":{"loc":{"start":{"line":40,"column":37},"end":{"line":40,"column":102}},"type":"cond-expr","locations":[{"start":{"line":40,"column":62},"end":{"line":40,"column":98}},{"start":{"line":40,"column":101},"end":{"line":40,"column":102}}]},"5":{"loc":{"start":{"line":43,"column":29},"end":{"line":43,"column":56}},"type":"binary-expr","locations":[{"start":{"line":43,"column":29},"end":{"line":43,"column":50}},{"start":{"line":43,"column":54},"end":{"line":43,"column":56}}]},"6":{"loc":{"start":{"line":45,"column":29},"end":{"line":45,"column":64}},"type":"binary-expr","locations":[{"start":{"line":45,"column":29},"end":{"line":45,"column":45}},{"start":{"line":45,"column":49},"end":{"line":45,"column":64}}]},"7":{"loc":{"start":{"line":46,"column":29},"end":{"line":46,"column":43}},"type":"binary-expr","locations":[{"start":{"line":46,"column":29},"end":{"line":46,"column":38}},{"start":{"line":46,"column":42},"end":{"line":46,"column":43}}]},"8":{"loc":{"start":{"line":70,"column":59},"end":{"line":70,"column":109}},"type":"cond-expr","locations":[{"start":{"line":70,"column":79},"end":{"line":70,"column":101}},{"start":{"line":70,"column":104},"end":{"line":70,"column":109}}]},"9":{"loc":{"start":{"line":71,"column":51},"end":{"line":71,"column":117}},"type":"cond-expr","locations":[{"start":{"line":71,"column":76},"end":{"line":71,"column":109}},{"start":{"line":71,"column":112},"end":{"line":71,"column":117}}]},"10":{"loc":{"start":{"line":72,"column":8},"end":{"line":76,"column":9}},"type":"if","locations":[{"start":{"line":72,"column":8},"end":{"line":76,"column":9}},{"start":{"line":74,"column":15},"end":{"line":76,"column":9}}]},"11":{"loc":{"start":{"line":73,"column":75},"end":{"line":73,"column":110}},"type":"cond-expr","locations":[{"start":{"line":73,"column":102},"end":{"line":73,"column":105}},{"start":{"line":73,"column":108},"end":{"line":73,"column":110}}]},"12":{"loc":{"start":{"line":79,"column":8},"end":{"line":85,"column":9}},"type":"if","locations":[{"start":{"line":79,"column":8},"end":{"line":85,"column":9}},{"start":{"line":83,"column":15},"end":{"line":85,"column":9}}]},"13":{"loc":{"start":{"line":98,"column":21},"end":{"line":98,"column":110}},"type":"cond-expr","locations":[{"start":{"line":98,"column":52},"end":{"line":98,"column":106}},{"start":{"line":98,"column":109},"end":{"line":98,"column":110}}]},"14":{"loc":{"start":{"line":120,"column":27},"end":{"line":120,"column":77}},"type":"cond-expr","locations":[{"start":{"line":120,"column":47},"end":{"line":120,"column":69}},{"start":{"line":120,"column":72},"end":{"line":120,"column":77}}]},"15":{"loc":{"start":{"line":125,"column":27},"end":{"line":125,"column":93}},"type":"cond-expr","locations":[{"start":{"line":125,"column":52},"end":{"line":125,"column":85}},{"start":{"line":125,"column":88},"end":{"line":125,"column":93}}]},"16":{"loc":{"start":{"line":134,"column":21},"end":{"line":156,"column":null}},"type":"cond-expr","locations":[{"start":{"line":135,"column":24},"end":{"line":151,"column":null}},{"start":{"line":154,"column":24},"end":{"line":154,"column":null}}]}},"s":{"0":0,"1":0,"2":0,"3":0,"4":0,"5":0,"6":0,"7":0,"8":0,"9":0,"10":0,"11":0,"12":0,"13":0,"14":0,"15":0,"16":0,"17":0,"18":0,"19":0,"20":0,"21":0,"22":0,"23":0,"24":0,"25":0,"26":0,"27":0,"28":0,"29":0,"30":0,"31":0,"32":0,"33":0,"34":0,"35":0,"36":0,"37":0,"38":0,"39":0,"40":0,"41":0,"42":0,"43":0,"44":0,"45":0,"46":0,"47":0,"48":0,"49":0,"50":0,"51":0,"52":0,"53":0,"54":0,"55":0,"56":0,"57":0,"58":0},"f":{"0":0,"1":0,"2":0,"3":0,"4":0,"5":0,"6":0,"7":0,"8":0,"9":0,"10":0,"11":0,"12":0,"13":0},"b":{"0":[0],"1":[0,0],"2":[0,0],"3":[0,0],"4":[0,0],"5":[0,0],"6":[0,0],"7":[0,0],"8":[0,0],"9":[0,0],"10":[0,0],"11":[0,0],"12":[0,0],"13":[0,0],"14":[0,0],"15":[0,0],"16":[0,0]}}
,"/home/amar/Developer/Biasbuster/src/components/Education.tsx": {"path":"/home/amar/Developer/Biasbuster/src/components/Education.tsx","statementMap":{"0":{"start":{"line":2,"column":0},"end":{"line":2,"column":26}},"1":{"start":{"line":3,"column":0},"end":{"line":3,"column":50}},"2":{"start":{"line":11,"column":42},"end":{"line":15,"column":null}},"3":{"start":{"line":12,"column":4},"end":{"line":14,"column":null}},"4":{"start":{"line":23,"column":44},"end":{"line":70,"column":1}},"5":{"start":{"line":24,"column":22},"end":{"line":31,"column":6}},"6":{"start":{"line":33,"column":25},"end":{"line":33,"column":99}},"7":{"start":{"line":33,"column":44},"end":{"line":33,"column":99}},"8":{"start":{"line":35,"column":4},"end":{"line":69,"column":6}},"9":{"start":{"line":50,"column":20},"end":{"line":50,"column":42}},"10":{"start":{"line":72,"column":0},"end":{"line":72,"column":25}}},"fnMap":{"0":{"name":"(anonymous_0)","decl":{"start":{"line":11,"column":42},"end":{"line":11,"column":43}},"loc":{"start":{"line":12,"column":4},"end":{"line":14,"column":null}}},"1":{"name":"(anonymous_1)","decl":{"start":{"line":23,"column":44},"end":{"line":23,"column":45}},"loc":{"start":{"line":23,"column":75},"end":{"line":70,"column":1}}},"2":{"name":"(anonymous_2)","decl":{"start":{"line":33,"column":25},"end":{"line":33,"column":26}},"loc":{"start":{"line":33,"column":44},"end":{"line":33,"column":99}}},"3":{"name":"(anonymous_3)","decl":{"start":{"line":49,"column":31},"end":{"line":49,"column":35}},"loc":{"start":{"line":50,"column":20},"end":{"line":50,"column":42}}}},"branchMap":{"0":{"loc":{"start":{"line":56,"column":17},"end":{"line":59,"column":null}},"type":"binary-expr","locations":[{"start":{"line":56,"column":17},"end":{"line":56,"column":42}},{"start":{"line":57,"column":20},"end":{"line":58,"column":null}}]},"1":{"loc":{"start":{"line":65,"column":21},"end":{"line":65,"column":86}},"type":"cond-expr","locations":[{"start":{"line":65,"column":49},"end":{"line":65,"column":62}},{"start":{"line":65,"column":65},"end":{"line":65,"column":86}}]}},"s":{"0":0,"1":0,"2":0,"3":0,"4":0,"5":0,"6":0,"7":0,"8":0,"9":0,"10":0},"f":{"0":0,"1":0,"2":0,"3":0},"b":{"0":[0,0],"1":[0,0]}}
,"/home/amar/Developer/Biasbuster/src/components/ExtensionCTA.tsx": {"path":"/home/amar/Developer/Biasbuster/src/components/ExtensionCTA.tsx","statementMap":{"0":{"start":{"line":1,"column":0},"end":{"line":1,"column":26}},"1":{"start":{"line":2,"column":0},"end":{"line":2,"column":43}},"2":{"start":{"line":4,"column":31},"end":{"line":78,"column":1}},"3":{"start":{"line":6,"column":25},"end":{"line":6,"column":28}},"4":{"start":{"line":8,"column":2},"end":{"line":77,"column":4}},"5":{"start":{"line":80,"column":0},"end":{"line":80,"column":28}}},"fnMap":{"0":{"name":"(anonymous_0)","decl":{"start":{"line":4,"column":31},"end":{"line":4,"column":34}},"loc":{"start":{"line":4,"column":36},"end":{"line":78,"column":1}}}},"branchMap":{},"s":{"0":0,"1":0,"2":0,"3":0,"4":0,"5":0},"f":{"0":0},"b":{}}
,"/home/amar/Developer/Biasbuster/src/components/FindingDetails.tsx": {"path":"/home/amar/Developer/Biasbuster/src/components/FindingDetails.tsx","statementMap":{"0":{"start":{"line":2,"column":0},"end":{"line":2,"column":40}},"1":{"start":{"line":4,"column":0},"end":{"line":4,"column":149}},"2":{"start":{"line":15,"column":54},"end":{"line":126,"column":1}},"3":{"start":{"line":16,"column":36},"end":{"line":16,"column":51}},"4":{"start":{"line":18,"column":4},"end":{"line":26,"column":5}},"5":{"start":{"line":19,"column":8},"end":{"line":25,"column":10}},"6":{"start":{"line":28,"column":25},"end":{"line":28,"column":99}},"7":{"start":{"line":28,"column":44},"end":{"line":28,"column":99}},"8":{"start":{"line":30,"column":23},"end":{"line":34,"column":5}},"9":{"start":{"line":31,"column":8},"end":{"line":33,"column":9}},"10":{"start":{"line":32,"column":12},"end":{"line":32,"column":36}},"11":{"start":{"line":36,"column":24},"end":{"line":40,"column":5}},"12":{"start":{"line":37,"column":8},"end":{"line":39,"column":9}},"13":{"start":{"line":38,"column":12},"end":{"line":38,"column":72}},"14":{"start":{"line":42,"column":23},"end":{"line":51,"column":5}},"15":{"start":{"line":43,"column":8},"end":{"line":50,"column":9}},"16":{"start":{"line":44,"column":12},"end":{"line":49,"column":15}},"17":{"start":{"line":45,"column":16},"end":{"line":45,"column":34}},"18":{"start":{"line":46,"column":16},"end":{"line":46,"column":59}},"19":{"start":{"line":46,"column":33},"end":{"line":46,"column":51}},"20":{"start":{"line":48,"column":16},"end":{"line":48,"column":60}},"21":{"start":{"line":53,"column":4},"end":{"line":125,"column":6}},"22":{"start":{"line":90,"column":55},"end":{"line":90,"column":71}},"23":{"start":{"line":93,"column":55},"end":{"line":93,"column":73}},"24":{"start":{"line":128,"column":0},"end":{"line":128,"column":30}}},"fnMap":{"0":{"name":"(anonymous_0)","decl":{"start":{"line":15,"column":54},"end":{"line":15,"column":55}},"loc":{"start":{"line":15,"column":135},"end":{"line":126,"column":1}}},"1":{"name":"(anonymous_1)","decl":{"start":{"line":28,"column":25},"end":{"line":28,"column":26}},"loc":{"start":{"line":28,"column":44},"end":{"line":28,"column":99}}},"2":{"name":"(anonymous_2)","decl":{"start":{"line":30,"column":23},"end":{"line":30,"column":24}},"loc":{"start":{"line":30,"column":46},"end":{"line":34,"column":5}}},"3":{"name":"(anonymous_3)","decl":{"start":{"line":36,"column":24},"end":{"line":36,"column":27}},"loc":{"start":{"line":36,"column":29},"end":{"line":40,"column":5}}},"4":{"name":"(anonymous_4)","decl":{"start":{"line":42,"column":23},"end":{"line":42,"column":26}},"loc":{"start":{"line":42,"column":28},"end":{"line":51,"column":5}}},"5":{"name":"(anonymous_5)","decl":{"start":{"line":44,"column":67},"end":{"line":44,"column":70}},"loc":{"start":{"line":44,"column":72},"end":{"line":47,"column":13}}},"6":{"name":"(anonymous_6)","decl":{"start":{"line":46,"column":27},"end":{"line":46,"column":30}},"loc":{"start":{"line":46,"column":33},"end":{"line":46,"column":51}}},"7":{"name":"(anonymous_7)","decl":{"start":{"line":47,"column":15},"end":{"line":47,"column":16}},"loc":{"start":{"line":47,"column":23},"end":{"line":49,"column":13}}},"8":{"name":"(anonymous_8)","decl":{"start":{"line":90,"column":49},"end":{"line":90,"column":52}},"loc":{"start":{"line":90,"column":55},"end":{"line":90,"column":71}}},"9":{"name":"(anonymous_9)","decl":{"start":{"line":93,"column":49},"end":{"line":93,"column":52}},"loc":{"start":{"line":93,"column":55},"end":{"line":93,"column":73}}}},"branchMap":{"0":{"loc":{"start":{"line":18,"column":4},"end":{"line":26,"column":5}},"type":"if","locations":[{"start":{"line":18,"column":4},"end":{"line":26,"column":5}}]},"1":{"loc":{"start":{"line":31,"column":8},"end":{"line":33,"column":9}},"type":"if","locations":[{"start":{"line":31,"column":8},"end":{"line":33,"column":9}}]},"2":{"loc":{"start":{"line":31,"column":12},"end":{"line":31,"column":39}},"type":"binary-expr","locations":[{"start":{"line":31,"column":12},"end":{"line":31,"column":24}},{"start":{"line":31,"column":28},"end":{"line":31,"column":39}}]},"3":{"loc":{"start":{"line":37,"column":8},"end":{"line":39,"column":9}},"type":"if","locations":[{"start":{"line":37,"column":8},"end":{"line":39,"column":9}}]},"4":{"loc":{"start":{"line":37,"column":12},"end":{"line":37,"column":34}},"type":"binary-expr","locations":[{"start":{"line":37,"column":12},"end":{"line":37,"column":19}},{"start":{"line":37,"column":23},"end":{"line":37,"column":34}}]},"5":{"loc":{"start":{"line":43,"column":8},"end":{"line":50,"column":9}},"type":"if","locations":[{"start":{"line":43,"column":8},"end":{"line":50,"column":9}}]},"6":{"loc":{"start":{"line":65,"column":27},"end":{"line":65,"column":67}},"type":"cond-expr","locations":[{"start":{"line":65,"column":38},"end":{"line":65,"column":47}},{"start":{"line":65,"column":50},"end":{"line":65,"column":67}}]},"7":{"loc":{"start":{"line":70,"column":21},"end":{"line":70,"column":124}},"type":"cond-expr","locations":[{"start":{"line":70,"column":32},"end":{"line":70,"column":80}},{"start":{"line":70,"column":83},"end":{"line":70,"column":124}}]},"8":{"loc":{"start":{"line":72,"column":17},"end":{"line":80,"column":null}},"type":"binary-expr","locations":[{"start":{"line":72,"column":17},"end":{"line":72,"column":28}},{"start":{"line":73,"column":20},"end":{"line":79,"column":null}}]},"9":{"loc":{"start":{"line":84,"column":13},"end":{"line":111,"column":null}},"type":"binary-expr","locations":[{"start":{"line":84,"column":13},"end":{"line":84,"column":24}},{"start":{"line":85,"column":16},"end":{"line":110,"column":null}}]},"10":{"loc":{"start":{"line":86,"column":21},"end":{"line":97,"column":null}},"type":"binary-expr","locations":[{"start":{"line":86,"column":22},"end":{"line":86,"column":36}},{"start":{"line":86,"column":40},"end":{"line":86,"column":74}},{"start":{"line":87,"column":24},"end":{"line":96,"column":null}}]},"11":{"loc":{"start":{"line":99,"column":21},"end":{"line":103,"column":null}},"type":"binary-expr","locations":[{"start":{"line":99,"column":21},"end":{"line":99,"column":56}},{"start":{"line":100,"column":24},"end":{"line":101,"column":null}}]},"12":{"loc":{"start":{"line":105,"column":21},"end":{"line":109,"column":null}},"type":"binary-expr","locations":[{"start":{"line":105,"column":21},"end":{"line":105,"column":54}},{"start":{"line":105,"column":58},"end":{"line":105,"column":76}},{"start":{"line":106,"column":24},"end":{"line":107,"column":null}}]},"13":{"loc":{"start":{"line":113,"column":14},"end":{"line":122,"column":null}},"type":"binary-expr","locations":[{"start":{"line":113,"column":14},"end":{"line":113,"column":24}},{"start":{"line":113,"column":28},"end":{"line":113,"column":61}},{"start":{"line":113,"column":65},"end":{"line":113,"column":83}},{"start":{"line":114,"column":17},"end":{"line":121,"column":null}}]},"14":{"loc":{"start":{"line":117,"column":25},"end":{"line":119,"column":83}},"type":"cond-expr","locations":[{"start":{"line":118,"column":28},"end":{"line":118,"column":83}},{"start":{"line":119,"column":28},"end":{"line":119,"column":83}}]}},"s":{"0":0,"1":0,"2":0,"3":0,"4":0,"5":0,"6":0,"7":0,"8":0,"9":0,"10":0,"11":0,"12":0,"13":0,"14":0,"15":0,"16":0,"17":0,"18":0,"19":0,"20":0,"21":0,"22":0,"23":0,"24":0},"f":{"0":0,"1":0,"2":0,"3":0,"4":0,"5":0,"6":0,"7":0,"8":0,"9":0},"b":{"0":[0],"1":[0],"2":[0,0],"3":[0],"4":[0,0],"5":[0],"6":[0,0],"7":[0,0],"8":[0,0],"9":[0,0],"10":[0,0,0],"11":[0,0],"12":[0,0,0],"13":[0,0,0,0],"14":[0,0]}}
,"/home/amar/Developer/Biasbuster/src/components/Header.tsx": {"path":"/home/amar/Developer/Biasbuster/src/components/Header.tsx","statementMap":{"0":{"start":{"line":2,"column":0},"end":{"line":2,"column":40}},"1":{"start":{"line":3,"column":0},"end":{"line":3,"column":84}},"2":{"start":{"line":10,"column":38},"end":{"line":73,"column":1}},"3":{"start":{"line":11,"column":38},"end":{"line":11,"column":53}},"4":{"start":{"line":13,"column":26},"end":{"line":15,"column":3}},"5":{"start":{"line":14,"column":4},"end":{"line":14,"column":25}},"6":{"start":{"line":17,"column":19},"end":{"line":29,"column":4}},"7":{"start":{"line":31,"column":2},"end":{"line":72,"column":4}},"8":{"start":{"line":42,"column":12},"end":{"line":42,"column":31}},"9":{"start":{"line":55,"column":31},"end":{"line":55,"column":57}},"10":{"start":{"line":67,"column":12},"end":{"line":67,"column":31}},"11":{"start":{"line":75,"column":0},"end":{"line":75,"column":22}}},"fnMap":{"0":{"name":"(anonymous_0)","decl":{"start":{"line":10,"column":38},"end":{"line":10,"column":39}},"loc":{"start":{"line":10,"column":73},"end":{"line":73,"column":1}}},"1":{"name":"(anonymous_1)","decl":{"start":{"line":13,"column":26},"end":{"line":13,"column":29}},"loc":{"start":{"line":13,"column":31},"end":{"line":15,"column":3}}},"2":{"name":"(anonymous_2)","decl":{"start":{"line":41,"column":24},"end":{"line":41,"column":28}},"loc":{"start":{"line":42,"column":12},"end":{"line":42,"column":31}}},"3":{"name":"(anonymous_3)","decl":{"start":{"line":55,"column":25},"end":{"line":55,"column":28}},"loc":{"start":{"line":55,"column":31},"end":{"line":55,"column":57}}},"4":{"name":"(anonymous_4)","decl":{"start":{"line":66,"column":25},"end":{"line":66,"column":29}},"loc":{"start":{"line":67,"column":12},"end":{"line":67,"column":31}}}},"branchMap":{"0":{"loc":{"start":{"line":51,"column":17},"end":{"line":51,"column":129}},"type":"cond-expr","locations":[{"start":{"line":51,"column":30},"end":{"line":51,"column":78}},{"start":{"line":51,"column":81},"end":{"line":51,"column":129}}]},"1":{"loc":{"start":{"line":59,"column":17},"end":{"line":59,"column":94}},"type":"cond-expr","locations":[{"start":{"line":59,"column":30},"end":{"line":59,"column":59}},{"start":{"line":59,"column":62},"end":{"line":59,"column":94}}]},"2":{"loc":{"start":{"line":64,"column":162},"end":{"line":64,"column":223}},"type":"cond-expr","locations":[{"start":{"line":64,"column":175},"end":{"line":64,"column":201}},{"start":{"line":64,"column":204},"end":{"line":64,"column":223}}]}},"s":{"0":0,"1":0,"2":0,"3":0,"4":0,"5":0,"6":0,"7":0,"8":0,"9":0,"10":0,"11":0},"f":{"0":0,"1":0,"2":0,"3":0,"4":0},"b":{"0":[0,0],"1":[0,0],"2":[0,0]}}
,"/home/amar/Developer/Biasbuster/src/components/Hero.tsx": {"path":"/home/amar/Developer/Biasbuster/src/components/Hero.tsx","statementMap":{"0":{"start":{"line":2,"column":0},"end":{"line":2,"column":26}},"1":{"start":{"line":3,"column":0},"end":{"line":3,"column":45}},"2":{"start":{"line":5,"column":13},"end":{"line":60,"column":1}},"3":{"start":{"line":6,"column":4},"end":{"line":59,"column":6}},"4":{"start":{"line":62,"column":0},"end":{"line":62,"column":20}}},"fnMap":{"0":{"name":"(anonymous_0)","decl":{"start":{"line":5,"column":13},"end":{"line":5,"column":16}},"loc":{"start":{"line":5,"column":18},"end":{"line":60,"column":1}}}},"branchMap":{},"s":{"0":0,"1":0,"2":0,"3":0,"4":0},"f":{"0":0},"b":{}}
,"/home/amar/Developer/Biasbuster/src/components/HistoryDetailModal.tsx": {"path":"/home/amar/Developer/Biasbuster/src/components/HistoryDetailModal.tsx","statementMap":{"0":{"start":{"line":2,"column":0},"end":{"line":2,"column":49}},"1":{"start":{"line":4,"column":0},"end":{"line":4,"column":51}},"2":{"start":{"line":5,"column":0},"end":{"line":5,"column":44}},"3":{"start":{"line":13,"column":62},"end":{"line":97,"column":1}},"4":{"start":{"line":14,"column":21},"end":{"line":14,"column":49}},"5":{"start":{"line":16,"column":4},"end":{"line":31,"column":26}},"6":{"start":{"line":17,"column":30},"end":{"line":21,"column":9}},"7":{"start":{"line":18,"column":12},"end":{"line":20,"column":13}},"8":{"start":{"line":19,"column":16},"end":{"line":19,"column":26}},"9":{"start":{"line":23,"column":8},"end":{"line":26,"column":9}},"10":{"start":{"line":24,"column":12},"end":{"line":24,"column":64}},"11":{"start":{"line":25,"column":12},"end":{"line":25,"column":59}},"12":{"start":{"line":25,"column":29},"end":{"line":25,"column":54}},"13":{"start":{"line":28,"column":8},"end":{"line":30,"column":10}},"14":{"start":{"line":29,"column":12},"end":{"line":29,"column":67}},"15":{"start":{"line":33,"column":4},"end":{"line":33,"column":38}},"16":{"start":{"line":33,"column":26},"end":{"line":33,"column":38}},"17":{"start":{"line":36,"column":29},"end":{"line":40,"column":70}},"18":{"start":{"line":37,"column":29},"end":{"line":37,"column":46}},"19":{"start":{"line":38,"column":8},"end":{"line":38,"column":61}},"20":{"start":{"line":39,"column":8},"end":{"line":39,"column":19}},"21":{"start":{"line":42,"column":4},"end":{"line":96,"column":6}},"22":{"start":{"line":54,"column":32},"end":{"line":54,"column":51}},"23":{"start":{"line":99,"column":0},"end":{"line":99,"column":34}}},"fnMap":{"0":{"name":"(anonymous_0)","decl":{"start":{"line":13,"column":62},"end":{"line":13,"column":63}},"loc":{"start":{"line":13,"column":92},"end":{"line":97,"column":1}}},"1":{"name":"(anonymous_1)","decl":{"start":{"line":16,"column":14},"end":{"line":16,"column":17}},"loc":{"start":{"line":16,"column":19},"end":{"line":31,"column":5}}},"2":{"name":"(anonymous_2)","decl":{"start":{"line":17,"column":30},"end":{"line":17,"column":31}},"loc":{"start":{"line":17,"column":55},"end":{"line":21,"column":9}}},"3":{"name":"(anonymous_3)","decl":{"start":{"line":25,"column":23},"end":{"line":25,"column":26}},"loc":{"start":{"line":25,"column":29},"end":{"line":25,"column":54}}},"4":{"name":"(anonymous_4)","decl":{"start":{"line":28,"column":15},"end":{"line":28,"column":18}},"loc":{"start":{"line":28,"column":20},"end":{"line":30,"column":9}}},"5":{"name":"(anonymous_5)","decl":{"start":{"line":36,"column":72},"end":{"line":36,"column":73}},"loc":{"start":{"line":36,"column":94},"end":{"line":40,"column":5}}},"6":{"name":"(anonymous_6)","decl":{"start":{"line":54,"column":25},"end":{"line":54,"column":26}},"loc":{"start":{"line":54,"column":32},"end":{"line":54,"column":51}}},"7":{"name":"(anonymous_7)","decl":{"start":{"line":77,"column":44},"end":{"line":77,"column":47}},"loc":{"start":{"line":77,"column":49},"end":{"line":77,"column":52}}},"8":{"name":"(anonymous_8)","decl":{"start":{"line":79,"column":36},"end":{"line":79,"column":39}},"loc":{"start":{"line":79,"column":41},"end":{"line":79,"column":44}}},"9":{"name":"(anonymous_9)","decl":{"start":{"line":80,"column":43},"end":{"line":80,"column":46}},"loc":{"start":{"line":80,"column":48},"end":{"line":80,"column":51}}}},"branchMap":{"0":{"loc":{"start":{"line":18,"column":12},"end":{"line":20,"column":13}},"type":"if","locations":[{"start":{"line":18,"column":12},"end":{"line":20,"column":13}}]},"1":{"loc":{"start":{"line":23,"column":8},"end":{"line":26,"column":9}},"type":"if","locations":[{"start":{"line":23,"column":8},"end":{"line":26,"column":9}}]},"2":{"loc":{"start":{"line":33,"column":4},"end":{"line":33,"column":38}},"type":"if","locations":[{"start":{"line":33,"column":4},"end":{"line":33,"column":38}}]},"3":{"loc":{"start":{"line":33,"column":8},"end":{"line":33,"column":24}},"type":"binary-expr","locations":[{"start":{"line":33,"column":8},"end":{"line":33,"column":15}},{"start":{"line":33,"column":19},"end":{"line":33,"column":24}}]},"4":{"loc":{"start":{"line":36,"column":44},"end":{"line":36,"column":63}},"type":"binary-expr","locations":[{"start":{"line":36,"column":44},"end":{"line":36,"column":57}},{"start":{"line":36,"column":61},"end":{"line":36,"column":63}}]}},"s":{"0":0,"1":0,"2":0,"3":0,"4":0,"5":0,"6":0,"7":0,"8":0,"9":0,"10":0,"11":0,"12":0,"13":0,"14":0,"15":0,"16":0,"17":0,"18":0,"19":0,"20":0,"21":0,"22":0,"23":0},"f":{"0":0,"1":0,"2":0,"3":0,"4":0,"5":0,"6":0,"7":0,"8":0,"9":0},"b":{"0":[0],"1":[0],"2":[0],"3":[0,0],"4":[0,0]}}
[...]
52":{"start":{"line":158,"column":75},"end":{"line":163,"column":null}},"53":{"start":{"line":159,"column":4},"end":{"line":162,"column":null}},"54":{"start":{"line":158,"column":13},"end":{"line":158,"column":75}},"55":{"start":{"line":166,"column":76},"end":{"line":170,"column":null}},"56":{"start":{"line":167,"column":4},"end":{"line":169,"column":null}},"57":{"start":{"line":166,"column":13},"end":{"line":166,"column":76}},"58":{"start":{"line":173,"column":70},"end":{"line":178,"column":null}},"59":{"start":{"line":174,"column":4},"end":{"line":177,"column":null}},"60":{"start":{"line":173,"column":13},"end":{"line":173,"column":70}},"61":{"start":{"line":181,"column":74},"end":{"line":185,"column":null}},"62":{"start":{"line":182,"column":4},"end":{"line":184,"column":null}},"63":{"start":{"line":181,"column":13},"end":{"line":181,"column":74}},"64":{"start":{"line":188,"column":66},"end":{"line":194,"column":null}},"65":{"start":{"line":189,"column":4},"end":{"line":193,"column":null}},"66":{"start":{"line":188,"column":13},"end":{"line":188,"column":66}},"67":{"start":{"line":197,"column":65},"end":{"line":202,"column":null}},"68":{"start":{"line":198,"column":4},"end":{"line":201,"column":null}},"69":{"start":{"line":197,"column":13},"end":{"line":197,"column":65}},"70":{"start":{"line":205,"column":62},"end":{"line":209,"column":null}},"71":{"start":{"line":206,"column":4},"end":{"line":208,"column":null}},"72":{"start":{"line":205,"column":13},"end":{"line":205,"column":62}},"73":{"start":{"line":212,"column":69},"end":{"line":216,"column":null}},"74":{"start":{"line":213,"column":4},"end":{"line":215,"column":null}},"75":{"start":{"line":212,"column":13},"end":{"line":212,"column":69}},"76":{"start":{"line":219,"column":68},"end":{"line":223,"column":null}},"77":{"start":{"line":220,"column":4},"end":{"line":222,"column":null}},"78":{"start":{"line":219,"column":13},"end":{"line":219,"column":68}},"79":{"start":{"line":226,"column":70},"end":{"line":230,"column":null}},"80":{"start":{"line":227,"column":4},"end":{"line":229,"column":null}},"81":{"start":{"line":226,"column":13},"end":{"line":226,"column":70}},"82":{"start":{"line":233,"column":68},"end":{"line":236,"column":null}},"83":{"start":{"line":234,"column":4},"end":{"line":235,"column":null}},"84":{"start":{"line":233,"column":13},"end":{"line":233,"column":68}},"85":{"start":{"line":239,"column":69},"end":{"line":246,"column":null}},"86":{"start":{"line":240,"column":4},"end":{"line":245,"column":null}},"87":{"start":{"line":239,"column":13},"end":{"line":239,"column":69}},"88":{"start":{"line":249,"column":72},"end":{"line":253,"column":null}},"89":{"start":{"line":250,"column":4},"end":{"line":252,"column":null}},"90":{"start":{"line":249,"column":13},"end":{"line":249,"column":72}},"91":{"start":{"line":256,"column":68},"end":{"line":261,"column":null}},"92":{"start":{"line":257,"column":4},"end":{"line":260,"column":null}},"93":{"start":{"line":256,"column":13},"end":{"line":256,"column":68}},"94":{"start":{"line":264,"column":67},"end":{"line":272,"column":null}},"95":{"start":{"line":265,"column":4},"end":{"line":271,"column":null}},"96":{"start":{"line":264,"column":13},"end":{"line":264,"column":67}},"97":{"start":{"line":275,"column":69},"end":{"line":280,"column":null}},"98":{"start":{"line":276,"column":4},"end":{"line":279,"column":null}},"99":{"start":{"line":275,"column":13},"end":{"line":275,"column":69}},"100":{"start":{"line":283,"column":71},"end":{"line":295,"column":null}},"101":{"start":{"line":284,"column":4},"end":{"line":294,"column":null}},"102":{"start":{"line":283,"column":13},"end":{"line":283,"column":71}},"103":{"start":{"line":298,"column":67},"end":{"line":303,"column":null}},"104":{"start":{"line":299,"column":4},"end":{"line":302,"column":null}},"105":{"start":{"line":298,"column":13},"end":{"line":298,"column":67}},"106":{"start":{"line":306,"column":74},"end":{"line":313,"column":null}},"107":{"start":{"line":307,"column":4},"end":{"line":312,"column":null}},"108":{"start":{"line":306,"column":13},"end":{"line":306,"column":74}},"109":{"start":{"line":316,"column":73},"end":{"line":323,"column":null}},"110":{"start":{"line":317,"column":4},"end":{"line":322,"column":null}},"111":{"start":{"line":316,"column":13},"end":{"line":316,"column":73}},"112":{"start":{"line":326,"column":73},"end":{"line":332,"column":null}},"113":{"start":{"line":327,"column":4},"end":{"line":331,"column":null}},"114":{"start":{"line":326,"column":13},"end":{"line":326,"column":73}},"115":{"start":{"line":335,"column":69},"end":{"line":339,"column":null}},"116":{"start":{"line":336,"column":4},"end":{"line":338,"column":null}},"117":{"start":{"line":335,"column":13},"end":{"line":335,"column":69}},"118":{"start":{"line":342,"column":66},"end":{"line":346,"column":null}},"119":{"start":{"line":343,"column":4},"end":{"line":345,"column":null}},"120":{"start":{"line":342,"column":13},"end":{"line":342,"column":66}},"121":{"start":{"line":349,"column":13},"end":{"line":349,"column":37}},"122":{"start":{"line":351,"column":72},"end":{"line":358,"column":null}},"123":{"start":{"line":352,"column":4},"end":{"line":357,"column":null}},"124":{"start":{"line":351,"column":13},"end":{"line":351,"column":72}},"125":{"start":{"line":361,"column":69},"end":{"line":366,"column":null}},"126":{"start":{"line":362,"column":4},"end":{"line":365,"column":null}},"127":{"start":{"line":361,"column":13},"end":{"line":361,"column":69}},"128":{"start":{"line":369,"column":74},"end":{"line":373,"column":null}},"129":{"start":{"line":370,"column":4},"end":{"line":372,"column":null}},"130":{"start":{"line":369,"column":13},"end":{"line":369,"column":74}},"131":{"start":{"line":376,"column":66},"end":{"line":379,"column":null}},"132":{"start":{"line":377,"column":4},"end":{"line":378,"column":null}},"133":{"start":{"line":376,"column":13},"end":{"line":376,"column":66}},"134":{"start":{"line":382,"column":73},"end":{"line":404,"column":null}},"135":{"start":{"line":383,"column":4},"end":{"line":403,"column":null}},"136":{"start":{"line":382,"column":13},"end":{"line":382,"column":73}},"137":{"start":{"line":407,"column":68},"end":{"line":413,"column":null}},"138":{"start":{"line":408,"column":4},"end":{"line":412,"column":null}},"139":{"start":{"line":407,"column":13},"end":{"line":407,"column":68}},"140":{"start":{"line":416,"column":70},"end":{"line":427,"column":null}},"141":{"start":{"line":417,"column":4},"end":{"line":426,"column":null}},"142":{"start":{"line":416,"column":13},"end":{"line":416,"column":70}},"143":{"start":{"line":430,"column":70},"end":{"line":435,"column":null}},"144":{"start":{"line":431,"column":4},"end":{"line":434,"column":null}},"145":{"start":{"line":430,"column":13},"end":{"line":430,"column":70}},"146":{"start":{"line":438,"column":64},"end":{"line":443,"column":null}},"147":{"start":{"line":439,"column":4},"end":{"line":442,"column":null}},"148":{"start":{"line":438,"column":13},"end":{"line":438,"column":64}},"149":{"start":{"line":446,"column":67},"end":{"line":458,"column":null}},"150":{"start":{"line":447,"column":4},"end":{"line":457,"column":null}},"151":{"start":{"line":446,"column":13},"end":{"line":446,"column":67}},"152":{"start":{"line":461,"column":66},"end":{"line":465,"column":null}},"153":{"start":{"line":462,"column":4},"end":{"line":464,"column":null}},"154":{"start":{"line":461,"column":13},"end":{"line":461,"column":66}},"155":{"start":{"line":468,"column":70},"end":{"line":472,"column":null}},"156":{"start":{"line":469,"column":4},"end":{"line":471,"column":null}},"157":{"start":{"line":468,"column":13},"end":{"line":468,"column":70}},"158":{"start":{"line":475,"column":65},"end":{"line":479,"column":null}},"159":{"start":{"line":476,"column":4},"end":{"line":478,"column":null}},"160":{"start":{"line":475,"column":13},"end":{"line":475,"column":65}},"161":{"start":{"line":482,"column":71},"end":{"line":486,"column":null}},"162":{"start":{"line":483,"column":4},"end":{"line":485,"column":null}},"163":{"start":{"line":482,"column":13},"end":{"line":482,"column":71}},"164":{"start":{"line":489,"column":74},"end":{"line":497,"column":null}},"165":{"start":{"line":490,"column":4},"end":{"line":496,"column":null}},"166":{"start":{"line":489,"column":13},"end":{"line":489,"column":74}}},"fnMap":{"0":{"name":"(anonymous_0)","decl":{"start":{"line":5,"column":61},"end":{"line":5,"column":62}},"loc":{"start":{"line":6,"column":2},"end":{"line":16,"column":null}}},"1":{"name":"(anonymous_1)","decl":{"start":{"line":21,"column":64},"end":{"line":21,"column":65}},"loc":{"start":{"line":22,"column":4},"end":{"line":31,"column":null}}},"2":{"name":"(anonymous_2)","decl":{"start":{"line":36,"column":65},"end":{"line":36,"column":66}},"loc":{"start":{"line":37,"column":4},"end":{"line":38,"column":null}}},"3":{"name":"(anonymous_3)","decl":{"start":{"line":43,"column":72},"end":{"line":43,"column":73}},"loc":{"start":{"line":44,"column":4},"end":{"line":46,"column":null}}},"4":{"name":"(anonymous_4)","decl":{"start":{"line":51,"column":66},"end":{"line":51,"column":67}},"loc":{"start":{"line":52,"column":4},"end":{"line":53,"column":null}}},"5":{"name":"(anonymous_5)","decl":{"start":{"line":58,"column":67},"end":{"line":58,"column":68}},"loc":{"start":{"line":59,"column":4},"end":{"line":62,"column":null}}},"6":{"name":"(anonymous_6)","decl":{"start":{"line":67,"column":65},"end":{"line":67,"column":66}},"loc":{"start":{"line":68,"column":4},"end":{"line":70,"column":null}}},"7":{"name":"(anonymous_7)","decl":{"start":{"line":75,"column":67},"end":{"line":75,"column":68}},"loc":{"start":{"line":76,"column":4},"end":{"line":78,"column":null}}},"8":{"name":"(anonymous_8)","decl":{"start":{"line":83,"column":69},"end":{"line":83,"column":70}},"loc":{"start":{"line":84,"column":4},"end":{"line":87,"column":null}}},"9":{"name":"(anonymous_9)","decl":{"start":{"line":92,"column":65},"end":{"line":92,"column":66}},"loc":{"start":{"line":93,"column":4},"end":{"line":96,"column":null}}},"10":{"name":"(anonymous_10)","decl":{"start":{"line":101,"column":74},"end":{"line":101,"column":75}},"loc":{"start":{"line":102,"column":4},"end":{"line":105,"column":null}}},"11":{"name":"(anonymous_11)","decl":{"start":{"line":110,"column":69},"end":{"line":110,"column":70}},"loc":{"start":{"line":111,"column":4},"end":{"line":116,"column":null}}},"12":{"name":"(anonymous_12)","decl":{"start":{"line":121,"column":66},"end":{"line":121,"column":67}},"loc":{"start":{"line":122,"column":4},"end":{"line":124,"column":null}}},"13":{"name":"(anonymous_13)","decl":{"start":{"line":129,"column":79},"end":{"line":129,"column":80}},"loc":{"start":{"line":130,"column":4},"end":{"line":133,"column":null}}},"14":{"name":"(anonymous_14)","decl":{"start":{"line":137,"column":69},"end":{"line":137,"column":70}},"loc":{"start":{"line":138,"column":4},"end":{"line":140,"column":null}}},"15":{"name":"(anonymous_15)","decl":{"start":{"line":144,"column":65},"end":{"line":144,"column":66}},"loc":{"start":{"line":145,"column":4},"end":{"line":147,"column":null}}},"16":{"name":"(anonymous_16)","decl":{"start":{"line":151,"column":75},"end":{"line":151,"column":76}},"loc":{"start":{"line":152,"column":4},"end":{"line":154,"column":null}}},"17":{"name":"(anonymous_17)","decl":{"start":{"line":158,"column":75},"end":{"line":158,"column":76}},"loc":{"start":{"line":159,"column":4},"end":{"line":162,"column":null}}},"18":{"name":"(anonymous_18)","decl":{"start":{"line":166,"column":76},"end":{"line":166,"column":77}},"loc":{"start":{"line":167,"column":4},"end":{"line":169,"column":null}}},"19":{"name":"(anonymous_19)","decl":{"start":{"line":173,"column":70},"end":{"line":173,"column":71}},"loc":{"start":{"line":174,"column":4},"end":{"line":177,"column":null}}},"20":{"name":"(anonymous_20)","decl":{"start":{"line":181,"column":74},"end":{"line":181,"column":75}},"loc":{"start":{"line":182,"column":4},"end":{"line":184,"column":null}}},"21":{"name":"(anonymous_21)","decl":{"start":{"line":188,"column":66},"end":{"line":188,"column":67}},"loc":{"start":{"line":189,"column":4},"end":{"line":193,"column":null}}},"22":{"name":"(anonymous_22)","decl":{"start":{"line":197,"column":65},"end":{"line":197,"column":66}},"loc":{"start":{"line":198,"column":4},"end":{"line":201,"column":null}}},"23":{"name":"(anonymous_23)","decl":{"start":{"line":205,"column":62},"end":{"line":205,"column":63}},"loc":{"start":{"line":206,"column":4},"end":{"line":208,"column":null}}},"24":{"name":"(anonymous_24)","decl":{"start":{"line":212,"column":69},"end":{"line":212,"column":70}},"loc":{"start":{"line":213,"column":4},"end":{"line":215,"column":null}}},"25":{"name":"(anonymous_25)","decl":{"start":{"line":219,"column":68},"end":{"line":219,"column":69}},"loc":{"start":{"line":220,"column":4},"end":{"line":222,"column":null}}},"26":{"name":"(anonymous_26)","decl":{"start":{"line":226,"column":70},"end":{"line":226,"column":71}},"loc":{"start":{"line":227,"column":4},"end":{"line":229,"column":null}}},"27":{"name":"(anonymous_27)","decl":{"start":{"line":233,"column":68},"end":{"line":233,"column":69}},"loc":{"start":{"line":234,"column":4},"end":{"line":235,"column":null}}},"28":{"name":"(anonymous_28)","decl":{"start":{"line":239,"column":69},"end":{"line":239,"column":70}},"loc":{"start":{"line":240,"column":4},"end":{"line":245,"column":null}}},"29":{"name":"(anonymous_29)","decl":{"start":{"line":249,"column":72},"end":{"line":249,"column":73}},"loc":{"start":{"line":250,"column":4},"end":{"line":252,"column":null}}},"30":{"name":"(anonymous_30)","decl":{"start":{"line":256,"column":68},"end":{"line":256,"column":69}},"loc":{"start":{"line":257,"column":4},"end":{"line":260,"column":null}}},"31":{"name":"(anonymous_31)","decl":{"start":{"line":264,"column":67},"end":{"line":264,"column":68}},"loc":{"start":{"line":265,"column":4},"end":{"line":271,"column":null}}},"32":{"name":"(anonymous_32)","decl":{"start":{"line":275,"column":69},"end":{"line":275,"column":70}},"loc":{"start":{"line":276,"column":4},"end":{"line":279,"column":null}}},"33":{"name":"(anonymous_33)","decl":{"start":{"line":283,"column":71},"end":{"line":283,"column":72}},"loc":{"start":{"line":284,"column":4},"end":{"line":294,"column":null}}},"34":{"name":"(anonymous_34)","decl":{"start":{"line":298,"column":67},"end":{"line":298,"column":68}},"loc":{"start":{"line":299,"column":4},"end":{"line":302,"column":null}}},"35":{"name":"(anonymous_35)","decl":{"start":{"line":306,"column":74},"end":{"line":306,"column":75}},"loc":{"start":{"line":307,"column":4},"end":{"line":312,"column":null}}},"36":{"name":"(anonymous_36)","decl":{"start":{"line":316,"column":73},"end":{"line":316,"column":74}},"loc":{"start":{"line":317,"column":4},"end":{"line":322,"column":null}}},"37":{"name":"(anonymous_37)","decl":{"start":{"line":326,"column":73},"end":{"line":326,"column":74}},"loc":{"start":{"line":327,"column":4},"end":{"line":331,"column":null}}},"38":{"name":"(anonymous_38)","decl":{"start":{"line":335,"column":69},"end":{"line":335,"column":70}},"loc":{"start":{"line":336,"column":4},"end":{"line":338,"column":null}}},"39":{"name":"(anonymous_39)","decl":{"start":{"line":342,"column":66},"end":{"line":342,"column":67}},"loc":{"start":{"line":343,"column":4},"end":{"line":345,"column":null}}},"40":{"name":"(anonymous_40)","decl":{"start":{"line":351,"column":72},"end":{"line":351,"column":73}},"loc":{"start":{"line":352,"column":4},"end":{"line":357,"column":null}}},"41":{"name":"(anonymous_41)","decl":{"start":{"line":361,"column":69},"end":{"line":361,"column":70}},"loc":{"start":{"line":362,"column":4},"end":{"line":365,"column":null}}},"42":{"name":"(anonymous_42)","decl":{"start":{"line":369,"column":74},"end":{"line":369,"column":75}},"loc":{"start":{"line":370,"column":4},"end":{"line":372,"column":null}}},"43":{"name":"(anonymous_43)","decl":{"start":{"line":376,"column":66},"end":{"line":376,"column":67}},"loc":{"start":{"line":377,"column":4},"end":{"line":378,"column":null}}},"44":{"name":"(anonymous_44)","decl":{"start":{"line":382,"column":73},"end":{"line":382,"column":74}},"loc":{"start":{"line":383,"column":4},"end":{"line":403,"column":null}}},"45":{"name":"(anonymous_45)","decl":{"start":{"line":407,"column":68},"end":{"line":407,"column":69}},"loc":{"start":{"line":408,"column":4},"end":{"line":412,"column":null}}},"46":{"name":"(anonymous_46)","decl":{"start":{"line":416,"column":70},"end":{"line":416,"column":71}},"loc":{"start":{"line":417,"column":4},"end":{"line":426,"column":null}}},"47":{"name":"(anonymous_47)","decl":{"start":{"line":430,"column":70},"end":{"line":430,"column":71}},"loc":{"start":{"line":431,"column":4},"end":{"line":434,"column":null}}},"48":{"name":"(anonymous_48)","decl":{"start":{"line":438,"column":64},"end":{"line":438,"column":65}},"loc":{"start":{"line":439,"column":4},"end":{"line":442,"column":null}}},"49":{"name":"(anonymous_49)","decl":{"start":{"line":446,"column":67},"end":{"line":446,"column":68}},"loc":{"start":{"line":447,"column":4},"end":{"line":457,"column":null}}},"50":{"name":"(anonymous_50)","decl":{"start":{"line":461,"column":66},"end":{"line":461,"column":67}},"loc":{"start":{"line":462,"column":4},"end":{"line":464,"column":null}}},"51":{"name":"(anonymous_51)","decl":{"start":{"line":468,"column":70},"end":{"line":468,"column":71}},"loc":{"start":{"line":469,"column":4},"end":{"line":471,"column":null}}},"52":{"name":"(anonymous_52)","decl":{"start":{"line":475,"column":65},"end":{"line":475,"column":66}},"loc":{"start":{"line":476,"column":4},"end":{"line":478,"column":null}}},"53":{"name":"(anonymous_53)","decl":{"start":{"line":482,"column":71},"end":{"line":482,"column":72}},"loc":{"start":{"line":483,"column":4},"end":{"line":485,"column":null}}},"54":{"name":"(anonymous_54)","decl":{"start":{"line":489,"column":74},"end":{"line":489,"column":75}},"loc":{"start":{"line":490,"column":4},"end":{"line":496,"column":null}}}},"branchMap":{},"s":{"0":0,"1":0,"2":0,"3":0,"4":0,"5":0,"6":0,"7":0,"8":0,"9":0,"10":0,"11":0,"12":0,"13":0,"14":0,"15":0,"16":0,"17":0,"18":0,"19":0,"20":0,"21":0,"22":0,"23":0,"24":0,"25":0,"26":0,"27":0,"28":0,"29":0,"30":0,"31":0,"32":0,"33":0,"34":0,"35":0,"36":0,"37":0,"38":0,"39":0,"40":0,"41":0,"42":0,"43":0,"44":0,"45":0,"46":0,"47":0,"48":0,"49":0,"50":0,"51":0,"52":0,"53":0,"54":0,"55":0,"56":0,"57":0,"58":0,"59":0,"60":0,"61":0,"62":0,"63":0,"64":0,"65":0,"66":0,"67":0,"68":0,"69":0,"70":0,"71":0,"72":0,"73":0,"74":0,"75":0,"76":0,"77":0,"78":0,"79":0,"80":0,"81":0,"82":0,"83":0,"84":0,"85":0,"86":0,"87":0,"88":0,"89":0,"90":0,"91":0,"92":0,"93":0,"94":0,"95":0,"96":0,"97":0,"98":0,"99":0,"100":0,"101":0,"102":0,"103":0,"104":0,"105":0,"106":0,"107":0,"108":0,"109":0,"110":0,"111":0,"112":0,"113":0,"114":0,"115":0,"116":0,"117":0,"118":0,"119":0,"120":0,"121":0,"122":0,"123":0,"124":0,"125":0,"126":0,"127":0,"128":0,"129":0,"130":0,"131":0,"132":0,"133":0,"134":0,"135":0,"136":0,"137":0,"138":0,"139":0,"140":0,"141":0,"142":0,"143":0,"144":0,"145":0,"146":0,"147":0,"148":0,"149":0,"150":0,"151":0,"152":0,"153":0,"154":0,"155":0,"156":0,"157":0,"158":0,"159":0,"160":0,"161":0,"162":0,"163":0,"164":0,"165":0,"166":0},"f":{"0":0,"1":0,"2":0,"3":0,"4":0,"5":0,"6":0,"7":0,"8":0,"9":0,"10":0,"11":0,"12":0,"13":0,"14":0,"15":0,"16":0,"17":0,"18":0,"19":0,"20":0,"21":0,"22":0,"23":0,"24":0,"25":0,"26":0,"27":0,"28":0,"29":0,"30":0,"31":0,"32":0,"33":0,"34":0,"35":0,"36":0,"37":0,"38":0,"39":0,"40":0,"41":0,"42":0,"43":0,"44":0,"45":0,"46":0,"47":0,"48":0,"49":0,"50":0,"51":0,"52":0,"53":0,"54":0},"b":{}}
,"/home/amar/Developer/Biasbuster/src/data/badgesData.ts": {"path":"/home/amar/Developer/Biasbuster/src/data/badgesData.ts","statementMap":{"0":{"start":{"line":3,"column":0},"end":{"line":3,"column":null}},"1":{"start":{"line":13,"column":13},"end":{"line":56,"column":2}}},"fnMap":{},"branchMap":{},"s":{"0":0,"1":0},"f":{},"b":{}}
}
