TN:
SF:src\index.ts
FN:30,(anonymous_10)
FN:37,(anonymous_11)
FN:42,(anonymous_12)
FN:47,(anonymous_13)
FN:50,(anonymous_14)
FNF:5
FNH:0
FNDA:0,(anonymous_10)
FNDA:0,(anonymous_11)
FNDA:0,(anonymous_12)
FNDA:0,(anonymous_13)
FNDA:0,(anonymous_14)
DA:1,0
DA:2,0
DA:3,0
DA:4,0
DA:6,0
DA:8,0
DA:11,0
DA:12,0
DA:13,0
DA:16,0
DA:17,0
DA:18,0
DA:19,0
DA:20,0
DA:23,0
DA:24,0
DA:25,0
DA:26,0
DA:27,0
DA:30,0
DA:31,0
DA:33,0
DA:37,0
DA:38,0
DA:42,0
DA:43,0
DA:47,0
DA:48,0
DA:49,0
DA:50,0
DA:51,0
DA:52,0
DA:53,0
DA:55,0
DA:56,0
DA:60,0
LF:36
LH:0
BRF:0
BRH:0
end_of_record
TN:
SF:src\config\database.ts
FN:13,(anonymous_1)
FN:22,(anonymous_2)
FN:26,(anonymous_3)
FN:30,(anonymous_4)
FNF:4
FNH:0
FNDA:0,(anonymous_1)
FNDA:0,(anonymous_2)
FNDA:0,(anonymous_3)
FNDA:0,(anonymous_4)
DA:1,0
DA:4,0
DA:13,0
DA:14,0
DA:15,0
DA:17,0
DA:19,0
DA:22,0
DA:23,0
DA:26,0
DA:27,0
DA:30,0
DA:31,0
DA:32,0
DA:33,0
DA:37,0
DA:38,0
LF:17
LH:0
BRDA:15,0,0,0
BRDA:15,0,1,0
BRF:2
BRH:0
end_of_record
TN:
SF:src\controllers\authController.ts
FN:11,(anonymous_1)
FN:17,(anonymous_2)
FN:57,(anonymous_3)
FN:96,(anonymous_4)
FNF:4
FNH:0
FNDA:0,(anonymous_1)
FNDA:0,(anonymous_2)
FNDA:0,(anonymous_3)
FNDA:0,(anonymous_4)
DA:2,0
DA:3,0
DA:6,0
DA:8,0
DA:9,0
DA:11,0
DA:12,0
DA:17,0
DA:18,0
DA:19,0
DA:20,0
DA:21,0
DA:24,0
DA:27,0
DA:28,0
DA:29,0
DA:33,0
DA:40,0
DA:42,0
DA:53,0
DA:57,0
DA:58,0
DA:59,0
DA:60,0
DA:61,0
DA:64,0
DA:67,0
DA:68,0
DA:69,0
DA:73,0
DA:74,0
DA:75,0
DA:79,0
DA:81,0
DA:92,0
DA:96,0
DA:97,0
DA:98,0
DA:99,0
DA:100,0
DA:103,0
DA:113,0
LF:42
LH:0
BRDA:8,0,0,0
BRDA:8,0,1,0
BRDA:20,1,0,0
BRDA:28,2,0,0
BRDA:60,3,0,0
BRDA:68,4,0,0
BRDA:74,5,0,0
BRDA:98,6,0,0
BRDA:98,6,1,0
BRDA:98,7,0,0
BRDA:98,7,1,0
BRDA:99,8,0,0
BRF:12
BRH:0
end_of_record
TN:
SF:src\controllers\perspectivesController.ts
FN:5,(anonymous_0)
FN:38,(anonymous_1)
FNF:2
FNH:0
FNDA:0,(anonymous_0)
FNDA:0,(anonymous_1)
DA:3,0
DA:5,0
DA:6,0
DA:7,0
DA:8,0
DA:9,0
DA:16,0
DA:29,0
DA:34,0
DA:38,0
DA:39,0
DA:40,0
DA:41,0
DA:42,0
DA:49,0
DA:62,0
DA:67,0
LF:17
LH:0
BRDA:8,0,0,0
BRDA:41,1,0,0
BRF:2
BRH:0
end_of_record
TN:
SF:src\mcp\index.ts
FN:10,initializeMcpServer
FN:38,getTransportMode
FNF:2
FNH:0
FNDA:0,initializeMcpServer
FNDA:0,getTransportMode
DA:1,0
DA:2,0
DA:5,0
DA:10,0
DA:12,0
DA:13,0
DA:15,0
DA:18,0
DA:20,0
DA:21,0
DA:23,0
DA:24,0
DA:26,0
DA:27,0
DA:28,0
DA:30,0
DA:31,0
DA:40,0
DA:41,0
DA:42,0
DA:43,0
DA:46,0
DA:47,0
DA:48,0
DA:49,0
DA:52,0
DA:56,0
DA:57,0
LF:28
LH:0
BRDA:13,0,0,0
BRDA:13,0,1,0
BRDA:18,1,0,0
BRDA:18,1,1,0
BRDA:18,1,2,0
BRDA:18,1,3,0
BRDA:41,2,0,0
BRDA:42,3,0,0
BRDA:43,4,0,0
BRDA:46,5,0,0
BRDA:46,5,1,0
BRDA:46,6,0,0
BRDA:46,6,1,0
BRDA:47,7,0,0
BRDA:48,8,0,0
BRDA:49,9,0,0
BRDA:56,10,0,0
BRF:17
BRH:0
end_of_record
TN:
SF:src\mcp\mcpServer.ts
FN:15,(anonymous_1)
FN:20,(anonymous_2)
FN:52,(anonymous_3)
FN:62,(anonymous_4)
FN:76,(anonymous_5)
FN:89,startMcpHttpServer
FN:94,(anonymous_7)
FN:102,startMcpStdioTransport
FN:106,(anonymous_9)
FNF:9
FNH:0
FNDA:0,(anonymous_1)
FNDA:0,(anonymous_2)
FNDA:0,(anonymous_3)
FNDA:0,(anonymous_4)
FNDA:0,(anonymous_5)
FNDA:0,startMcpHttpServer
FNDA:0,(anonymous_7)
FNDA:0,startMcpStdioTransport
FNDA:0,(anonymous_9)
DA:1,0
DA:2,0
DA:5,0
DA:15,0
DA:16,0
DA:20,0
DA:21,0
DA:22,0
DA:24,0
DA:25,0
DA:26,0
DA:29,0
DA:32,0
DA:41,0
DA:43,0
DA:44,0
DA:52,0
DA:53,0
DA:54,0
DA:56,0
DA:57,0
DA:58,0
DA:61,0
DA:62,0
DA:65,0
DA:67,0
DA:68,0
DA:76,0
DA:77,0
DA:80,0
DA:82,0
DA:89,0
DA:90,0
DA:91,0
DA:92,0
DA:94,0
DA:95,0
DA:102,0
DA:103,0
DA:106,0
DA:107,0
DA:108,0
DA:109,0
DA:110,0
DA:111,0
DA:113,0
DA:119,0
DA:127,0
LF:48
LH:0
BRDA:24,0,0,0
BRDA:46,1,0,0
BRDA:46,1,1,0
BRDA:56,2,0,0
BRDA:70,3,0,0
BRDA:70,3,1,0
BRDA:109,4,0,0
BRDA:109,4,1,0
BRDA:109,5,0,0
BRDA:109,5,1,0
BRF:10
BRH:0
end_of_record
TN:
SF:src\mcp\tools.ts
FN:42,detectSentenceBias
FN:64,analyzeBias
FN:79,(anonymous_2)
FN:81,(anonymous_3)
FN:86,(anonymous_4)
FN:100,detectMainTopic
FN:106,generateBiasSummary
FN:111,(anonymous_7)
FN:117,generateTrustedSources
FN:126,analyzeBiasWithFeedback
FNF:10
FNH:0
FNDA:0,detectSentenceBias
FNDA:0,analyzeBias
FNDA:0,(anonymous_2)
FNDA:0,(anonymous_3)
FNDA:0,(anonymous_4)
FNDA:0,detectMainTopic
FNDA:0,generateBiasSummary
FNDA:0,(anonymous_7)
FNDA:0,generateTrustedSources
FNDA:0,analyzeBiasWithFeedback
DA:4,0
DA:45,0
DA:46,0
DA:48,0
DA:49,0
DA:50,0
DA:60,0
DA:64,0
DA:66,0
DA:69,0
DA:71,0
DA:72,0
DA:73,0
DA:74,0
DA:79,0
DA:80,0
DA:81,0
DA:85,0
DA:86,0
DA:89,0
DA:102,0
DA:107,0
DA:108,0
DA:111,0
DA:112,0
DA:119,0
DA:126,0
DA:132,0
LF:28
LH:0
BRDA:48,0,0,0
BRDA:66,1,0,0
BRDA:66,1,1,0
BRDA:73,2,0,0
BRDA:85,3,0,0
BRDA:85,3,1,0
BRDA:91,4,0,0
BRDA:91,4,1,0
BRDA:107,5,0,0
BRF:9
BRH:0
end_of_record
TN:
SF:src\middlewares\authMiddleware.ts
FN:16,(anonymous_1)
FN:48,(anonymous_2)
FN:60,(anonymous_3)
FNF:3
FNH:0
FNDA:0,(anonymous_1)
FNDA:0,(anonymous_2)
FNDA:0,(anonymous_3)
DA:2,0
DA:4,0
DA:6,0
DA:16,0
DA:17,0
DA:19,0
DA:20,0
DA:21,0
DA:22,0
DA:25,0
DA:28,0
DA:31,0
DA:32,0
DA:33,0
DA:34,0
DA:38,0
DA:42,0
DA:44,0
DA:48,0
DA:49,0
DA:50,0
DA:51,0
DA:52,0
DA:54,0
DA:56,0
DA:60,0
DA:61,0
DA:62,0
DA:63,0
DA:64,0
DA:66,0
DA:68,0
LF:32
LH:0
BRDA:6,0,0,0
BRDA:6,0,1,0
BRDA:20,1,0,0
BRDA:20,2,0,0
BRDA:20,2,1,0
BRDA:20,3,0,0
BRDA:20,3,1,0
BRDA:32,4,0,0
BRDA:50,5,0,0
BRDA:50,6,0,0
BRDA:50,6,1,0
BRDA:50,7,0,0
BRDA:50,7,1,0
BRDA:62,8,0,0
BRDA:62,9,0,0
BRDA:62,9,1,0
BRDA:62,10,0,0
BRDA:62,10,1,0
BRDA:62,11,0,0
BRDA:62,11,1,0
BRDA:62,12,0,0
BRDA:62,12,1,0
BRDA:62,13,0,0
BRDA:62,13,1,0
BRF:24
BRH:0
end_of_record
TN:
SF:src\models\Analysis.ts
FN:66,(anonymous_0)
FNF:1
FNH:0
FNDA:0,(anonymous_0)
DA:1,0
DA:26,0
DA:66,0
DA:67,0
DA:68,0
DA:71,0
DA:72,0
LF:7
LH:0
BRF:0
BRH:0
end_of_record
TN:
SF:src\models\User.ts
FN:53,(anonymous_1)
FN:66,(anonymous_2)
FNF:2
FNH:0
FNDA:0,(anonymous_1)
FNDA:0,(anonymous_2)
DA:1,0
DA:2,0
DA:24,0
DA:53,0
DA:54,0
DA:56,0
DA:57,0
DA:58,0
DA:59,0
DA:61,0
DA:66,0
DA:67,0
DA:68,0
DA:70,0
DA:74,0
DA:75,0
LF:16
LH:0
BRDA:54,0,0,0
BRF:1
BRH:0
end_of_record
TN:
SF:src\routes\analysisRoutes.ts
FN:9,(anonymous_1)
FNF:1
FNH:0
FNDA:0,(anonymous_1)
DA:1,0
DA:2,0
DA:3,0
DA:5,0
DA:6,0
DA:9,0
DA:14,0
DA:15,0
DA:16,0
DA:18,0
DA:22,0
DA:31,0
DA:42,0
DA:43,0
DA:45,0
LF:15
LH:0
BRDA:15,0,0,0
BRF:1
BRH:0
end_of_record
TN:
SF:src\routes\authRoutes.ts
FN:10,(anonymous_1)
FNF:1
FNH:0
FNDA:0,(anonymous_1)
DA:1,0
DA:2,0
DA:3,0
DA:5,0
DA:7,0
DA:10,0
DA:15,0
DA:16,0
DA:17,0
DA:19,0
DA:22,0
DA:31,0
DA:48,0
DA:49,0
DA:50,0
DA:52,0
LF:16
LH:0
BRDA:16,0,0,0
BRF:1
BRH:0
end_of_record
TN:
SF:src\routes\feedbackRoutes.ts
FN:9,(anonymous_1)
FNF:1
FNH:0
FNDA:0,(anonymous_1)
DA:1,0
DA:2,0
DA:3,0
DA:5,0
DA:6,0
DA:9,0
DA:14,0
DA:15,0
DA:16,0
DA:18,0
DA:22,0
DA:43,0
DA:44,0
DA:46,0
LF:14
LH:0
BRDA:15,0,0,0
BRF:1
BRH:0
end_of_record
TN:
SF:src\services\aiService.ts
FN:92,callAI
FN:123,selectBestModel
FN:135,(anonymous_3)
FN:159,(anonymous_4)
FN:200,(anonymous_5)
FN:203,(anonymous_6)
FN:212,enhancePrompt
FN:276,callGroqAI
FN:355,callAnthropicAI
FN:431,callOpenAI
FN:507,callGoogleAI
FN:521,callMockAI
FN:532,(anonymous_13)
FN:619,validateAndFormatResponse
FNF:14
FNH:0
FNDA:0,callAI
FNDA:0,selectBestModel
FNDA:0,(anonymous_3)
FNDA:0,(anonymous_4)
FNDA:0,(anonymous_5)
FNDA:0,(anonymous_6)
FNDA:0,enhancePrompt
FNDA:0,callGroqAI
FNDA:0,callAnthropicAI
FNDA:0,callOpenAI
FNDA:0,callGoogleAI
FNDA:0,callMockAI
FNDA:0,(anonymous_13)
FNDA:0,validateAndFormatResponse
DA:1,0
DA:2,0
DA:5,0
DA:47,0
DA:92,0
DA:103,0
DA:104,0
DA:106,0
DA:108,0
DA:110,0
DA:112,0
DA:114,0
DA:116,0
DA:134,0
DA:135,0
DA:136,0
DA:140,0
DA:141,0
DA:153,0
DA:154,0
DA:155,0
DA:156,0
DA:159,0
DA:160,0
DA:161,0
DA:162,0
DA:163,0
DA:167,0
DA:168,0
DA:171,0
DA:172,0
DA:173,0
DA:175,0
DA:179,0
DA:180,0
DA:181,0
DA:198,0
DA:200,0
DA:203,0
DA:206,0
DA:220,0
DA:223,0
DA:224,0
DA:236,0
DA:240,0
DA:241,0
DA:257,0
DA:261,0
DA:262,0
DA:267,0
DA:270,0
DA:286,0
DA:288,0
DA:289,0
DA:292,0
DA:293,0
DA:296,0
DA:299,0
DA:300,0
DA:301,0
DA:303,0
DA:322,0
DA:334,0
DA:337,0
DA:338,0
DA:339,0
DA:340,0
DA:342,0
DA:343,0
DA:347,0
DA:348,0
DA:365,0
DA:367,0
DA:368,0
DA:371,0
DA:372,0
DA:375,0
DA:378,0
DA:379,0
DA:380,0
DA:382,0
DA:384,0
DA:398,0
DA:411,0
DA:413,0
DA:414,0
DA:415,0
DA:416,0
DA:418,0
DA:419,0
DA:423,0
DA:424,0
DA:441,0
DA:443,0
DA:444,0
DA:447,0
DA:448,0
DA:451,0
DA:454,0
DA:455,0
DA:456,0
DA:458,0
DA:475,0
DA:487,0
DA:489,0
DA:490,0
DA:491,0
DA:492,0
DA:494,0
DA:495,0
DA:499,0
DA:500,0
DA:515,0
DA:529,0
DA:532,0
DA:536,0
DA:537,0
DA:538,0
DA:540,0
DA:541,0
DA:542,0
DA:543,0
DA:546,0
DA:548,0
DA:549,0
DA:562,0
DA:563,0
DA:575,0
DA:576,0
DA:584,0
DA:585,0
DA:600,0
DA:621,0
DA:631,0
DA:632,0
DA:640,0
DA:641,0
DA:650,0
DA:651,0
DA:654,0
LF:140
LH:0
BRDA:94,0,0,0
BRDA:106,1,0,0
BRDA:106,1,1,0
BRDA:106,1,2,0
BRDA:106,1,3,0
BRDA:106,1,4,0
BRDA:125,2,0,0
BRDA:134,3,0,0
BRDA:136,4,0,0
BRDA:140,5,0,0
BRDA:160,6,0,0
BRDA:160,7,0,0
BRDA:160,7,1,0
BRDA:161,8,0,0
BRDA:161,9,0,0
BRDA:161,9,1,0
BRDA:162,10,0,0
BRDA:162,11,0,0
BRDA:162,11,1,0
BRDA:163,12,0,0
BRDA:163,13,0,0
BRDA:163,13,1,0
BRDA:168,14,0,0
BRDA:171,15,0,0
BRDA:171,16,0,0
BRDA:171,16,1,0
BRDA:171,16,2,0
BRDA:173,17,0,0
BRDA:173,18,0,0
BRDA:173,18,1,0
BRDA:179,19,0,0
BRDA:198,20,0,0
BRDA:198,20,1,0
BRDA:214,21,0,0
BRDA:223,22,0,0
BRDA:240,23,0,0
BRDA:261,24,0,0
BRDA:261,25,0,0
BRDA:261,25,1,0
BRDA:279,26,0,0
BRDA:288,27,0,0
BRDA:301,28,0,0
BRDA:301,28,1,0
BRDA:316,29,0,0
BRDA:316,29,1,0
BRDA:347,30,0,0
BRDA:347,30,1,0
BRDA:347,31,0,0
BRDA:347,31,1,0
BRDA:347,32,0,0
BRDA:347,32,1,0
BRDA:358,33,0,0
BRDA:367,34,0,0
BRDA:380,35,0,0
BRDA:380,35,1,0
BRDA:393,36,0,0
BRDA:393,36,1,0
BRDA:423,37,0,0
BRDA:423,37,1,0
BRDA:423,38,0,0
BRDA:423,38,1,0
BRDA:423,39,0,0
BRDA:423,39,1,0
BRDA:434,40,0,0
BRDA:443,41,0,0
BRDA:456,42,0,0
BRDA:456,42,1,0
BRDA:471,43,0,0
BRDA:471,43,1,0
BRDA:499,44,0,0
BRDA:499,44,1,0
BRDA:499,45,0,0
BRDA:499,45,1,0
BRDA:499,46,0,0
BRDA:499,46,1,0
BRDA:509,47,0,0
BRDA:523,48,0,0
BRDA:532,49,0,0
BRDA:532,49,1,0
BRDA:541,50,0,0
BRDA:546,51,0,0
BRDA:546,52,0,0
BRDA:546,52,1,0
BRDA:548,53,0,0
BRDA:562,54,0,0
BRDA:575,55,0,0
BRDA:584,56,0,0
BRDA:602,57,0,0
BRDA:602,57,1,0
BRDA:612,58,0,0
BRDA:612,58,1,0
BRDA:622,59,0,0
BRDA:622,59,1,0
BRDA:623,60,0,0
BRDA:623,60,1,0
BRDA:624,61,0,0
BRDA:624,61,1,0
BRDA:625,62,0,0
BRDA:625,62,1,0
BRDA:626,63,0,0
BRDA:626,63,1,0
BRDA:627,64,0,0
BRDA:627,64,1,0
BRDA:631,65,0,0
BRDA:633,66,0,0
BRDA:633,66,1,0
BRDA:634,67,0,0
BRDA:634,67,1,0
BRDA:635,68,0,0
BRDA:635,68,1,0
BRDA:640,69,0,0
BRDA:642,70,0,0
BRDA:642,70,1,0
BRDA:643,71,0,0
BRDA:643,71,1,0
BRDA:645,72,0,0
BRDA:645,72,1,0
BRDA:650,73,0,0
BRF:118
BRH:0
end_of_record
TN:
SF:src\services\biasAnalysisService.ts
FN:54,(anonymous_9)
FN:62,(anonymous_10)
FN:133,(anonymous_11)
FN:153,(anonymous_12)
FN:161,(anonymous_13)
FN:173,(anonymous_14)
FN:182,(anonymous_15)
FN:191,(anonymous_16)
FN:194,(anonymous_17)
FN:209,(anonymous_18)
FN:214,(anonymous_19)
FN:261,(anonymous_20)
FN:280,(anonymous_21)
FN:281,(anonymous_22)
FN:292,(anonymous_23)
FN:307,(anonymous_24)
FN:325,(anonymous_25)
FN:335,(anonymous_26)
FN:337,(anonymous_27)
FN:340,(anonymous_28)
FN:380,(anonymous_29)
FN:387,(anonymous_30)
FN:395,(anonymous_31)
FN:397,(anonymous_32)
FN:423,(anonymous_33)
FN:446,(anonymous_34)
FN:452,(anonymous_35)
FN:458,(anonymous_36)
FNF:28
FNH:0
FNDA:0,(anonymous_9)
FNDA:0,(anonymous_10)
FNDA:0,(anonymous_11)
FNDA:0,(anonymous_12)
FNDA:0,(anonymous_13)
FNDA:0,(anonymous_14)
FNDA:0,(anonymous_15)
FNDA:0,(anonymous_16)
FNDA:0,(anonymous_17)
FNDA:0,(anonymous_18)
FNDA:0,(anonymous_19)
FNDA:0,(anonymous_20)
FNDA:0,(anonymous_21)
FNDA:0,(anonymous_22)
FNDA:0,(anonymous_23)
FNDA:0,(anonymous_24)
FNDA:0,(anonymous_25)
FNDA:0,(anonymous_26)
FNDA:0,(anonymous_27)
FNDA:0,(anonymous_28)
FNDA:0,(anonymous_29)
FNDA:0,(anonymous_30)
FNDA:0,(anonymous_31)
FNDA:0,(anonymous_32)
FNDA:0,(anonymous_33)
FNDA:0,(anonymous_34)
FNDA:0,(anonymous_35)
FNDA:0,(anonymous_36)
DA:5,0
DA:8,0
DA:43,0
DA:44,0
DA:55,0
DA:56,0
DA:64,0
DA:72,0
DA:81,0
DA:89,0
DA:98,0
DA:107,0
DA:116,0
DA:140,0
DA:154,0
DA:167,0
DA:174,0
DA:175,0
DA:183,0
DA:192,0
DA:194,0
DA:203,0
DA:206,0
DA:209,0
DA:211,0
DA:214,0
DA:215,0
DA:217,0
DA:220,0
DA:233,0
DA:236,0
DA:239,0
DA:241,0
DA:251,0
DA:252,0
DA:263,0
DA:277,0
DA:278,0
DA:280,0
DA:281,0
DA:282,0
DA:283,0
DA:284,0
DA:289,0
DA:290,0
DA:292,0
DA:293,0
DA:294,0
DA:295,0
DA:299,0
DA:308,0
DA:316,0
DA:329,0
DA:330,0
DA:334,0
DA:335,0
DA:337,0
DA:340,0
DA:341,0
DA:344,0
DA:345,0
DA:346,0
DA:347,0
DA:348,0
DA:349,0
DA:350,0
DA:354,0
DA:356,0
DA:357,0
DA:358,0
DA:359,0
DA:361,0
DA:364,0
DA:366,0
DA:367,0
DA:370,0
DA:386,0
DA:387,0
DA:390,0
DA:391,0
DA:394,0
DA:395,0
DA:398,0
DA:401,0
DA:404,0
DA:426,0
DA:431,0
DA:437,0
DA:438,0
DA:439,0
DA:441,0
DA:442,0
DA:446,0
DA:447,0
DA:449,0
DA:450,0
DA:452,0
DA:453,0
DA:454,0
DA:455,0
DA:458,0
DA:459,0
DA:460,0
DA:461,0
DA:465,0
DA:466,0
DA:472,0
LF:107
LH:0
BRDA:215,0,0,0
BRDA:217,1,0,0
BRDA:217,1,1,0
BRDA:243,2,0,0
BRDA:243,2,1,0
BRDA:284,3,0,0
BRDA:284,3,1,0
BRDA:293,4,0,0
BRDA:316,5,0,0
BRDA:316,5,1,0
BRDA:329,6,0,0
BRDA:345,7,0,0
BRDA:345,7,1,0
BRDA:345,8,0,0
BRDA:345,8,1,0
BRDA:347,9,0,0
BRDA:347,9,1,0
BRDA:349,10,0,0
BRDA:356,11,0,0
BRDA:356,11,1,0
BRDA:358,12,0,0
BRDA:358,12,1,0
BRDA:366,13,0,0
BRDA:398,14,0,0
BRDA:398,14,1,0
BRDA:455,15,0,0
BRDA:461,16,0,0
BRDA:465,17,0,0
BRDA:465,18,0,0
BRDA:465,18,1,0
BRF:30
BRH:0
end_of_record
TN:
SF:src\services\perspectivesService.ts
FN:10,(anonymous_0)
FN:14,(anonymous_1)
FN:50,(anonymous_2)
FNF:3
FNH:0
FNDA:0,(anonymous_0)
FNDA:0,(anonymous_1)
FNDA:0,(anonymous_2)
DA:10,0
DA:11,0
DA:14,0
DA:17,0
DA:49,0
DA:50,0
LF:6
LH:0
BRF:0
BRH:0
end_of_record
TN:
SF:src\tools\analyzeBias.ts
FN:3,analyzeBias
FNF:1
FNH:0
FNDA:0,analyzeBias
DA:3,0
DA:5,0
LF:2
LH:0
BRF:0
BRH:0
end_of_record
